ARM GAS  C:\Users\Aasman\AppData\Local\Temp\ccI46ymJ.s 			page 1


   1              		.cpu cortex-m4
   2              		.eabi_attribute 27, 1
   3              		.eabi_attribute 28, 1
   4              		.eabi_attribute 20, 1
   5              		.eabi_attribute 21, 1
   6              		.eabi_attribute 23, 3
   7              		.eabi_attribute 24, 1
   8              		.eabi_attribute 25, 1
   9              		.eabi_attribute 26, 1
  10              		.eabi_attribute 30, 1
  11              		.eabi_attribute 34, 1
  12              		.eabi_attribute 18, 4
  13              		.file	"encoder.cpp"
  14              		.text
  15              	.Ltext0:
  16              		.cfi_sections	.debug_frame
  17              		.section	.text.__tcf_0,"ax",%progbits
  18              		.align	1
  19              		.syntax unified
  20              		.thumb
  21              		.thumb_func
  22              		.fpu fpv4-sp-d16
  24              	__tcf_0:
  25              	.LFB374:
  26              		.file 1 "Core/Src/encoder.cpp"
   1:Core/Src/encoder.cpp **** #include "encoder.h"
   2:Core/Src/encoder.cpp **** #include "stm32f407xx.h"
   3:Core/Src/encoder.cpp **** #include "math.h"
   4:Core/Src/encoder.cpp **** 
   5:Core/Src/encoder.cpp **** static encoder encoder_config[4];
  27              		.loc 1 5 0
  28              		.cfi_startproc
  29              		@ args = 0, pretend = 0, frame = 0
  30              		@ frame_needed = 0, uses_anonymous_args = 0
  31              		@ link register save eliminated.
  32              		.loc 1 5 0
  33 0000 034B     		ldr	r3, .L4
  34              	.L3:
  35              		.loc 1 5 0 is_stmt 0 discriminator 5
  36 0002 044A     		ldr	r2, .L4+4
  37 0004 9342     		cmp	r3, r2
  38 0006 01D0     		beq	.L1
  39              		.loc 1 5 0 discriminator 4
  40 0008 0C3B     		subs	r3, r3, #12
  41              	.LVL0:
  42 000a FAE7     		b	.L3
  43              	.LVL1:
  44              	.L1:
  45              		.loc 1 5 0
  46 000c 7047     		bx	lr
  47              	.L5:
  48 000e 00BF     		.align	2
  49              	.L4:
  50 0010 30000000 		.word	.LANCHOR0+48
  51 0014 00000000 		.word	.LANCHOR0
  52              		.cfi_endproc
  53              	.LFE374:
ARM GAS  C:\Users\Aasman\AppData\Local\Temp\ccI46ymJ.s 			page 2


  55              		.section	.text._Z41__static_initialization_and_destruction_0ii,"ax",%progbits
  56              		.align	1
  57              		.syntax unified
  58              		.thumb
  59              		.thumb_func
  60              		.fpu fpv4-sp-d16
  62              	_Z41__static_initialization_and_destruction_0ii:
  63              	.LFB373:
   6:Core/Src/encoder.cpp **** 
   7:Core/Src/encoder.cpp **** void encoder_init(void)
   8:Core/Src/encoder.cpp **** {
   9:Core/Src/encoder.cpp ****     encoder_config[0].set_config(&htim1);
  10:Core/Src/encoder.cpp ****     encoder_config[1].set_config(&htim2);
  11:Core/Src/encoder.cpp ****     encoder_config[2].set_config(&htim3);
  12:Core/Src/encoder.cpp ****     encoder_config[3].set_config(&htim4);
  13:Core/Src/encoder.cpp ****     HAL_TIM_Encoder_Start(encoder_config[0].get_handle(), TIM_CHANNEL_ALL);
  14:Core/Src/encoder.cpp ****     HAL_TIM_Encoder_Start(encoder_config[1].get_handle(), TIM_CHANNEL_ALL);
  15:Core/Src/encoder.cpp ****     HAL_TIM_Encoder_Start(encoder_config[2].get_handle(), TIM_CHANNEL_ALL);
  16:Core/Src/encoder.cpp ****     HAL_TIM_Encoder_Start(encoder_config[3].get_handle(), TIM_CHANNEL_ALL);
  17:Core/Src/encoder.cpp **** }
  18:Core/Src/encoder.cpp **** 
  19:Core/Src/encoder.cpp **** void encoder::calculate(void)
  20:Core/Src/encoder.cpp **** {
  21:Core/Src/encoder.cpp ****     int16_t c = (int16_t)henc->Instance->CNT;
  22:Core/Src/encoder.cpp ****     float factor = float(PPR * SAMPLE_TIME);
  23:Core/Src/encoder.cpp ****     printf("%d, %f\n", c, factor);
  24:Core/Src/encoder.cpp ****     omega = -((2 * PI * c * 1000.0) / factor);
  25:Core/Src/encoder.cpp ****     count += c;
  26:Core/Src/encoder.cpp ****     henc->Instance->CNT = 0;
  27:Core/Src/encoder.cpp **** }
  28:Core/Src/encoder.cpp **** 
  29:Core/Src/encoder.cpp **** void calculate_data(int i)
  30:Core/Src/encoder.cpp **** {
  31:Core/Src/encoder.cpp ****     encoder_config[i].calculate();
  32:Core/Src/encoder.cpp **** }
  33:Core/Src/encoder.cpp **** 
  34:Core/Src/encoder.cpp **** float get_data(int i)
  35:Core/Src/encoder.cpp **** {
  36:Core/Src/encoder.cpp ****     // printf("\nget_omega=%f\n", encoder_config[i].get_omega());
  37:Core/Src/encoder.cpp ****     return encoder_config[i].get_omega();
  38:Core/Src/encoder.cpp **** }
  39:Core/Src/encoder.cpp **** 
  40:Core/Src/encoder.cpp **** int16_t get_cnt(int i)
  41:Core/Src/encoder.cpp **** {
  42:Core/Src/encoder.cpp ****     return encoder_config[i].get_count();
  43:Core/Src/encoder.cpp **** }
  64              		.loc 1 43 0 is_stmt 1
  65              		.cfi_startproc
  66              		@ args = 0, pretend = 0, frame = 0
  67              		@ frame_needed = 0, uses_anonymous_args = 0
  68              	.LVL2:
  69 0000 0128     		cmp	r0, #1
  70 0002 00D0     		beq	.L14
  71 0004 7047     		bx	lr
  72              	.L14:
  73              		.loc 1 43 0 is_stmt 0 discriminator 1
  74 0006 08B5     		push	{r3, lr}
ARM GAS  C:\Users\Aasman\AppData\Local\Temp\ccI46ymJ.s 			page 3


  75              	.LCFI0:
  76              		.cfi_def_cfa_offset 8
  77              		.cfi_offset 3, -8
  78              		.cfi_offset 14, -4
  79              		.loc 1 43 0 is_stmt 1 discriminator 1
  80 0008 4FF6FF73 		movw	r3, #65535
  81 000c 9942     		cmp	r1, r3
  82 000e 00D0     		beq	.L15
  83              	.LVL3:
  84              	.L6:
  85              		.loc 1 43 0 is_stmt 0
  86 0010 08BD     		pop	{r3, pc}
  87              	.LVL4:
  88              	.L15:
   5:Core/Src/encoder.cpp **** 
  89              		.loc 1 5 0 is_stmt 1
  90 0012 0322     		movs	r2, #3
  91 0014 074B     		ldr	r3, .L16
  92              	.LVL5:
  93              	.L9:
   5:Core/Src/encoder.cpp **** 
  94              		.loc 1 5 0 is_stmt 0 discriminator 4
  95 0016 002A     		cmp	r2, #0
  96 0018 06DB     		blt	.L8
  97              	.LVL6:
  98              	.LBB28:
  99              	.LBB29:
 100              		.file 2 "Core/Inc/encoder.h"
   1:Core/Inc/encoder.h **** #ifndef _ENCODER_H_
   2:Core/Inc/encoder.h **** #define _ENCODER_H_
   3:Core/Inc/encoder.h **** #include "stm32f4xx_hal.h"
   4:Core/Inc/encoder.h **** #include "tim.h"
   5:Core/Inc/encoder.h **** #include "stm32f4xx_hal_gpio.h"
   6:Core/Inc/encoder.h **** 
   7:Core/Inc/encoder.h **** #define PPR (2 * 249.6)
   8:Core/Inc/encoder.h **** #define PI (3.1415)
   9:Core/Inc/encoder.h **** #define SAMPLE_TIME (10)
  10:Core/Inc/encoder.h **** 
  11:Core/Inc/encoder.h **** class encoder
  12:Core/Inc/encoder.h **** {
  13:Core/Inc/encoder.h **** public:
  14:Core/Inc/encoder.h ****     encoder() {}
 101              		.loc 2 14 0 is_stmt 1
 102 001a 0021     		movs	r1, #0
 103 001c 5960     		str	r1, [r3, #4]	@ float
 104 001e 0021     		movs	r1, #0
 105 0020 1981     		strh	r1, [r3, #8]	@ movhi
 106              	.LVL7:
 107              	.LBE29:
 108              	.LBE28:
   5:Core/Src/encoder.cpp **** 
 109              		.loc 1 5 0
 110 0022 0C33     		adds	r3, r3, #12
 111 0024 013A     		subs	r2, r2, #1
 112 0026 F6E7     		b	.L9
 113              	.L8:
   5:Core/Src/encoder.cpp **** 
ARM GAS  C:\Users\Aasman\AppData\Local\Temp\ccI46ymJ.s 			page 4


 114              		.loc 1 5 0 is_stmt 0 discriminator 2
 115 0028 034A     		ldr	r2, .L16+4
 116 002a 0449     		ldr	r1, .L16+8
 117 002c 0020     		movs	r0, #0
 118              	.LVL8:
 119 002e FFF7FEFF 		bl	__aeabi_atexit
 120              	.LVL9:
 121              		.loc 1 43 0 is_stmt 1 discriminator 2
 122 0032 EDE7     		b	.L6
 123              	.L17:
 124              		.align	2
 125              	.L16:
 126 0034 00000000 		.word	.LANCHOR0
 127 0038 00000000 		.word	__dso_handle
 128 003c 00000000 		.word	__tcf_0
 129              		.cfi_endproc
 130              	.LFE373:
 132              		.section	.text._Z12encoder_initv,"ax",%progbits
 133              		.align	1
 134              		.global	_Z12encoder_initv
 135              		.syntax unified
 136              		.thumb
 137              		.thumb_func
 138              		.fpu fpv4-sp-d16
 140              	_Z12encoder_initv:
 141              	.LFB368:
   8:Core/Src/encoder.cpp ****     encoder_config[0].set_config(&htim1);
 142              		.loc 1 8 0
 143              		.cfi_startproc
 144              		@ args = 0, pretend = 0, frame = 0
 145              		@ frame_needed = 0, uses_anonymous_args = 0
 146 0000 10B5     		push	{r4, lr}
 147              	.LCFI1:
 148              		.cfi_def_cfa_offset 8
 149              		.cfi_offset 4, -8
 150              		.cfi_offset 14, -4
 151              	.LVL10:
 152              	.LBB30:
 153              	.LBB31:
  15:Core/Inc/encoder.h ****     encoder(TIM_HandleTypeDef *e) : henc(e) {}
  16:Core/Inc/encoder.h ****     encoder(encoder &&) = default;
  17:Core/Inc/encoder.h ****     encoder(const encoder &) = default;
  18:Core/Inc/encoder.h ****     encoder &operator=(encoder &&) = default;
  19:Core/Inc/encoder.h ****     encoder &operator=(const encoder &) = default;
  20:Core/Inc/encoder.h ****     ~encoder() {}
  21:Core/Inc/encoder.h **** 
  22:Core/Inc/encoder.h ****     void set_config(TIM_HandleTypeDef *e) { henc = e; }
 154              		.loc 2 22 0
 155 0002 0C4C     		ldr	r4, .L20
 156 0004 0C48     		ldr	r0, .L20+4
 157 0006 2060     		str	r0, [r4]
 158              	.LVL11:
 159              	.LBE31:
 160              	.LBE30:
 161              	.LBB32:
 162              	.LBB33:
 163 0008 0C4B     		ldr	r3, .L20+8
ARM GAS  C:\Users\Aasman\AppData\Local\Temp\ccI46ymJ.s 			page 5


 164 000a E360     		str	r3, [r4, #12]
 165              	.LVL12:
 166              	.LBE33:
 167              	.LBE32:
 168              	.LBB34:
 169              	.LBB35:
 170 000c 0C4B     		ldr	r3, .L20+12
 171 000e A361     		str	r3, [r4, #24]
 172              	.LVL13:
 173              	.LBE35:
 174              	.LBE34:
 175              	.LBB36:
 176              	.LBB37:
 177 0010 0C4B     		ldr	r3, .L20+16
 178 0012 6362     		str	r3, [r4, #36]
 179              	.LVL14:
 180              	.LBE37:
 181              	.LBE36:
  13:Core/Src/encoder.cpp ****     HAL_TIM_Encoder_Start(encoder_config[1].get_handle(), TIM_CHANNEL_ALL);
 182              		.loc 1 13 0
 183 0014 3C21     		movs	r1, #60
 184 0016 FFF7FEFF 		bl	HAL_TIM_Encoder_Start
 185              	.LVL15:
  14:Core/Src/encoder.cpp ****     HAL_TIM_Encoder_Start(encoder_config[2].get_handle(), TIM_CHANNEL_ALL);
 186              		.loc 1 14 0
 187 001a 3C21     		movs	r1, #60
 188 001c E068     		ldr	r0, [r4, #12]
 189 001e FFF7FEFF 		bl	HAL_TIM_Encoder_Start
 190              	.LVL16:
  15:Core/Src/encoder.cpp ****     HAL_TIM_Encoder_Start(encoder_config[3].get_handle(), TIM_CHANNEL_ALL);
 191              		.loc 1 15 0
 192 0022 3C21     		movs	r1, #60
 193 0024 A069     		ldr	r0, [r4, #24]
 194 0026 FFF7FEFF 		bl	HAL_TIM_Encoder_Start
 195              	.LVL17:
  16:Core/Src/encoder.cpp **** }
 196              		.loc 1 16 0
 197 002a 3C21     		movs	r1, #60
 198 002c 606A     		ldr	r0, [r4, #36]
 199 002e FFF7FEFF 		bl	HAL_TIM_Encoder_Start
 200              	.LVL18:
  17:Core/Src/encoder.cpp **** 
 201              		.loc 1 17 0
 202 0032 10BD     		pop	{r4, pc}
 203              	.L21:
 204              		.align	2
 205              	.L20:
 206 0034 00000000 		.word	.LANCHOR0
 207 0038 00000000 		.word	htim1
 208 003c 00000000 		.word	htim2
 209 0040 00000000 		.word	htim3
 210 0044 00000000 		.word	htim4
 211              		.cfi_endproc
 212              	.LFE368:
 214              		.global	__aeabi_i2d
 215              		.global	__aeabi_dmul
 216              		.global	__aeabi_ddiv
ARM GAS  C:\Users\Aasman\AppData\Local\Temp\ccI46ymJ.s 			page 6


 217              		.global	__aeabi_d2f
 218              		.section	.text._ZN7encoder9calculateEv,"ax",%progbits
 219              		.align	1
 220              		.global	_ZN7encoder9calculateEv
 221              		.syntax unified
 222              		.thumb
 223              		.thumb_func
 224              		.fpu fpv4-sp-d16
 226              	_ZN7encoder9calculateEv:
 227              	.LFB369:
  20:Core/Src/encoder.cpp ****     int16_t c = (int16_t)henc->Instance->CNT;
 228              		.loc 1 20 0
 229              		.cfi_startproc
 230              		@ args = 0, pretend = 0, frame = 0
 231              		@ frame_needed = 0, uses_anonymous_args = 0
 232              	.LVL19:
 233 0000 2DE9F041 		push	{r4, r5, r6, r7, r8, lr}
 234              	.LCFI2:
 235              		.cfi_def_cfa_offset 24
 236              		.cfi_offset 4, -24
 237              		.cfi_offset 5, -20
 238              		.cfi_offset 6, -16
 239              		.cfi_offset 7, -12
 240              		.cfi_offset 8, -8
 241              		.cfi_offset 14, -4
 242 0004 0446     		mov	r4, r0
  21:Core/Src/encoder.cpp ****     float factor = float(PPR * SAMPLE_TIME);
 243              		.loc 1 21 0
 244 0006 0368     		ldr	r3, [r0]
 245 0008 1B68     		ldr	r3, [r3]
 246 000a 5D6A     		ldr	r5, [r3, #36]
 247 000c 0FFA85F8 		sxth	r8, r5
 248              	.LVL20:
  23:Core/Src/encoder.cpp ****     omega = -((2 * PI * c * 1000.0) / factor);
 249              		.loc 1 23 0
 250 0010 0026     		movs	r6, #0
 251 0012 154F     		ldr	r7, .L24+8
 252 0014 3246     		mov	r2, r6
 253 0016 3B46     		mov	r3, r7
 254 0018 4146     		mov	r1, r8
 255 001a 1448     		ldr	r0, .L24+12
 256              	.LVL21:
 257 001c FFF7FEFF 		bl	printf
 258              	.LVL22:
  24:Core/Src/encoder.cpp ****     count += c;
 259              		.loc 1 24 0
 260 0020 4046     		mov	r0, r8
 261 0022 FFF7FEFF 		bl	__aeabi_i2d
 262              	.LVL23:
 263 0026 0EA3     		adr	r3, .L24
 264 0028 D3E90023 		ldrd	r2, [r3]
 265 002c FFF7FEFF 		bl	__aeabi_dmul
 266              	.LVL24:
 267 0030 0022     		movs	r2, #0
 268 0032 0F4B     		ldr	r3, .L24+16
 269 0034 FFF7FEFF 		bl	__aeabi_dmul
 270              	.LVL25:
ARM GAS  C:\Users\Aasman\AppData\Local\Temp\ccI46ymJ.s 			page 7


 271 0038 3246     		mov	r2, r6
 272 003a 3B46     		mov	r3, r7
 273 003c FFF7FEFF 		bl	__aeabi_ddiv
 274              	.LVL26:
 275 0040 FFF7FEFF 		bl	__aeabi_d2f
 276              	.LVL27:
 277 0044 80F00040 		eor	r0, r0, #-2147483648
 278 0048 6060     		str	r0, [r4, #4]	@ float
  25:Core/Src/encoder.cpp ****     henc->Instance->CNT = 0;
 279              		.loc 1 25 0
 280 004a 2389     		ldrh	r3, [r4, #8]
 281 004c 1D44     		add	r5, r5, r3
 282 004e 2581     		strh	r5, [r4, #8]	@ movhi
  26:Core/Src/encoder.cpp **** }
 283              		.loc 1 26 0
 284 0050 2368     		ldr	r3, [r4]
 285 0052 1B68     		ldr	r3, [r3]
 286 0054 0022     		movs	r2, #0
 287 0056 5A62     		str	r2, [r3, #36]
  27:Core/Src/encoder.cpp **** 
 288              		.loc 1 27 0
 289 0058 BDE8F081 		pop	{r4, r5, r6, r7, r8, pc}
 290              	.LVL28:
 291              	.L25:
 292 005c AFF30080 		.align	3
 293              	.L24:
 294 0060 6F1283C0 		.word	-1065151889
 295 0064 CA211940 		.word	1075388874
 296 0068 0080B340 		.word	1085505536
 297 006c 00000000 		.word	.LC0
 298 0070 00408F40 		.word	1083129856
 299              		.cfi_endproc
 300              	.LFE369:
 302              		.section	.text._Z14calculate_datai,"ax",%progbits
 303              		.align	1
 304              		.global	_Z14calculate_datai
 305              		.syntax unified
 306              		.thumb
 307              		.thumb_func
 308              		.fpu fpv4-sp-d16
 310              	_Z14calculate_datai:
 311              	.LFB370:
  30:Core/Src/encoder.cpp ****     encoder_config[i].calculate();
 312              		.loc 1 30 0
 313              		.cfi_startproc
 314              		@ args = 0, pretend = 0, frame = 0
 315              		@ frame_needed = 0, uses_anonymous_args = 0
 316              	.LVL29:
 317 0000 08B5     		push	{r3, lr}
 318              	.LCFI3:
 319              		.cfi_def_cfa_offset 8
 320              		.cfi_offset 3, -8
 321              		.cfi_offset 14, -4
  31:Core/Src/encoder.cpp **** }
 322              		.loc 1 31 0
 323 0002 00EB4000 		add	r0, r0, r0, lsl #1
 324              	.LVL30:
ARM GAS  C:\Users\Aasman\AppData\Local\Temp\ccI46ymJ.s 			page 8


 325 0006 8300     		lsls	r3, r0, #2
 326 0008 0248     		ldr	r0, .L28
 327 000a 1844     		add	r0, r0, r3
 328 000c FFF7FEFF 		bl	_ZN7encoder9calculateEv
 329              	.LVL31:
  32:Core/Src/encoder.cpp **** 
 330              		.loc 1 32 0
 331 0010 08BD     		pop	{r3, pc}
 332              	.L29:
 333 0012 00BF     		.align	2
 334              	.L28:
 335 0014 00000000 		.word	.LANCHOR0
 336              		.cfi_endproc
 337              	.LFE370:
 339              		.section	.text._Z8get_datai,"ax",%progbits
 340              		.align	1
 341              		.global	_Z8get_datai
 342              		.syntax unified
 343              		.thumb
 344              		.thumb_func
 345              		.fpu fpv4-sp-d16
 347              	_Z8get_datai:
 348              	.LFB371:
  35:Core/Src/encoder.cpp ****     // printf("\nget_omega=%f\n", encoder_config[i].get_omega());
 349              		.loc 1 35 0
 350              		.cfi_startproc
 351              		@ args = 0, pretend = 0, frame = 0
 352              		@ frame_needed = 0, uses_anonymous_args = 0
 353              	.LVL32:
 354 0000 70B5     		push	{r4, r5, r6, lr}
 355              	.LCFI4:
 356              		.cfi_def_cfa_offset 16
 357              		.cfi_offset 4, -16
 358              		.cfi_offset 5, -12
 359              		.cfi_offset 6, -8
 360              		.cfi_offset 14, -4
 361 0002 0646     		mov	r6, r0
  37:Core/Src/encoder.cpp **** }
 362              		.loc 1 37 0
 363 0004 064D     		ldr	r5, .L32
 364 0006 4400     		lsls	r4, r0, #1
 365 0008 2318     		adds	r3, r4, r0
 366 000a 9800     		lsls	r0, r3, #2
 367              	.LVL33:
 368              	.LBB38:
 369              	.LBB39:
  23:Core/Inc/encoder.h ****     void calculate(void);
  24:Core/Inc/encoder.h ****     float get_omega(void)
  25:Core/Inc/encoder.h ****     {
  26:Core/Inc/encoder.h ****         this->calculate();
 370              		.loc 2 26 0
 371 000c 2844     		add	r0, r0, r5
 372              	.LVL34:
 373 000e FFF7FEFF 		bl	_ZN7encoder9calculateEv
 374              	.LVL35:
  27:Core/Inc/encoder.h ****         // printf("%f\t", omega);
  28:Core/Inc/encoder.h ****         return omega;
ARM GAS  C:\Users\Aasman\AppData\Local\Temp\ccI46ymJ.s 			page 9


 375              		.loc 2 28 0
 376 0012 3444     		add	r4, r4, r6
 377              	.LVL36:
 378 0014 A300     		lsls	r3, r4, #2
 379              	.LVL37:
 380 0016 1D44     		add	r5, r5, r3
 381              	.LVL38:
 382              	.LBE39:
 383              	.LBE38:
  38:Core/Src/encoder.cpp **** 
 384              		.loc 1 38 0
 385 0018 95ED010A 		vldr.32	s0, [r5, #4]
 386 001c 70BD     		pop	{r4, r5, r6, pc}
 387              	.LVL39:
 388              	.L33:
 389 001e 00BF     		.align	2
 390              	.L32:
 391 0020 00000000 		.word	.LANCHOR0
 392              		.cfi_endproc
 393              	.LFE371:
 395              		.section	.text._Z7get_cnti,"ax",%progbits
 396              		.align	1
 397              		.global	_Z7get_cnti
 398              		.syntax unified
 399              		.thumb
 400              		.thumb_func
 401              		.fpu fpv4-sp-d16
 403              	_Z7get_cnti:
 404              	.LFB372:
  41:Core/Src/encoder.cpp ****     return encoder_config[i].get_count();
 405              		.loc 1 41 0
 406              		.cfi_startproc
 407              		@ args = 0, pretend = 0, frame = 0
 408              		@ frame_needed = 0, uses_anonymous_args = 0
 409              	.LVL40:
 410 0000 70B5     		push	{r4, r5, r6, lr}
 411              	.LCFI5:
 412              		.cfi_def_cfa_offset 16
 413              		.cfi_offset 4, -16
 414              		.cfi_offset 5, -12
 415              		.cfi_offset 6, -8
 416              		.cfi_offset 14, -4
 417 0002 0646     		mov	r6, r0
 418              	.LVL41:
 419              	.LBB40:
 420              	.LBB41:
  29:Core/Inc/encoder.h ****     }
  30:Core/Inc/encoder.h ****     float get_count(void)
  31:Core/Inc/encoder.h ****     {
  32:Core/Inc/encoder.h ****         printf("\ncount: %d", count);
 421              		.loc 2 32 0
 422 0004 074D     		ldr	r5, .L36
 423 0006 4400     		lsls	r4, r0, #1
 424 0008 2218     		adds	r2, r4, r0
 425 000a 9300     		lsls	r3, r2, #2
 426 000c 2B44     		add	r3, r3, r5
 427 000e B3F90810 		ldrsh	r1, [r3, #8]
ARM GAS  C:\Users\Aasman\AppData\Local\Temp\ccI46ymJ.s 			page 10


 428 0012 0548     		ldr	r0, .L36+4
 429              	.LVL42:
 430 0014 FFF7FEFF 		bl	printf
 431              	.LVL43:
  33:Core/Inc/encoder.h ****         return count;
 432              		.loc 2 33 0
 433 0018 3444     		add	r4, r4, r6
 434 001a A300     		lsls	r3, r4, #2
 435 001c 1D44     		add	r5, r5, r3
 436              	.LVL44:
 437              	.LBE41:
 438              	.LBE40:
 439              		.loc 1 43 0
 440 001e B5F90800 		ldrsh	r0, [r5, #8]
 441 0022 70BD     		pop	{r4, r5, r6, pc}
 442              	.LVL45:
 443              	.L37:
 444              		.align	2
 445              	.L36:
 446 0024 00000000 		.word	.LANCHOR0
 447 0028 00000000 		.word	.LC1
 448              		.cfi_endproc
 449              	.LFE372:
 451              		.section	.text._GLOBAL__sub_I__Z12encoder_initv,"ax",%progbits
 452              		.align	1
 453              		.syntax unified
 454              		.thumb
 455              		.thumb_func
 456              		.fpu fpv4-sp-d16
 458              	_GLOBAL__sub_I__Z12encoder_initv:
 459              	.LFB375:
 460              		.loc 1 43 0
 461              		.cfi_startproc
 462              		@ args = 0, pretend = 0, frame = 0
 463              		@ frame_needed = 0, uses_anonymous_args = 0
 464 0000 08B5     		push	{r3, lr}
 465              	.LCFI6:
 466              		.cfi_def_cfa_offset 8
 467              		.cfi_offset 3, -8
 468              		.cfi_offset 14, -4
 469              		.loc 1 43 0
 470 0002 4FF6FF71 		movw	r1, #65535
 471 0006 0120     		movs	r0, #1
 472 0008 FFF7FEFF 		bl	_Z41__static_initialization_and_destruction_0ii
 473              	.LVL46:
 474 000c 08BD     		pop	{r3, pc}
 475              		.cfi_endproc
 476              	.LFE375:
 478              		.section	.init_array,"aw",%init_array
 479              		.align	2
 480 0000 00000000 		.word	_GLOBAL__sub_I__Z12encoder_initv(target1)
 481              		.section	.bss._ZL14encoder_config,"aw",%nobits
 482              		.align	2
 483              		.set	.LANCHOR0,. + 0
 486              	_ZL14encoder_config:
 487 0000 00000000 		.space	48
 487      00000000 
ARM GAS  C:\Users\Aasman\AppData\Local\Temp\ccI46ymJ.s 			page 11


 487      00000000 
 487      00000000 
 487      00000000 
 488              		.section	.rodata._Z7get_cnti.str1.4,"aMS",%progbits,1
 489              		.align	2
 490              	.LC1:
 491 0000 0A636F75 		.ascii	"\012count: %d\000"
 491      6E743A20 
 491      256400
 492              		.section	.rodata._ZN7encoder9calculateEv.str1.4,"aMS",%progbits,1
 493              		.align	2
 494              	.LC0:
 495 0000 25642C20 		.ascii	"%d, %f\012\000"
 495      25660A00 
 496              		.text
 497              	.Letext0:
 498              		.file 3 "c:\\program files (x86)\\gnu tools arm embedded\\7 2017-q4-major\\arm-none-eabi\\include\
 499              		.file 4 "c:\\program files (x86)\\gnu tools arm embedded\\7 2017-q4-major\\arm-none-eabi\\include\
 500              		.file 5 "Drivers/CMSIS/Include/core_cm4.h"
 501              		.file 6 "Drivers/CMSIS/Device/ST/STM32F4xx/Include/system_stm32f4xx.h"
 502              		.file 7 "Drivers/CMSIS/Device/ST/STM32F4xx/Include/stm32f407xx.h"
 503              		.file 8 "Drivers/CMSIS/Device/ST/STM32F4xx/Include/stm32f4xx.h"
 504              		.file 9 "Drivers/STM32F4xx_HAL_Driver/Inc/stm32f4xx_hal_def.h"
 505              		.file 10 "Drivers/STM32F4xx_HAL_Driver/Inc/stm32f4xx_hal_dma.h"
 506              		.file 11 "Drivers/STM32F4xx_HAL_Driver/Inc/stm32f4xx_hal_tim.h"
 507              		.file 12 "Drivers/STM32F4xx_HAL_Driver/Inc/stm32f4xx_hal.h"
 508              		.file 13 "c:\\program files (x86)\\gnu tools arm embedded\\7 2017-q4-major\\arm-none-eabi\\include
 509              		.file 14 "c:\\program files (x86)\\gnu tools arm embedded\\7 2017-q4-major\\arm-none-eabi\\include
 510              		.file 15 "c:\\program files (x86)\\gnu tools arm embedded\\7 2017-q4-major\\lib\\gcc\\arm-none-eab
 511              		.file 16 "c:\\program files (x86)\\gnu tools arm embedded\\7 2017-q4-major\\arm-none-eabi\\include
 512              		.file 17 "Core/Inc/tim.h"
 513              		.file 18 "c:\\program files (x86)\\gnu tools arm embedded\\7 2017-q4-major\\arm-none-eabi\\include
 514              		.file 19 "c:\\program files (x86)\\gnu tools arm embedded\\7 2017-q4-major\\arm-none-eabi\\include
 515              		.file 20 "c:\\program files (x86)\\gnu tools arm embedded\\7 2017-q4-major\\arm-none-eabi\\include
 516              		.file 21 "c:\\program files (x86)\\gnu tools arm embedded\\7 2017-q4-major\\arm-none-eabi\\include
 517              		.file 22 "c:\\program files (x86)\\gnu tools arm embedded\\7 2017-q4-major\\arm-none-eabi\\include
 518              		.file 23 "c:\\program files (x86)\\gnu tools arm embedded\\7 2017-q4-major\\arm-none-eabi\\include
 519              		.file 24 "c:\\program files (x86)\\gnu tools arm embedded\\7 2017-q4-major\\arm-none-eabi\\include
 520              		.file 25 "<built-in>"
ARM GAS  C:\Users\Aasman\AppData\Local\Temp\ccI46ymJ.s 			page 12


DEFINED SYMBOLS
                            *ABS*:00000000 encoder.cpp
C:\Users\Aasman\AppData\Local\Temp\ccI46ymJ.s:18     .text.__tcf_0:00000000 $t
C:\Users\Aasman\AppData\Local\Temp\ccI46ymJ.s:24     .text.__tcf_0:00000000 __tcf_0
C:\Users\Aasman\AppData\Local\Temp\ccI46ymJ.s:50     .text.__tcf_0:00000010 $d
C:\Users\Aasman\AppData\Local\Temp\ccI46ymJ.s:56     .text._Z41__static_initialization_and_destruction_0ii:00000000 $t
C:\Users\Aasman\AppData\Local\Temp\ccI46ymJ.s:62     .text._Z41__static_initialization_and_destruction_0ii:00000000 _Z41__static_initialization_and_destruction_0ii
C:\Users\Aasman\AppData\Local\Temp\ccI46ymJ.s:126    .text._Z41__static_initialization_and_destruction_0ii:00000034 $d
C:\Users\Aasman\AppData\Local\Temp\ccI46ymJ.s:133    .text._Z12encoder_initv:00000000 $t
C:\Users\Aasman\AppData\Local\Temp\ccI46ymJ.s:140    .text._Z12encoder_initv:00000000 _Z12encoder_initv
C:\Users\Aasman\AppData\Local\Temp\ccI46ymJ.s:206    .text._Z12encoder_initv:00000034 $d
C:\Users\Aasman\AppData\Local\Temp\ccI46ymJ.s:219    .text._ZN7encoder9calculateEv:00000000 $t
C:\Users\Aasman\AppData\Local\Temp\ccI46ymJ.s:226    .text._ZN7encoder9calculateEv:00000000 _ZN7encoder9calculateEv
C:\Users\Aasman\AppData\Local\Temp\ccI46ymJ.s:294    .text._ZN7encoder9calculateEv:00000060 $d
C:\Users\Aasman\AppData\Local\Temp\ccI46ymJ.s:303    .text._Z14calculate_datai:00000000 $t
C:\Users\Aasman\AppData\Local\Temp\ccI46ymJ.s:310    .text._Z14calculate_datai:00000000 _Z14calculate_datai
C:\Users\Aasman\AppData\Local\Temp\ccI46ymJ.s:335    .text._Z14calculate_datai:00000014 $d
C:\Users\Aasman\AppData\Local\Temp\ccI46ymJ.s:340    .text._Z8get_datai:00000000 $t
C:\Users\Aasman\AppData\Local\Temp\ccI46ymJ.s:347    .text._Z8get_datai:00000000 _Z8get_datai
C:\Users\Aasman\AppData\Local\Temp\ccI46ymJ.s:391    .text._Z8get_datai:00000020 $d
C:\Users\Aasman\AppData\Local\Temp\ccI46ymJ.s:396    .text._Z7get_cnti:00000000 $t
C:\Users\Aasman\AppData\Local\Temp\ccI46ymJ.s:403    .text._Z7get_cnti:00000000 _Z7get_cnti
C:\Users\Aasman\AppData\Local\Temp\ccI46ymJ.s:446    .text._Z7get_cnti:00000024 $d
C:\Users\Aasman\AppData\Local\Temp\ccI46ymJ.s:452    .text._GLOBAL__sub_I__Z12encoder_initv:00000000 $t
C:\Users\Aasman\AppData\Local\Temp\ccI46ymJ.s:458    .text._GLOBAL__sub_I__Z12encoder_initv:00000000 _GLOBAL__sub_I__Z12encoder_initv
C:\Users\Aasman\AppData\Local\Temp\ccI46ymJ.s:479    .init_array:00000000 $d
C:\Users\Aasman\AppData\Local\Temp\ccI46ymJ.s:482    .bss._ZL14encoder_config:00000000 $d
C:\Users\Aasman\AppData\Local\Temp\ccI46ymJ.s:486    .bss._ZL14encoder_config:00000000 _ZL14encoder_config
C:\Users\Aasman\AppData\Local\Temp\ccI46ymJ.s:489    .rodata._Z7get_cnti.str1.4:00000000 $d
C:\Users\Aasman\AppData\Local\Temp\ccI46ymJ.s:493    .rodata._ZN7encoder9calculateEv.str1.4:00000000 $d

UNDEFINED SYMBOLS
__aeabi_atexit
__dso_handle
HAL_TIM_Encoder_Start
htim1
htim2
htim3
htim4
__aeabi_i2d
__aeabi_dmul
__aeabi_ddiv
__aeabi_d2f
printf
