ARM GAS  C:\Users\one\AppData\Local\Temp\ccHKRCVM.s 			page 1


   1              		.cpu cortex-m4
   2              		.eabi_attribute 27, 1
   3              		.eabi_attribute 28, 1
   4              		.eabi_attribute 20, 1
   5              		.eabi_attribute 21, 1
   6              		.eabi_attribute 23, 3
   7              		.eabi_attribute 24, 1
   8              		.eabi_attribute 25, 1
   9              		.eabi_attribute 26, 1
  10              		.eabi_attribute 30, 1
  11              		.eabi_attribute 34, 1
  12              		.eabi_attribute 18, 4
  13              		.file	"stm32f4xx_it.c"
  14              		.text
  15              	.Ltext0:
  16              		.cfi_sections	.debug_frame
  17              		.section	.text.NMI_Handler,"ax",%progbits
  18              		.align	1
  19              		.global	NMI_Handler
  20              		.arch armv7e-m
  21              		.syntax unified
  22              		.thumb
  23              		.thumb_func
  24              		.fpu fpv4-sp-d16
  26              	NMI_Handler:
  27              	.LFB133:
  28              		.file 1 "Core/Src/stm32f4xx_it.c"
   1:Core/Src/stm32f4xx_it.c **** /* USER CODE BEGIN Header */
   2:Core/Src/stm32f4xx_it.c **** /**
   3:Core/Src/stm32f4xx_it.c ****   ******************************************************************************
   4:Core/Src/stm32f4xx_it.c ****   * @file    stm32f4xx_it.c
   5:Core/Src/stm32f4xx_it.c ****   * @brief   Interrupt Service Routines.
   6:Core/Src/stm32f4xx_it.c ****   ******************************************************************************
   7:Core/Src/stm32f4xx_it.c ****   * @attention
   8:Core/Src/stm32f4xx_it.c ****   *
   9:Core/Src/stm32f4xx_it.c ****   * <h2><center>&copy; Copyright (c) 2019 STMicroelectronics.
  10:Core/Src/stm32f4xx_it.c ****   * All rights reserved.</center></h2>
  11:Core/Src/stm32f4xx_it.c ****   *
  12:Core/Src/stm32f4xx_it.c ****   * This software component is licensed by ST under BSD 3-Clause license,
  13:Core/Src/stm32f4xx_it.c ****   * the "License"; You may not use this file except in compliance with the
  14:Core/Src/stm32f4xx_it.c ****   * License. You may obtain a copy of the License at:
  15:Core/Src/stm32f4xx_it.c ****   *                        opensource.org/licenses/BSD-3-Clause
  16:Core/Src/stm32f4xx_it.c ****   *
  17:Core/Src/stm32f4xx_it.c ****   ******************************************************************************
  18:Core/Src/stm32f4xx_it.c ****   */
  19:Core/Src/stm32f4xx_it.c **** /* USER CODE END Header */
  20:Core/Src/stm32f4xx_it.c **** 
  21:Core/Src/stm32f4xx_it.c **** /* Includes ------------------------------------------------------------------*/
  22:Core/Src/stm32f4xx_it.c **** #include "main.h"
  23:Core/Src/stm32f4xx_it.c **** #include "stm32f4xx_it.h"
  24:Core/Src/stm32f4xx_it.c **** /* Private includes ----------------------------------------------------------*/
  25:Core/Src/stm32f4xx_it.c **** /* USER CODE BEGIN Includes */
  26:Core/Src/stm32f4xx_it.c **** /* USER CODE END Includes */
  27:Core/Src/stm32f4xx_it.c **** 
  28:Core/Src/stm32f4xx_it.c **** /* Private typedef -----------------------------------------------------------*/
  29:Core/Src/stm32f4xx_it.c **** /* USER CODE BEGIN TD */
  30:Core/Src/stm32f4xx_it.c **** 
ARM GAS  C:\Users\one\AppData\Local\Temp\ccHKRCVM.s 			page 2


  31:Core/Src/stm32f4xx_it.c **** /* USER CODE END TD */
  32:Core/Src/stm32f4xx_it.c **** 
  33:Core/Src/stm32f4xx_it.c **** /* Private define ------------------------------------------------------------*/
  34:Core/Src/stm32f4xx_it.c **** /* USER CODE BEGIN PD */
  35:Core/Src/stm32f4xx_it.c ****  
  36:Core/Src/stm32f4xx_it.c **** /* USER CODE END PD */
  37:Core/Src/stm32f4xx_it.c **** 
  38:Core/Src/stm32f4xx_it.c **** /* Private macro -------------------------------------------------------------*/
  39:Core/Src/stm32f4xx_it.c **** /* USER CODE BEGIN PM */
  40:Core/Src/stm32f4xx_it.c **** 
  41:Core/Src/stm32f4xx_it.c **** /* USER CODE END PM */
  42:Core/Src/stm32f4xx_it.c **** 
  43:Core/Src/stm32f4xx_it.c **** /* Private variables ---------------------------------------------------------*/
  44:Core/Src/stm32f4xx_it.c **** /* USER CODE BEGIN PV */
  45:Core/Src/stm32f4xx_it.c **** 
  46:Core/Src/stm32f4xx_it.c **** /* USER CODE END PV */
  47:Core/Src/stm32f4xx_it.c **** 
  48:Core/Src/stm32f4xx_it.c **** /* Private function prototypes -----------------------------------------------*/
  49:Core/Src/stm32f4xx_it.c **** /* USER CODE BEGIN PFP */
  50:Core/Src/stm32f4xx_it.c **** 
  51:Core/Src/stm32f4xx_it.c **** /* USER CODE END PFP */
  52:Core/Src/stm32f4xx_it.c **** 
  53:Core/Src/stm32f4xx_it.c **** /* Private user code ---------------------------------------------------------*/
  54:Core/Src/stm32f4xx_it.c **** /* USER CODE BEGIN 0 */
  55:Core/Src/stm32f4xx_it.c **** 
  56:Core/Src/stm32f4xx_it.c **** /* USER CODE END 0 */
  57:Core/Src/stm32f4xx_it.c **** 
  58:Core/Src/stm32f4xx_it.c **** /* External variables --------------------------------------------------------*/
  59:Core/Src/stm32f4xx_it.c **** extern TIM_HandleTypeDef htim1;
  60:Core/Src/stm32f4xx_it.c **** extern TIM_HandleTypeDef htim2;
  61:Core/Src/stm32f4xx_it.c **** extern TIM_HandleTypeDef htim3;
  62:Core/Src/stm32f4xx_it.c **** extern TIM_HandleTypeDef htim4;
  63:Core/Src/stm32f4xx_it.c **** extern TIM_HandleTypeDef htim8;
  64:Core/Src/stm32f4xx_it.c **** extern UART_HandleTypeDef huart2;
  65:Core/Src/stm32f4xx_it.c **** /* USER CODE BEGIN EV */
  66:Core/Src/stm32f4xx_it.c **** 
  67:Core/Src/stm32f4xx_it.c **** /* USER CODE END EV */
  68:Core/Src/stm32f4xx_it.c **** 
  69:Core/Src/stm32f4xx_it.c **** /******************************************************************************/
  70:Core/Src/stm32f4xx_it.c **** /*           Cortex-M4 Processor Interruption and Exception Handlers          */ 
  71:Core/Src/stm32f4xx_it.c **** /******************************************************************************/
  72:Core/Src/stm32f4xx_it.c **** /**
  73:Core/Src/stm32f4xx_it.c ****   * @brief This function handles Non maskable interrupt.
  74:Core/Src/stm32f4xx_it.c ****   */
  75:Core/Src/stm32f4xx_it.c **** void NMI_Handler(void)
  76:Core/Src/stm32f4xx_it.c **** {
  29              		.loc 1 76 1 view -0
  30              		.cfi_startproc
  31              		@ args = 0, pretend = 0, frame = 0
  32              		@ frame_needed = 0, uses_anonymous_args = 0
  33              		@ link register save eliminated.
  77:Core/Src/stm32f4xx_it.c ****   /* USER CODE BEGIN NonMaskableInt_IRQn 0 */
  78:Core/Src/stm32f4xx_it.c **** 
  79:Core/Src/stm32f4xx_it.c ****   /* USER CODE END NonMaskableInt_IRQn 0 */
  80:Core/Src/stm32f4xx_it.c ****   /* USER CODE BEGIN NonMaskableInt_IRQn 1 */
  81:Core/Src/stm32f4xx_it.c **** 
  82:Core/Src/stm32f4xx_it.c ****   /* USER CODE END NonMaskableInt_IRQn 1 */
ARM GAS  C:\Users\one\AppData\Local\Temp\ccHKRCVM.s 			page 3


  83:Core/Src/stm32f4xx_it.c **** }
  34              		.loc 1 83 1 view .LVU1
  35 0000 7047     		bx	lr
  36              		.cfi_endproc
  37              	.LFE133:
  39              		.section	.text.HardFault_Handler,"ax",%progbits
  40              		.align	1
  41              		.global	HardFault_Handler
  42              		.syntax unified
  43              		.thumb
  44              		.thumb_func
  45              		.fpu fpv4-sp-d16
  47              	HardFault_Handler:
  48              	.LFB134:
  84:Core/Src/stm32f4xx_it.c **** 
  85:Core/Src/stm32f4xx_it.c **** /**
  86:Core/Src/stm32f4xx_it.c ****   * @brief This function handles Hard fault interrupt.
  87:Core/Src/stm32f4xx_it.c ****   */
  88:Core/Src/stm32f4xx_it.c **** void HardFault_Handler(void)
  89:Core/Src/stm32f4xx_it.c **** {
  49              		.loc 1 89 1 view -0
  50              		.cfi_startproc
  51              		@ Volatile: function does not return.
  52              		@ args = 0, pretend = 0, frame = 0
  53              		@ frame_needed = 0, uses_anonymous_args = 0
  54              		@ link register save eliminated.
  55              	.L3:
  90:Core/Src/stm32f4xx_it.c ****   /* USER CODE BEGIN HardFault_IRQn 0 */
  91:Core/Src/stm32f4xx_it.c **** 
  92:Core/Src/stm32f4xx_it.c ****   /* USER CODE END HardFault_IRQn 0 */
  93:Core/Src/stm32f4xx_it.c ****   while (1)
  56              		.loc 1 93 3 discriminator 1 view .LVU3
  94:Core/Src/stm32f4xx_it.c ****   {
  95:Core/Src/stm32f4xx_it.c ****     /* USER CODE BEGIN W1_HardFault_IRQn 0 */
  96:Core/Src/stm32f4xx_it.c ****     /* USER CODE END W1_HardFault_IRQn 0 */
  97:Core/Src/stm32f4xx_it.c ****   }
  57              		.loc 1 97 3 discriminator 1 view .LVU4
  93:Core/Src/stm32f4xx_it.c ****   {
  58              		.loc 1 93 9 discriminator 1 view .LVU5
  59 0000 FEE7     		b	.L3
  60              		.cfi_endproc
  61              	.LFE134:
  63              		.section	.text.MemManage_Handler,"ax",%progbits
  64              		.align	1
  65              		.global	MemManage_Handler
  66              		.syntax unified
  67              		.thumb
  68              		.thumb_func
  69              		.fpu fpv4-sp-d16
  71              	MemManage_Handler:
  72              	.LFB135:
  98:Core/Src/stm32f4xx_it.c **** }
  99:Core/Src/stm32f4xx_it.c **** 
 100:Core/Src/stm32f4xx_it.c **** /**
 101:Core/Src/stm32f4xx_it.c ****   * @brief This function handles Memory management fault.
 102:Core/Src/stm32f4xx_it.c ****   */
 103:Core/Src/stm32f4xx_it.c **** void MemManage_Handler(void)
ARM GAS  C:\Users\one\AppData\Local\Temp\ccHKRCVM.s 			page 4


 104:Core/Src/stm32f4xx_it.c **** {
  73              		.loc 1 104 1 view -0
  74              		.cfi_startproc
  75              		@ Volatile: function does not return.
  76              		@ args = 0, pretend = 0, frame = 0
  77              		@ frame_needed = 0, uses_anonymous_args = 0
  78              		@ link register save eliminated.
  79              	.L5:
 105:Core/Src/stm32f4xx_it.c ****   /* USER CODE BEGIN MemoryManagement_IRQn 0 */
 106:Core/Src/stm32f4xx_it.c **** 
 107:Core/Src/stm32f4xx_it.c ****   /* USER CODE END MemoryManagement_IRQn 0 */
 108:Core/Src/stm32f4xx_it.c ****   while (1)
  80              		.loc 1 108 3 discriminator 1 view .LVU7
 109:Core/Src/stm32f4xx_it.c ****   {
 110:Core/Src/stm32f4xx_it.c ****     /* USER CODE BEGIN W1_MemoryManagement_IRQn 0 */
 111:Core/Src/stm32f4xx_it.c ****     /* USER CODE END W1_MemoryManagement_IRQn 0 */
 112:Core/Src/stm32f4xx_it.c ****   }
  81              		.loc 1 112 3 discriminator 1 view .LVU8
 108:Core/Src/stm32f4xx_it.c ****   {
  82              		.loc 1 108 9 discriminator 1 view .LVU9
  83 0000 FEE7     		b	.L5
  84              		.cfi_endproc
  85              	.LFE135:
  87              		.section	.text.BusFault_Handler,"ax",%progbits
  88              		.align	1
  89              		.global	BusFault_Handler
  90              		.syntax unified
  91              		.thumb
  92              		.thumb_func
  93              		.fpu fpv4-sp-d16
  95              	BusFault_Handler:
  96              	.LFB136:
 113:Core/Src/stm32f4xx_it.c **** }
 114:Core/Src/stm32f4xx_it.c **** 
 115:Core/Src/stm32f4xx_it.c **** /**
 116:Core/Src/stm32f4xx_it.c ****   * @brief This function handles Pre-fetch fault, memory access fault.
 117:Core/Src/stm32f4xx_it.c ****   */
 118:Core/Src/stm32f4xx_it.c **** void BusFault_Handler(void)
 119:Core/Src/stm32f4xx_it.c **** {
  97              		.loc 1 119 1 view -0
  98              		.cfi_startproc
  99              		@ Volatile: function does not return.
 100              		@ args = 0, pretend = 0, frame = 0
 101              		@ frame_needed = 0, uses_anonymous_args = 0
 102              		@ link register save eliminated.
 103              	.L7:
 120:Core/Src/stm32f4xx_it.c ****   /* USER CODE BEGIN BusFault_IRQn 0 */
 121:Core/Src/stm32f4xx_it.c **** 
 122:Core/Src/stm32f4xx_it.c ****   /* USER CODE END BusFault_IRQn 0 */
 123:Core/Src/stm32f4xx_it.c ****   while (1)
 104              		.loc 1 123 3 discriminator 1 view .LVU11
 124:Core/Src/stm32f4xx_it.c ****   {
 125:Core/Src/stm32f4xx_it.c ****     /* USER CODE BEGIN W1_BusFault_IRQn 0 */
 126:Core/Src/stm32f4xx_it.c ****     /* USER CODE END W1_BusFault_IRQn 0 */
 127:Core/Src/stm32f4xx_it.c ****   }
 105              		.loc 1 127 3 discriminator 1 view .LVU12
 123:Core/Src/stm32f4xx_it.c ****   {
ARM GAS  C:\Users\one\AppData\Local\Temp\ccHKRCVM.s 			page 5


 106              		.loc 1 123 9 discriminator 1 view .LVU13
 107 0000 FEE7     		b	.L7
 108              		.cfi_endproc
 109              	.LFE136:
 111              		.section	.text.UsageFault_Handler,"ax",%progbits
 112              		.align	1
 113              		.global	UsageFault_Handler
 114              		.syntax unified
 115              		.thumb
 116              		.thumb_func
 117              		.fpu fpv4-sp-d16
 119              	UsageFault_Handler:
 120              	.LFB137:
 128:Core/Src/stm32f4xx_it.c **** }
 129:Core/Src/stm32f4xx_it.c **** 
 130:Core/Src/stm32f4xx_it.c **** /**
 131:Core/Src/stm32f4xx_it.c ****   * @brief This function handles Undefined instruction or illegal state.
 132:Core/Src/stm32f4xx_it.c ****   */
 133:Core/Src/stm32f4xx_it.c **** void UsageFault_Handler(void)
 134:Core/Src/stm32f4xx_it.c **** {
 121              		.loc 1 134 1 view -0
 122              		.cfi_startproc
 123              		@ Volatile: function does not return.
 124              		@ args = 0, pretend = 0, frame = 0
 125              		@ frame_needed = 0, uses_anonymous_args = 0
 126              		@ link register save eliminated.
 127              	.L9:
 135:Core/Src/stm32f4xx_it.c ****   /* USER CODE BEGIN UsageFault_IRQn 0 */
 136:Core/Src/stm32f4xx_it.c **** 
 137:Core/Src/stm32f4xx_it.c ****   /* USER CODE END UsageFault_IRQn 0 */
 138:Core/Src/stm32f4xx_it.c ****   while (1)
 128              		.loc 1 138 3 discriminator 1 view .LVU15
 139:Core/Src/stm32f4xx_it.c ****   {
 140:Core/Src/stm32f4xx_it.c ****     /* USER CODE BEGIN W1_UsageFault_IRQn 0 */
 141:Core/Src/stm32f4xx_it.c ****     /* USER CODE END W1_UsageFault_IRQn 0 */
 142:Core/Src/stm32f4xx_it.c ****   }
 129              		.loc 1 142 3 discriminator 1 view .LVU16
 138:Core/Src/stm32f4xx_it.c ****   {
 130              		.loc 1 138 9 discriminator 1 view .LVU17
 131 0000 FEE7     		b	.L9
 132              		.cfi_endproc
 133              	.LFE137:
 135              		.section	.text.SVC_Handler,"ax",%progbits
 136              		.align	1
 137              		.global	SVC_Handler
 138              		.syntax unified
 139              		.thumb
 140              		.thumb_func
 141              		.fpu fpv4-sp-d16
 143              	SVC_Handler:
 144              	.LFB138:
 143:Core/Src/stm32f4xx_it.c **** }
 144:Core/Src/stm32f4xx_it.c **** 
 145:Core/Src/stm32f4xx_it.c **** /**
 146:Core/Src/stm32f4xx_it.c ****   * @brief This function handles System service call via SWI instruction.
 147:Core/Src/stm32f4xx_it.c ****   */
 148:Core/Src/stm32f4xx_it.c **** void SVC_Handler(void)
ARM GAS  C:\Users\one\AppData\Local\Temp\ccHKRCVM.s 			page 6


 149:Core/Src/stm32f4xx_it.c **** {
 145              		.loc 1 149 1 view -0
 146              		.cfi_startproc
 147              		@ args = 0, pretend = 0, frame = 0
 148              		@ frame_needed = 0, uses_anonymous_args = 0
 149              		@ link register save eliminated.
 150:Core/Src/stm32f4xx_it.c ****   /* USER CODE BEGIN SVCall_IRQn 0 */
 151:Core/Src/stm32f4xx_it.c **** 
 152:Core/Src/stm32f4xx_it.c ****   /* USER CODE END SVCall_IRQn 0 */
 153:Core/Src/stm32f4xx_it.c ****   /* USER CODE BEGIN SVCall_IRQn 1 */
 154:Core/Src/stm32f4xx_it.c **** 
 155:Core/Src/stm32f4xx_it.c ****   /* USER CODE END SVCall_IRQn 1 */
 156:Core/Src/stm32f4xx_it.c **** }
 150              		.loc 1 156 1 view .LVU19
 151 0000 7047     		bx	lr
 152              		.cfi_endproc
 153              	.LFE138:
 155              		.section	.text.DebugMon_Handler,"ax",%progbits
 156              		.align	1
 157              		.global	DebugMon_Handler
 158              		.syntax unified
 159              		.thumb
 160              		.thumb_func
 161              		.fpu fpv4-sp-d16
 163              	DebugMon_Handler:
 164              	.LFB139:
 157:Core/Src/stm32f4xx_it.c **** 
 158:Core/Src/stm32f4xx_it.c **** /**
 159:Core/Src/stm32f4xx_it.c ****   * @brief This function handles Debug monitor.
 160:Core/Src/stm32f4xx_it.c ****   */
 161:Core/Src/stm32f4xx_it.c **** void DebugMon_Handler(void)
 162:Core/Src/stm32f4xx_it.c **** {
 165              		.loc 1 162 1 view -0
 166              		.cfi_startproc
 167              		@ args = 0, pretend = 0, frame = 0
 168              		@ frame_needed = 0, uses_anonymous_args = 0
 169              		@ link register save eliminated.
 163:Core/Src/stm32f4xx_it.c ****   /* USER CODE BEGIN DebugMonitor_IRQn 0 */
 164:Core/Src/stm32f4xx_it.c **** 
 165:Core/Src/stm32f4xx_it.c ****   /* USER CODE END DebugMonitor_IRQn 0 */
 166:Core/Src/stm32f4xx_it.c ****   /* USER CODE BEGIN DebugMonitor_IRQn 1 */
 167:Core/Src/stm32f4xx_it.c **** 
 168:Core/Src/stm32f4xx_it.c ****   /* USER CODE END DebugMonitor_IRQn 1 */
 169:Core/Src/stm32f4xx_it.c **** }
 170              		.loc 1 169 1 view .LVU21
 171 0000 7047     		bx	lr
 172              		.cfi_endproc
 173              	.LFE139:
 175              		.section	.text.PendSV_Handler,"ax",%progbits
 176              		.align	1
 177              		.global	PendSV_Handler
 178              		.syntax unified
 179              		.thumb
 180              		.thumb_func
 181              		.fpu fpv4-sp-d16
 183              	PendSV_Handler:
 184              	.LFB140:
ARM GAS  C:\Users\one\AppData\Local\Temp\ccHKRCVM.s 			page 7


 170:Core/Src/stm32f4xx_it.c **** 
 171:Core/Src/stm32f4xx_it.c **** /**
 172:Core/Src/stm32f4xx_it.c ****   * @brief This function handles Pendable request for system service.
 173:Core/Src/stm32f4xx_it.c ****   */
 174:Core/Src/stm32f4xx_it.c **** void PendSV_Handler(void)
 175:Core/Src/stm32f4xx_it.c **** {
 185              		.loc 1 175 1 view -0
 186              		.cfi_startproc
 187              		@ args = 0, pretend = 0, frame = 0
 188              		@ frame_needed = 0, uses_anonymous_args = 0
 189              		@ link register save eliminated.
 176:Core/Src/stm32f4xx_it.c ****   /* USER CODE BEGIN PendSV_IRQn 0 */
 177:Core/Src/stm32f4xx_it.c **** 
 178:Core/Src/stm32f4xx_it.c ****   /* USER CODE END PendSV_IRQn 0 */
 179:Core/Src/stm32f4xx_it.c ****   /* USER CODE BEGIN PendSV_IRQn 1 */
 180:Core/Src/stm32f4xx_it.c **** 
 181:Core/Src/stm32f4xx_it.c ****   /* USER CODE END PendSV_IRQn 1 */
 182:Core/Src/stm32f4xx_it.c **** }
 190              		.loc 1 182 1 view .LVU23
 191 0000 7047     		bx	lr
 192              		.cfi_endproc
 193              	.LFE140:
 195              		.section	.text.SysTick_Handler,"ax",%progbits
 196              		.align	1
 197              		.global	SysTick_Handler
 198              		.syntax unified
 199              		.thumb
 200              		.thumb_func
 201              		.fpu fpv4-sp-d16
 203              	SysTick_Handler:
 204              	.LFB141:
 183:Core/Src/stm32f4xx_it.c **** 
 184:Core/Src/stm32f4xx_it.c **** /**
 185:Core/Src/stm32f4xx_it.c ****   * @brief This function handles System tick timer.
 186:Core/Src/stm32f4xx_it.c ****   */
 187:Core/Src/stm32f4xx_it.c **** void SysTick_Handler(void)
 188:Core/Src/stm32f4xx_it.c **** {
 205              		.loc 1 188 1 view -0
 206              		.cfi_startproc
 207              		@ args = 0, pretend = 0, frame = 0
 208              		@ frame_needed = 0, uses_anonymous_args = 0
 209 0000 08B5     		push	{r3, lr}
 210              	.LCFI0:
 211              		.cfi_def_cfa_offset 8
 212              		.cfi_offset 3, -8
 213              		.cfi_offset 14, -4
 189:Core/Src/stm32f4xx_it.c ****   /* USER CODE BEGIN SysTick_IRQn 0 */
 190:Core/Src/stm32f4xx_it.c **** 
 191:Core/Src/stm32f4xx_it.c ****   /* USER CODE END SysTick_IRQn 0 */
 192:Core/Src/stm32f4xx_it.c ****   HAL_IncTick();
 214              		.loc 1 192 3 view .LVU25
 215 0002 FFF7FEFF 		bl	HAL_IncTick
 216              	.LVL0:
 193:Core/Src/stm32f4xx_it.c ****   /* USER CODE BEGIN SysTick_IRQn 1 */
 194:Core/Src/stm32f4xx_it.c **** 
 195:Core/Src/stm32f4xx_it.c ****   /* USER CODE END SysTick_IRQn 1 */
 196:Core/Src/stm32f4xx_it.c **** }
ARM GAS  C:\Users\one\AppData\Local\Temp\ccHKRCVM.s 			page 8


 217              		.loc 1 196 1 is_stmt 0 view .LVU26
 218 0006 08BD     		pop	{r3, pc}
 219              		.cfi_endproc
 220              	.LFE141:
 222              		.section	.text.TIM1_BRK_TIM9_IRQHandler,"ax",%progbits
 223              		.align	1
 224              		.global	TIM1_BRK_TIM9_IRQHandler
 225              		.syntax unified
 226              		.thumb
 227              		.thumb_func
 228              		.fpu fpv4-sp-d16
 230              	TIM1_BRK_TIM9_IRQHandler:
 231              	.LFB142:
 197:Core/Src/stm32f4xx_it.c **** 
 198:Core/Src/stm32f4xx_it.c **** /******************************************************************************/
 199:Core/Src/stm32f4xx_it.c **** /* STM32F4xx Peripheral Interrupt Handlers                                    */
 200:Core/Src/stm32f4xx_it.c **** /* Add here the Interrupt Handlers for the used peripherals.                  */
 201:Core/Src/stm32f4xx_it.c **** /* For the available peripheral interrupt handler names,                      */
 202:Core/Src/stm32f4xx_it.c **** /* please refer to the startup file (startup_stm32f4xx.s).                    */
 203:Core/Src/stm32f4xx_it.c **** /******************************************************************************/
 204:Core/Src/stm32f4xx_it.c **** 
 205:Core/Src/stm32f4xx_it.c **** /**
 206:Core/Src/stm32f4xx_it.c ****   * @brief This function handles TIM1 break interrupt and TIM9 global interrupt.
 207:Core/Src/stm32f4xx_it.c ****   */
 208:Core/Src/stm32f4xx_it.c **** void TIM1_BRK_TIM9_IRQHandler(void)
 209:Core/Src/stm32f4xx_it.c **** {
 232              		.loc 1 209 1 is_stmt 1 view -0
 233              		.cfi_startproc
 234              		@ args = 0, pretend = 0, frame = 0
 235              		@ frame_needed = 0, uses_anonymous_args = 0
 236 0000 08B5     		push	{r3, lr}
 237              	.LCFI1:
 238              		.cfi_def_cfa_offset 8
 239              		.cfi_offset 3, -8
 240              		.cfi_offset 14, -4
 210:Core/Src/stm32f4xx_it.c ****   /* USER CODE BEGIN TIM1_BRK_TIM9_IRQn 0 */
 211:Core/Src/stm32f4xx_it.c **** 
 212:Core/Src/stm32f4xx_it.c ****   /* USER CODE END TIM1_BRK_TIM9_IRQn 0 */
 213:Core/Src/stm32f4xx_it.c ****   HAL_TIM_IRQHandler(&htim1);
 241              		.loc 1 213 3 view .LVU28
 242 0002 0248     		ldr	r0, .L17
 243 0004 FFF7FEFF 		bl	HAL_TIM_IRQHandler
 244              	.LVL1:
 214:Core/Src/stm32f4xx_it.c ****   /* USER CODE BEGIN TIM1_BRK_TIM9_IRQn 1 */
 215:Core/Src/stm32f4xx_it.c **** 
 216:Core/Src/stm32f4xx_it.c ****   /* USER CODE END TIM1_BRK_TIM9_IRQn 1 */
 217:Core/Src/stm32f4xx_it.c **** }
 245              		.loc 1 217 1 is_stmt 0 view .LVU29
 246 0008 08BD     		pop	{r3, pc}
 247              	.L18:
 248 000a 00BF     		.align	2
 249              	.L17:
 250 000c 00000000 		.word	htim1
 251              		.cfi_endproc
 252              	.LFE142:
 254              		.section	.text.TIM1_UP_TIM10_IRQHandler,"ax",%progbits
 255              		.align	1
ARM GAS  C:\Users\one\AppData\Local\Temp\ccHKRCVM.s 			page 9


 256              		.global	TIM1_UP_TIM10_IRQHandler
 257              		.syntax unified
 258              		.thumb
 259              		.thumb_func
 260              		.fpu fpv4-sp-d16
 262              	TIM1_UP_TIM10_IRQHandler:
 263              	.LFB143:
 218:Core/Src/stm32f4xx_it.c **** 
 219:Core/Src/stm32f4xx_it.c **** /**
 220:Core/Src/stm32f4xx_it.c ****   * @brief This function handles TIM1 update interrupt and TIM10 global interrupt.
 221:Core/Src/stm32f4xx_it.c ****   */
 222:Core/Src/stm32f4xx_it.c **** void TIM1_UP_TIM10_IRQHandler(void)
 223:Core/Src/stm32f4xx_it.c **** {
 264              		.loc 1 223 1 is_stmt 1 view -0
 265              		.cfi_startproc
 266              		@ args = 0, pretend = 0, frame = 0
 267              		@ frame_needed = 0, uses_anonymous_args = 0
 268 0000 08B5     		push	{r3, lr}
 269              	.LCFI2:
 270              		.cfi_def_cfa_offset 8
 271              		.cfi_offset 3, -8
 272              		.cfi_offset 14, -4
 224:Core/Src/stm32f4xx_it.c ****   /* USER CODE BEGIN TIM1_UP_TIM10_IRQn 0 */
 225:Core/Src/stm32f4xx_it.c **** 
 226:Core/Src/stm32f4xx_it.c ****   /* USER CODE END TIM1_UP_TIM10_IRQn 0 */
 227:Core/Src/stm32f4xx_it.c ****   HAL_TIM_IRQHandler(&htim1);
 273              		.loc 1 227 3 view .LVU31
 274 0002 0248     		ldr	r0, .L21
 275 0004 FFF7FEFF 		bl	HAL_TIM_IRQHandler
 276              	.LVL2:
 228:Core/Src/stm32f4xx_it.c ****   /* USER CODE BEGIN TIM1_UP_TIM10_IRQn 1 */
 229:Core/Src/stm32f4xx_it.c **** 
 230:Core/Src/stm32f4xx_it.c ****   /* USER CODE END TIM1_UP_TIM10_IRQn 1 */
 231:Core/Src/stm32f4xx_it.c **** }
 277              		.loc 1 231 1 is_stmt 0 view .LVU32
 278 0008 08BD     		pop	{r3, pc}
 279              	.L22:
 280 000a 00BF     		.align	2
 281              	.L21:
 282 000c 00000000 		.word	htim1
 283              		.cfi_endproc
 284              	.LFE143:
 286              		.section	.text.TIM1_TRG_COM_TIM11_IRQHandler,"ax",%progbits
 287              		.align	1
 288              		.global	TIM1_TRG_COM_TIM11_IRQHandler
 289              		.syntax unified
 290              		.thumb
 291              		.thumb_func
 292              		.fpu fpv4-sp-d16
 294              	TIM1_TRG_COM_TIM11_IRQHandler:
 295              	.LFB144:
 232:Core/Src/stm32f4xx_it.c **** 
 233:Core/Src/stm32f4xx_it.c **** /**
 234:Core/Src/stm32f4xx_it.c ****   * @brief This function handles TIM1 trigger and commutation interrupts and TIM11 global interrupt
 235:Core/Src/stm32f4xx_it.c ****   */
 236:Core/Src/stm32f4xx_it.c **** void TIM1_TRG_COM_TIM11_IRQHandler(void)
 237:Core/Src/stm32f4xx_it.c **** {
ARM GAS  C:\Users\one\AppData\Local\Temp\ccHKRCVM.s 			page 10


 296              		.loc 1 237 1 is_stmt 1 view -0
 297              		.cfi_startproc
 298              		@ args = 0, pretend = 0, frame = 0
 299              		@ frame_needed = 0, uses_anonymous_args = 0
 300 0000 08B5     		push	{r3, lr}
 301              	.LCFI3:
 302              		.cfi_def_cfa_offset 8
 303              		.cfi_offset 3, -8
 304              		.cfi_offset 14, -4
 238:Core/Src/stm32f4xx_it.c ****   /* USER CODE BEGIN TIM1_TRG_COM_TIM11_IRQn 0 */
 239:Core/Src/stm32f4xx_it.c **** 
 240:Core/Src/stm32f4xx_it.c ****   /* USER CODE END TIM1_TRG_COM_TIM11_IRQn 0 */
 241:Core/Src/stm32f4xx_it.c ****   HAL_TIM_IRQHandler(&htim1);
 305              		.loc 1 241 3 view .LVU34
 306 0002 0248     		ldr	r0, .L25
 307 0004 FFF7FEFF 		bl	HAL_TIM_IRQHandler
 308              	.LVL3:
 242:Core/Src/stm32f4xx_it.c ****   /* USER CODE BEGIN TIM1_TRG_COM_TIM11_IRQn 1 */
 243:Core/Src/stm32f4xx_it.c **** 
 244:Core/Src/stm32f4xx_it.c ****   /* USER CODE END TIM1_TRG_COM_TIM11_IRQn 1 */
 245:Core/Src/stm32f4xx_it.c **** }
 309              		.loc 1 245 1 is_stmt 0 view .LVU35
 310 0008 08BD     		pop	{r3, pc}
 311              	.L26:
 312 000a 00BF     		.align	2
 313              	.L25:
 314 000c 00000000 		.word	htim1
 315              		.cfi_endproc
 316              	.LFE144:
 318              		.section	.text.TIM1_CC_IRQHandler,"ax",%progbits
 319              		.align	1
 320              		.global	TIM1_CC_IRQHandler
 321              		.syntax unified
 322              		.thumb
 323              		.thumb_func
 324              		.fpu fpv4-sp-d16
 326              	TIM1_CC_IRQHandler:
 327              	.LFB145:
 246:Core/Src/stm32f4xx_it.c **** 
 247:Core/Src/stm32f4xx_it.c **** /**
 248:Core/Src/stm32f4xx_it.c ****   * @brief This function handles TIM1 capture compare interrupt.
 249:Core/Src/stm32f4xx_it.c ****   */
 250:Core/Src/stm32f4xx_it.c **** void TIM1_CC_IRQHandler(void)
 251:Core/Src/stm32f4xx_it.c **** {
 328              		.loc 1 251 1 is_stmt 1 view -0
 329              		.cfi_startproc
 330              		@ args = 0, pretend = 0, frame = 0
 331              		@ frame_needed = 0, uses_anonymous_args = 0
 332 0000 08B5     		push	{r3, lr}
 333              	.LCFI4:
 334              		.cfi_def_cfa_offset 8
 335              		.cfi_offset 3, -8
 336              		.cfi_offset 14, -4
 252:Core/Src/stm32f4xx_it.c ****   /* USER CODE BEGIN TIM1_CC_IRQn 0 */
 253:Core/Src/stm32f4xx_it.c **** 
 254:Core/Src/stm32f4xx_it.c ****   /* USER CODE END TIM1_CC_IRQn 0 */
 255:Core/Src/stm32f4xx_it.c ****   HAL_TIM_IRQHandler(&htim1);
ARM GAS  C:\Users\one\AppData\Local\Temp\ccHKRCVM.s 			page 11


 337              		.loc 1 255 3 view .LVU37
 338 0002 0248     		ldr	r0, .L29
 339 0004 FFF7FEFF 		bl	HAL_TIM_IRQHandler
 340              	.LVL4:
 256:Core/Src/stm32f4xx_it.c ****   /* USER CODE BEGIN TIM1_CC_IRQn 1 */
 257:Core/Src/stm32f4xx_it.c **** 
 258:Core/Src/stm32f4xx_it.c ****   /* USER CODE END TIM1_CC_IRQn 1 */
 259:Core/Src/stm32f4xx_it.c **** }
 341              		.loc 1 259 1 is_stmt 0 view .LVU38
 342 0008 08BD     		pop	{r3, pc}
 343              	.L30:
 344 000a 00BF     		.align	2
 345              	.L29:
 346 000c 00000000 		.word	htim1
 347              		.cfi_endproc
 348              	.LFE145:
 350              		.section	.text.TIM2_IRQHandler,"ax",%progbits
 351              		.align	1
 352              		.global	TIM2_IRQHandler
 353              		.syntax unified
 354              		.thumb
 355              		.thumb_func
 356              		.fpu fpv4-sp-d16
 358              	TIM2_IRQHandler:
 359              	.LFB146:
 260:Core/Src/stm32f4xx_it.c **** 
 261:Core/Src/stm32f4xx_it.c **** /**
 262:Core/Src/stm32f4xx_it.c ****   * @brief This function handles TIM2 global interrupt.
 263:Core/Src/stm32f4xx_it.c ****   */
 264:Core/Src/stm32f4xx_it.c **** void TIM2_IRQHandler(void)
 265:Core/Src/stm32f4xx_it.c **** {
 360              		.loc 1 265 1 is_stmt 1 view -0
 361              		.cfi_startproc
 362              		@ args = 0, pretend = 0, frame = 0
 363              		@ frame_needed = 0, uses_anonymous_args = 0
 364 0000 08B5     		push	{r3, lr}
 365              	.LCFI5:
 366              		.cfi_def_cfa_offset 8
 367              		.cfi_offset 3, -8
 368              		.cfi_offset 14, -4
 266:Core/Src/stm32f4xx_it.c ****   /* USER CODE BEGIN TIM2_IRQn 0 */
 267:Core/Src/stm32f4xx_it.c **** 
 268:Core/Src/stm32f4xx_it.c ****   /* USER CODE END TIM2_IRQn 0 */
 269:Core/Src/stm32f4xx_it.c ****   HAL_TIM_IRQHandler(&htim2);
 369              		.loc 1 269 3 view .LVU40
 370 0002 0248     		ldr	r0, .L33
 371 0004 FFF7FEFF 		bl	HAL_TIM_IRQHandler
 372              	.LVL5:
 270:Core/Src/stm32f4xx_it.c ****   /* USER CODE BEGIN TIM2_IRQn 1 */
 271:Core/Src/stm32f4xx_it.c **** 
 272:Core/Src/stm32f4xx_it.c ****   /* USER CODE END TIM2_IRQn 1 */
 273:Core/Src/stm32f4xx_it.c **** }
 373              		.loc 1 273 1 is_stmt 0 view .LVU41
 374 0008 08BD     		pop	{r3, pc}
 375              	.L34:
 376 000a 00BF     		.align	2
 377              	.L33:
ARM GAS  C:\Users\one\AppData\Local\Temp\ccHKRCVM.s 			page 12


 378 000c 00000000 		.word	htim2
 379              		.cfi_endproc
 380              	.LFE146:
 382              		.section	.text.TIM3_IRQHandler,"ax",%progbits
 383              		.align	1
 384              		.global	TIM3_IRQHandler
 385              		.syntax unified
 386              		.thumb
 387              		.thumb_func
 388              		.fpu fpv4-sp-d16
 390              	TIM3_IRQHandler:
 391              	.LFB147:
 274:Core/Src/stm32f4xx_it.c **** 
 275:Core/Src/stm32f4xx_it.c **** /**
 276:Core/Src/stm32f4xx_it.c ****   * @brief This function handles TIM3 global interrupt.
 277:Core/Src/stm32f4xx_it.c ****   */
 278:Core/Src/stm32f4xx_it.c **** void TIM3_IRQHandler(void)
 279:Core/Src/stm32f4xx_it.c **** {
 392              		.loc 1 279 1 is_stmt 1 view -0
 393              		.cfi_startproc
 394              		@ args = 0, pretend = 0, frame = 0
 395              		@ frame_needed = 0, uses_anonymous_args = 0
 396 0000 08B5     		push	{r3, lr}
 397              	.LCFI6:
 398              		.cfi_def_cfa_offset 8
 399              		.cfi_offset 3, -8
 400              		.cfi_offset 14, -4
 280:Core/Src/stm32f4xx_it.c ****   /* USER CODE BEGIN TIM3_IRQn 0 */
 281:Core/Src/stm32f4xx_it.c **** 
 282:Core/Src/stm32f4xx_it.c ****   /* USER CODE END TIM3_IRQn 0 */
 283:Core/Src/stm32f4xx_it.c ****   HAL_TIM_IRQHandler(&htim3);
 401              		.loc 1 283 3 view .LVU43
 402 0002 0248     		ldr	r0, .L37
 403 0004 FFF7FEFF 		bl	HAL_TIM_IRQHandler
 404              	.LVL6:
 284:Core/Src/stm32f4xx_it.c ****   /* USER CODE BEGIN TIM3_IRQn 1 */
 285:Core/Src/stm32f4xx_it.c **** 
 286:Core/Src/stm32f4xx_it.c ****   /* USER CODE END TIM3_IRQn 1 */
 287:Core/Src/stm32f4xx_it.c **** }
 405              		.loc 1 287 1 is_stmt 0 view .LVU44
 406 0008 08BD     		pop	{r3, pc}
 407              	.L38:
 408 000a 00BF     		.align	2
 409              	.L37:
 410 000c 00000000 		.word	htim3
 411              		.cfi_endproc
 412              	.LFE147:
 414              		.section	.text.TIM4_IRQHandler,"ax",%progbits
 415              		.align	1
 416              		.global	TIM4_IRQHandler
 417              		.syntax unified
 418              		.thumb
 419              		.thumb_func
 420              		.fpu fpv4-sp-d16
 422              	TIM4_IRQHandler:
 423              	.LFB148:
 288:Core/Src/stm32f4xx_it.c **** 
ARM GAS  C:\Users\one\AppData\Local\Temp\ccHKRCVM.s 			page 13


 289:Core/Src/stm32f4xx_it.c **** /**
 290:Core/Src/stm32f4xx_it.c ****   * @brief This function handles TIM4 global interrupt.
 291:Core/Src/stm32f4xx_it.c ****   */
 292:Core/Src/stm32f4xx_it.c **** void TIM4_IRQHandler(void)
 293:Core/Src/stm32f4xx_it.c **** {
 424              		.loc 1 293 1 is_stmt 1 view -0
 425              		.cfi_startproc
 426              		@ args = 0, pretend = 0, frame = 0
 427              		@ frame_needed = 0, uses_anonymous_args = 0
 428 0000 08B5     		push	{r3, lr}
 429              	.LCFI7:
 430              		.cfi_def_cfa_offset 8
 431              		.cfi_offset 3, -8
 432              		.cfi_offset 14, -4
 294:Core/Src/stm32f4xx_it.c ****   /* USER CODE BEGIN TIM4_IRQn 0 */
 295:Core/Src/stm32f4xx_it.c **** 
 296:Core/Src/stm32f4xx_it.c ****   /* USER CODE END TIM4_IRQn 0 */
 297:Core/Src/stm32f4xx_it.c ****   HAL_TIM_IRQHandler(&htim4);
 433              		.loc 1 297 3 view .LVU46
 434 0002 0248     		ldr	r0, .L41
 435 0004 FFF7FEFF 		bl	HAL_TIM_IRQHandler
 436              	.LVL7:
 298:Core/Src/stm32f4xx_it.c ****   /* USER CODE BEGIN TIM4_IRQn 1 */
 299:Core/Src/stm32f4xx_it.c **** 
 300:Core/Src/stm32f4xx_it.c ****   /* USER CODE END TIM4_IRQn 1 */
 301:Core/Src/stm32f4xx_it.c **** }
 437              		.loc 1 301 1 is_stmt 0 view .LVU47
 438 0008 08BD     		pop	{r3, pc}
 439              	.L42:
 440 000a 00BF     		.align	2
 441              	.L41:
 442 000c 00000000 		.word	htim4
 443              		.cfi_endproc
 444              	.LFE148:
 446              		.section	.text.USART2_IRQHandler,"ax",%progbits
 447              		.align	1
 448              		.global	USART2_IRQHandler
 449              		.syntax unified
 450              		.thumb
 451              		.thumb_func
 452              		.fpu fpv4-sp-d16
 454              	USART2_IRQHandler:
 455              	.LFB149:
 302:Core/Src/stm32f4xx_it.c **** 
 303:Core/Src/stm32f4xx_it.c **** /**
 304:Core/Src/stm32f4xx_it.c ****   * @brief This function handles USART2 global interrupt.
 305:Core/Src/stm32f4xx_it.c ****   */
 306:Core/Src/stm32f4xx_it.c **** void USART2_IRQHandler(void)
 307:Core/Src/stm32f4xx_it.c **** {
 456              		.loc 1 307 1 is_stmt 1 view -0
 457              		.cfi_startproc
 458              		@ args = 0, pretend = 0, frame = 0
 459              		@ frame_needed = 0, uses_anonymous_args = 0
 460 0000 08B5     		push	{r3, lr}
 461              	.LCFI8:
 462              		.cfi_def_cfa_offset 8
 463              		.cfi_offset 3, -8
ARM GAS  C:\Users\one\AppData\Local\Temp\ccHKRCVM.s 			page 14


 464              		.cfi_offset 14, -4
 308:Core/Src/stm32f4xx_it.c ****   /* USER CODE BEGIN USART2_IRQn 0 */
 309:Core/Src/stm32f4xx_it.c **** 
 310:Core/Src/stm32f4xx_it.c ****   /* USER CODE END USART2_IRQn 0 */
 311:Core/Src/stm32f4xx_it.c ****   HAL_UART_IRQHandler(&huart2);
 465              		.loc 1 311 3 view .LVU49
 466 0002 0248     		ldr	r0, .L45
 467 0004 FFF7FEFF 		bl	HAL_UART_IRQHandler
 468              	.LVL8:
 312:Core/Src/stm32f4xx_it.c ****   /* USER CODE BEGIN USART2_IRQn 1 */
 313:Core/Src/stm32f4xx_it.c **** 
 314:Core/Src/stm32f4xx_it.c ****   /* USER CODE END USART2_IRQn 1 */
 315:Core/Src/stm32f4xx_it.c **** }
 469              		.loc 1 315 1 is_stmt 0 view .LVU50
 470 0008 08BD     		pop	{r3, pc}
 471              	.L46:
 472 000a 00BF     		.align	2
 473              	.L45:
 474 000c 00000000 		.word	huart2
 475              		.cfi_endproc
 476              	.LFE149:
 478              		.section	.text.TIM8_UP_TIM13_IRQHandler,"ax",%progbits
 479              		.align	1
 480              		.global	TIM8_UP_TIM13_IRQHandler
 481              		.syntax unified
 482              		.thumb
 483              		.thumb_func
 484              		.fpu fpv4-sp-d16
 486              	TIM8_UP_TIM13_IRQHandler:
 487              	.LFB150:
 316:Core/Src/stm32f4xx_it.c **** 
 317:Core/Src/stm32f4xx_it.c **** /**
 318:Core/Src/stm32f4xx_it.c ****   * @brief This function handles TIM8 update interrupt and TIM13 global interrupt.
 319:Core/Src/stm32f4xx_it.c ****   */
 320:Core/Src/stm32f4xx_it.c **** void TIM8_UP_TIM13_IRQHandler(void)
 321:Core/Src/stm32f4xx_it.c **** {
 488              		.loc 1 321 1 is_stmt 1 view -0
 489              		.cfi_startproc
 490              		@ args = 0, pretend = 0, frame = 0
 491              		@ frame_needed = 0, uses_anonymous_args = 0
 492 0000 08B5     		push	{r3, lr}
 493              	.LCFI9:
 494              		.cfi_def_cfa_offset 8
 495              		.cfi_offset 3, -8
 496              		.cfi_offset 14, -4
 322:Core/Src/stm32f4xx_it.c ****   /* USER CODE BEGIN TIM8_UP_TIM13_IRQn 0 */
 323:Core/Src/stm32f4xx_it.c **** 
 324:Core/Src/stm32f4xx_it.c ****   /* USER CODE END TIM8_UP_TIM13_IRQn 0 */
 325:Core/Src/stm32f4xx_it.c ****   HAL_TIM_IRQHandler(&htim8);
 497              		.loc 1 325 3 view .LVU52
 498 0002 0248     		ldr	r0, .L49
 499 0004 FFF7FEFF 		bl	HAL_TIM_IRQHandler
 500              	.LVL9:
 326:Core/Src/stm32f4xx_it.c ****   /* USER CODE BEGIN TIM8_UP_TIM13_IRQn 1 */
 327:Core/Src/stm32f4xx_it.c **** 
 328:Core/Src/stm32f4xx_it.c ****   /* USER CODE END TIM8_UP_TIM13_IRQn 1 */
 329:Core/Src/stm32f4xx_it.c **** }
ARM GAS  C:\Users\one\AppData\Local\Temp\ccHKRCVM.s 			page 15


 501              		.loc 1 329 1 is_stmt 0 view .LVU53
 502 0008 08BD     		pop	{r3, pc}
 503              	.L50:
 504 000a 00BF     		.align	2
 505              	.L49:
 506 000c 00000000 		.word	htim8
 507              		.cfi_endproc
 508              	.LFE150:
 510              		.text
 511              	.Letext0:
 512              		.file 2 "c:\\vsarm\\armcc\\arm-none-eabi\\include\\machine\\_default_types.h"
 513              		.file 3 "c:\\vsarm\\armcc\\arm-none-eabi\\include\\sys\\_stdint.h"
 514              		.file 4 "Drivers/CMSIS/Include/core_cm4.h"
 515              		.file 5 "Drivers/CMSIS/Device/ST/STM32F4xx/Include/system_stm32f4xx.h"
 516              		.file 6 "Drivers/CMSIS/Device/ST/STM32F4xx/Include/stm32f407xx.h"
 517              		.file 7 "Drivers/STM32F4xx_HAL_Driver/Inc/stm32f4xx_hal_def.h"
 518              		.file 8 "Drivers/STM32F4xx_HAL_Driver/Inc/stm32f4xx_hal_dma.h"
 519              		.file 9 "Drivers/STM32F4xx_HAL_Driver/Inc/stm32f4xx_hal_tim.h"
 520              		.file 10 "Drivers/STM32F4xx_HAL_Driver/Inc/stm32f4xx_hal_uart.h"
 521              		.file 11 "c:\\vsarm\\armcc\\lib\\gcc\\arm-none-eabi\\9.3.1\\include\\stddef.h"
 522              		.file 12 "c:\\vsarm\\armcc\\arm-none-eabi\\include\\sys\\_types.h"
 523              		.file 13 "c:\\vsarm\\armcc\\arm-none-eabi\\include\\sys\\reent.h"
 524              		.file 14 "c:\\vsarm\\armcc\\arm-none-eabi\\include\\sys\\lock.h"
 525              		.file 15 "Drivers/STM32F4xx_HAL_Driver/Inc/stm32f4xx_hal.h"
ARM GAS  C:\Users\one\AppData\Local\Temp\ccHKRCVM.s 			page 16


DEFINED SYMBOLS
                            *ABS*:00000000 stm32f4xx_it.c
C:\Users\one\AppData\Local\Temp\ccHKRCVM.s:18     .text.NMI_Handler:00000000 $t
C:\Users\one\AppData\Local\Temp\ccHKRCVM.s:26     .text.NMI_Handler:00000000 NMI_Handler
C:\Users\one\AppData\Local\Temp\ccHKRCVM.s:40     .text.HardFault_Handler:00000000 $t
C:\Users\one\AppData\Local\Temp\ccHKRCVM.s:47     .text.HardFault_Handler:00000000 HardFault_Handler
C:\Users\one\AppData\Local\Temp\ccHKRCVM.s:64     .text.MemManage_Handler:00000000 $t
C:\Users\one\AppData\Local\Temp\ccHKRCVM.s:71     .text.MemManage_Handler:00000000 MemManage_Handler
C:\Users\one\AppData\Local\Temp\ccHKRCVM.s:88     .text.BusFault_Handler:00000000 $t
C:\Users\one\AppData\Local\Temp\ccHKRCVM.s:95     .text.BusFault_Handler:00000000 BusFault_Handler
C:\Users\one\AppData\Local\Temp\ccHKRCVM.s:112    .text.UsageFault_Handler:00000000 $t
C:\Users\one\AppData\Local\Temp\ccHKRCVM.s:119    .text.UsageFault_Handler:00000000 UsageFault_Handler
C:\Users\one\AppData\Local\Temp\ccHKRCVM.s:136    .text.SVC_Handler:00000000 $t
C:\Users\one\AppData\Local\Temp\ccHKRCVM.s:143    .text.SVC_Handler:00000000 SVC_Handler
C:\Users\one\AppData\Local\Temp\ccHKRCVM.s:156    .text.DebugMon_Handler:00000000 $t
C:\Users\one\AppData\Local\Temp\ccHKRCVM.s:163    .text.DebugMon_Handler:00000000 DebugMon_Handler
C:\Users\one\AppData\Local\Temp\ccHKRCVM.s:176    .text.PendSV_Handler:00000000 $t
C:\Users\one\AppData\Local\Temp\ccHKRCVM.s:183    .text.PendSV_Handler:00000000 PendSV_Handler
C:\Users\one\AppData\Local\Temp\ccHKRCVM.s:196    .text.SysTick_Handler:00000000 $t
C:\Users\one\AppData\Local\Temp\ccHKRCVM.s:203    .text.SysTick_Handler:00000000 SysTick_Handler
C:\Users\one\AppData\Local\Temp\ccHKRCVM.s:223    .text.TIM1_BRK_TIM9_IRQHandler:00000000 $t
C:\Users\one\AppData\Local\Temp\ccHKRCVM.s:230    .text.TIM1_BRK_TIM9_IRQHandler:00000000 TIM1_BRK_TIM9_IRQHandler
C:\Users\one\AppData\Local\Temp\ccHKRCVM.s:250    .text.TIM1_BRK_TIM9_IRQHandler:0000000c $d
C:\Users\one\AppData\Local\Temp\ccHKRCVM.s:255    .text.TIM1_UP_TIM10_IRQHandler:00000000 $t
C:\Users\one\AppData\Local\Temp\ccHKRCVM.s:262    .text.TIM1_UP_TIM10_IRQHandler:00000000 TIM1_UP_TIM10_IRQHandler
C:\Users\one\AppData\Local\Temp\ccHKRCVM.s:282    .text.TIM1_UP_TIM10_IRQHandler:0000000c $d
C:\Users\one\AppData\Local\Temp\ccHKRCVM.s:287    .text.TIM1_TRG_COM_TIM11_IRQHandler:00000000 $t
C:\Users\one\AppData\Local\Temp\ccHKRCVM.s:294    .text.TIM1_TRG_COM_TIM11_IRQHandler:00000000 TIM1_TRG_COM_TIM11_IRQHandler
C:\Users\one\AppData\Local\Temp\ccHKRCVM.s:314    .text.TIM1_TRG_COM_TIM11_IRQHandler:0000000c $d
C:\Users\one\AppData\Local\Temp\ccHKRCVM.s:319    .text.TIM1_CC_IRQHandler:00000000 $t
C:\Users\one\AppData\Local\Temp\ccHKRCVM.s:326    .text.TIM1_CC_IRQHandler:00000000 TIM1_CC_IRQHandler
C:\Users\one\AppData\Local\Temp\ccHKRCVM.s:346    .text.TIM1_CC_IRQHandler:0000000c $d
C:\Users\one\AppData\Local\Temp\ccHKRCVM.s:351    .text.TIM2_IRQHandler:00000000 $t
C:\Users\one\AppData\Local\Temp\ccHKRCVM.s:358    .text.TIM2_IRQHandler:00000000 TIM2_IRQHandler
C:\Users\one\AppData\Local\Temp\ccHKRCVM.s:378    .text.TIM2_IRQHandler:0000000c $d
C:\Users\one\AppData\Local\Temp\ccHKRCVM.s:383    .text.TIM3_IRQHandler:00000000 $t
C:\Users\one\AppData\Local\Temp\ccHKRCVM.s:390    .text.TIM3_IRQHandler:00000000 TIM3_IRQHandler
C:\Users\one\AppData\Local\Temp\ccHKRCVM.s:410    .text.TIM3_IRQHandler:0000000c $d
C:\Users\one\AppData\Local\Temp\ccHKRCVM.s:415    .text.TIM4_IRQHandler:00000000 $t
C:\Users\one\AppData\Local\Temp\ccHKRCVM.s:422    .text.TIM4_IRQHandler:00000000 TIM4_IRQHandler
C:\Users\one\AppData\Local\Temp\ccHKRCVM.s:442    .text.TIM4_IRQHandler:0000000c $d
C:\Users\one\AppData\Local\Temp\ccHKRCVM.s:447    .text.USART2_IRQHandler:00000000 $t
C:\Users\one\AppData\Local\Temp\ccHKRCVM.s:454    .text.USART2_IRQHandler:00000000 USART2_IRQHandler
C:\Users\one\AppData\Local\Temp\ccHKRCVM.s:474    .text.USART2_IRQHandler:0000000c $d
C:\Users\one\AppData\Local\Temp\ccHKRCVM.s:479    .text.TIM8_UP_TIM13_IRQHandler:00000000 $t
C:\Users\one\AppData\Local\Temp\ccHKRCVM.s:486    .text.TIM8_UP_TIM13_IRQHandler:00000000 TIM8_UP_TIM13_IRQHandler
C:\Users\one\AppData\Local\Temp\ccHKRCVM.s:506    .text.TIM8_UP_TIM13_IRQHandler:0000000c $d

UNDEFINED SYMBOLS
HAL_IncTick
HAL_TIM_IRQHandler
htim1
htim2
htim3
htim4
HAL_UART_IRQHandler
huart2
ARM GAS  C:\Users\one\AppData\Local\Temp\ccHKRCVM.s 			page 17


htim8
