ARM GAS  C:\Users\Aasman\AppData\Local\Temp\cc6pxC2h.s 			page 1


   1              		.cpu cortex-m4
   2              		.eabi_attribute 27, 1
   3              		.eabi_attribute 28, 1
   4              		.eabi_attribute 20, 1
   5              		.eabi_attribute 21, 1
   6              		.eabi_attribute 23, 3
   7              		.eabi_attribute 24, 1
   8              		.eabi_attribute 25, 1
   9              		.eabi_attribute 26, 1
  10              		.eabi_attribute 30, 1
  11              		.eabi_attribute 34, 1
  12              		.eabi_attribute 18, 4
  13              		.file	"tim.c"
  14              		.text
  15              	.Ltext0:
  16              		.cfi_sections	.debug_frame
  17              		.section	.text.MX_TIM1_Init,"ax",%progbits
  18              		.align	1
  19              		.global	MX_TIM1_Init
  20              		.syntax unified
  21              		.thumb
  22              		.thumb_func
  23              		.fpu fpv4-sp-d16
  25              	MX_TIM1_Init:
  26              	.LFB133:
  27              		.file 1 "Core/Src/tim.c"
   1:Core/Src/tim.c **** /**
   2:Core/Src/tim.c ****   ******************************************************************************
   3:Core/Src/tim.c ****   * File Name          : TIM.c
   4:Core/Src/tim.c ****   * Description        : This file provides code for the configuration
   5:Core/Src/tim.c ****   *                      of the TIM instances.
   6:Core/Src/tim.c ****   ******************************************************************************
   7:Core/Src/tim.c ****   * @attention
   8:Core/Src/tim.c ****   *
   9:Core/Src/tim.c ****   * <h2><center>&copy; Copyright (c) 2019 STMicroelectronics.
  10:Core/Src/tim.c ****   * All rights reserved.</center></h2>
  11:Core/Src/tim.c ****   *
  12:Core/Src/tim.c ****   * This software component is licensed by ST under BSD 3-Clause license,
  13:Core/Src/tim.c ****   * the "License"; You may not use this file except in compliance with the
  14:Core/Src/tim.c ****   * License. You may obtain a copy of the License at:
  15:Core/Src/tim.c ****   *                        opensource.org/licenses/BSD-3-Clause
  16:Core/Src/tim.c ****   *
  17:Core/Src/tim.c ****   ******************************************************************************
  18:Core/Src/tim.c ****   */
  19:Core/Src/tim.c **** 
  20:Core/Src/tim.c **** /* Includes ------------------------------------------------------------------*/
  21:Core/Src/tim.c **** #include "tim.h"
  22:Core/Src/tim.c **** 
  23:Core/Src/tim.c **** /* USER CODE BEGIN 0 */
  24:Core/Src/tim.c **** 
  25:Core/Src/tim.c **** /* USER CODE END 0 */
  26:Core/Src/tim.c **** 
  27:Core/Src/tim.c **** TIM_HandleTypeDef htim1;
  28:Core/Src/tim.c **** TIM_HandleTypeDef htim2;
  29:Core/Src/tim.c **** TIM_HandleTypeDef htim3;
  30:Core/Src/tim.c **** TIM_HandleTypeDef htim4;
  31:Core/Src/tim.c **** TIM_HandleTypeDef htim8;
ARM GAS  C:\Users\Aasman\AppData\Local\Temp\cc6pxC2h.s 			page 2


  32:Core/Src/tim.c **** 
  33:Core/Src/tim.c **** /* TIM1 init function */
  34:Core/Src/tim.c **** void MX_TIM1_Init(void)
  35:Core/Src/tim.c **** {
  28              		.loc 1 35 0
  29              		.cfi_startproc
  30              		@ args = 0, pretend = 0, frame = 48
  31              		@ frame_needed = 0, uses_anonymous_args = 0
  32 0000 00B5     		push	{lr}
  33              	.LCFI0:
  34              		.cfi_def_cfa_offset 4
  35              		.cfi_offset 14, -4
  36 0002 8DB0     		sub	sp, sp, #52
  37              	.LCFI1:
  38              		.cfi_def_cfa_offset 56
  36:Core/Src/tim.c ****   TIM_Encoder_InitTypeDef sConfig = {0};
  39              		.loc 1 36 0
  40 0004 2022     		movs	r2, #32
  41 0006 0021     		movs	r1, #0
  42 0008 04A8     		add	r0, sp, #16
  43 000a FFF7FEFF 		bl	memset
  44              	.LVL0:
  37:Core/Src/tim.c ****   TIM_MasterConfigTypeDef sMasterConfig = {0};
  45              		.loc 1 37 0
  46 000e 0023     		movs	r3, #0
  47 0010 0193     		str	r3, [sp, #4]
  48 0012 0293     		str	r3, [sp, #8]
  38:Core/Src/tim.c **** 
  39:Core/Src/tim.c ****   htim1.Instance = TIM1;
  49              		.loc 1 39 0
  50 0014 1148     		ldr	r0, .L7
  51 0016 124A     		ldr	r2, .L7+4
  52 0018 0260     		str	r2, [r0]
  40:Core/Src/tim.c ****   htim1.Init.Prescaler = 0;
  53              		.loc 1 40 0
  54 001a 4360     		str	r3, [r0, #4]
  41:Core/Src/tim.c ****   htim1.Init.CounterMode = TIM_COUNTERMODE_UP;
  55              		.loc 1 41 0
  56 001c 8360     		str	r3, [r0, #8]
  42:Core/Src/tim.c ****   htim1.Init.Period = 65535;
  57              		.loc 1 42 0
  58 001e 4FF6FF72 		movw	r2, #65535
  59 0022 C260     		str	r2, [r0, #12]
  43:Core/Src/tim.c ****   htim1.Init.ClockDivision = TIM_CLOCKDIVISION_DIV1;
  60              		.loc 1 43 0
  61 0024 0361     		str	r3, [r0, #16]
  44:Core/Src/tim.c ****   htim1.Init.RepetitionCounter = 0;
  62              		.loc 1 44 0
  63 0026 4361     		str	r3, [r0, #20]
  45:Core/Src/tim.c ****   htim1.Init.AutoReloadPreload = TIM_AUTORELOAD_PRELOAD_DISABLE;
  64              		.loc 1 45 0
  65 0028 8361     		str	r3, [r0, #24]
  46:Core/Src/tim.c ****   sConfig.EncoderMode = TIM_ENCODERMODE_TI1;
  66              		.loc 1 46 0
  67 002a 0123     		movs	r3, #1
  68 002c 0393     		str	r3, [sp, #12]
  47:Core/Src/tim.c ****   sConfig.IC1Polarity = TIM_ICPOLARITY_RISING;
ARM GAS  C:\Users\Aasman\AppData\Local\Temp\cc6pxC2h.s 			page 3


  48:Core/Src/tim.c ****   sConfig.IC1Selection = TIM_ICSELECTION_DIRECTTI;
  69              		.loc 1 48 0
  70 002e 0593     		str	r3, [sp, #20]
  49:Core/Src/tim.c ****   sConfig.IC1Prescaler = TIM_ICPSC_DIV1;
  50:Core/Src/tim.c ****   sConfig.IC1Filter = 0;
  51:Core/Src/tim.c ****   sConfig.IC2Polarity = TIM_ICPOLARITY_RISING;
  52:Core/Src/tim.c ****   sConfig.IC2Selection = TIM_ICSELECTION_DIRECTTI;
  71              		.loc 1 52 0
  72 0030 0993     		str	r3, [sp, #36]
  53:Core/Src/tim.c ****   sConfig.IC2Prescaler = TIM_ICPSC_DIV1;
  54:Core/Src/tim.c ****   sConfig.IC2Filter = 0;
  55:Core/Src/tim.c ****   if (HAL_TIM_Encoder_Init(&htim1, &sConfig) != HAL_OK)
  73              		.loc 1 55 0
  74 0032 03A9     		add	r1, sp, #12
  75 0034 FFF7FEFF 		bl	HAL_TIM_Encoder_Init
  76              	.LVL1:
  77 0038 50B9     		cbnz	r0, .L5
  78              	.L2:
  56:Core/Src/tim.c ****   {
  57:Core/Src/tim.c ****     Error_Handler();
  58:Core/Src/tim.c ****   }
  59:Core/Src/tim.c ****   sMasterConfig.MasterOutputTrigger = TIM_TRGO_RESET;
  79              		.loc 1 59 0
  80 003a 0023     		movs	r3, #0
  81 003c 0193     		str	r3, [sp, #4]
  60:Core/Src/tim.c ****   sMasterConfig.MasterSlaveMode = TIM_MASTERSLAVEMODE_DISABLE;
  82              		.loc 1 60 0
  83 003e 0293     		str	r3, [sp, #8]
  61:Core/Src/tim.c ****   if (HAL_TIMEx_MasterConfigSynchronization(&htim1, &sMasterConfig) != HAL_OK)
  84              		.loc 1 61 0
  85 0040 01A9     		add	r1, sp, #4
  86 0042 0648     		ldr	r0, .L7
  87 0044 FFF7FEFF 		bl	HAL_TIMEx_MasterConfigSynchronization
  88              	.LVL2:
  89 0048 28B9     		cbnz	r0, .L6
  90              	.L1:
  62:Core/Src/tim.c ****   {
  63:Core/Src/tim.c ****     Error_Handler();
  64:Core/Src/tim.c ****   }
  65:Core/Src/tim.c **** 
  66:Core/Src/tim.c **** }
  91              		.loc 1 66 0
  92 004a 0DB0     		add	sp, sp, #52
  93              	.LCFI2:
  94              		.cfi_remember_state
  95              		.cfi_def_cfa_offset 4
  96              		@ sp needed
  97 004c 5DF804FB 		ldr	pc, [sp], #4
  98              	.L5:
  99              	.LCFI3:
 100              		.cfi_restore_state
  57:Core/Src/tim.c ****   }
 101              		.loc 1 57 0
 102 0050 FFF7FEFF 		bl	Error_Handler
 103              	.LVL3:
 104 0054 F1E7     		b	.L2
 105              	.L6:
ARM GAS  C:\Users\Aasman\AppData\Local\Temp\cc6pxC2h.s 			page 4


  63:Core/Src/tim.c ****   }
 106              		.loc 1 63 0
 107 0056 FFF7FEFF 		bl	Error_Handler
 108              	.LVL4:
 109              		.loc 1 66 0
 110 005a F6E7     		b	.L1
 111              	.L8:
 112              		.align	2
 113              	.L7:
 114 005c 00000000 		.word	htim1
 115 0060 00000140 		.word	1073807360
 116              		.cfi_endproc
 117              	.LFE133:
 119              		.section	.text.MX_TIM2_Init,"ax",%progbits
 120              		.align	1
 121              		.global	MX_TIM2_Init
 122              		.syntax unified
 123              		.thumb
 124              		.thumb_func
 125              		.fpu fpv4-sp-d16
 127              	MX_TIM2_Init:
 128              	.LFB134:
  67:Core/Src/tim.c **** /* TIM2 init function */
  68:Core/Src/tim.c **** void MX_TIM2_Init(void)
  69:Core/Src/tim.c **** {
 129              		.loc 1 69 0
 130              		.cfi_startproc
 131              		@ args = 0, pretend = 0, frame = 48
 132              		@ frame_needed = 0, uses_anonymous_args = 0
 133 0000 00B5     		push	{lr}
 134              	.LCFI4:
 135              		.cfi_def_cfa_offset 4
 136              		.cfi_offset 14, -4
 137 0002 8DB0     		sub	sp, sp, #52
 138              	.LCFI5:
 139              		.cfi_def_cfa_offset 56
  70:Core/Src/tim.c ****   TIM_Encoder_InitTypeDef sConfig = {0};
 140              		.loc 1 70 0
 141 0004 2022     		movs	r2, #32
 142 0006 0021     		movs	r1, #0
 143 0008 04A8     		add	r0, sp, #16
 144 000a FFF7FEFF 		bl	memset
 145              	.LVL5:
  71:Core/Src/tim.c ****   TIM_MasterConfigTypeDef sMasterConfig = {0};
 146              		.loc 1 71 0
 147 000e 0023     		movs	r3, #0
 148 0010 0193     		str	r3, [sp, #4]
 149 0012 0293     		str	r3, [sp, #8]
  72:Core/Src/tim.c **** 
  73:Core/Src/tim.c ****   htim2.Instance = TIM2;
 150              		.loc 1 73 0
 151 0014 1148     		ldr	r0, .L15
 152 0016 4FF08042 		mov	r2, #1073741824
 153 001a 0260     		str	r2, [r0]
  74:Core/Src/tim.c ****   htim2.Init.Prescaler = 0;
 154              		.loc 1 74 0
 155 001c 4360     		str	r3, [r0, #4]
ARM GAS  C:\Users\Aasman\AppData\Local\Temp\cc6pxC2h.s 			page 5


  75:Core/Src/tim.c ****   htim2.Init.CounterMode = TIM_COUNTERMODE_UP;
 156              		.loc 1 75 0
 157 001e 8360     		str	r3, [r0, #8]
  76:Core/Src/tim.c ****   htim2.Init.Period = 65535;
 158              		.loc 1 76 0
 159 0020 4FF6FF72 		movw	r2, #65535
 160 0024 C260     		str	r2, [r0, #12]
  77:Core/Src/tim.c ****   htim2.Init.ClockDivision = TIM_CLOCKDIVISION_DIV1;
 161              		.loc 1 77 0
 162 0026 0361     		str	r3, [r0, #16]
  78:Core/Src/tim.c ****   htim2.Init.AutoReloadPreload = TIM_AUTORELOAD_PRELOAD_DISABLE;
 163              		.loc 1 78 0
 164 0028 8361     		str	r3, [r0, #24]
  79:Core/Src/tim.c ****   sConfig.EncoderMode = TIM_ENCODERMODE_TI1;
 165              		.loc 1 79 0
 166 002a 0123     		movs	r3, #1
 167 002c 0393     		str	r3, [sp, #12]
  80:Core/Src/tim.c ****   sConfig.IC1Polarity = TIM_ICPOLARITY_RISING;
  81:Core/Src/tim.c ****   sConfig.IC1Selection = TIM_ICSELECTION_DIRECTTI;
 168              		.loc 1 81 0
 169 002e 0593     		str	r3, [sp, #20]
  82:Core/Src/tim.c ****   sConfig.IC1Prescaler = TIM_ICPSC_DIV1;
  83:Core/Src/tim.c ****   sConfig.IC1Filter = 0;
  84:Core/Src/tim.c ****   sConfig.IC2Polarity = TIM_ICPOLARITY_RISING;
  85:Core/Src/tim.c ****   sConfig.IC2Selection = TIM_ICSELECTION_DIRECTTI;
 170              		.loc 1 85 0
 171 0030 0993     		str	r3, [sp, #36]
  86:Core/Src/tim.c ****   sConfig.IC2Prescaler = TIM_ICPSC_DIV1;
  87:Core/Src/tim.c ****   sConfig.IC2Filter = 0;
  88:Core/Src/tim.c ****   if (HAL_TIM_Encoder_Init(&htim2, &sConfig) != HAL_OK)
 172              		.loc 1 88 0
 173 0032 03A9     		add	r1, sp, #12
 174 0034 FFF7FEFF 		bl	HAL_TIM_Encoder_Init
 175              	.LVL6:
 176 0038 50B9     		cbnz	r0, .L13
 177              	.L10:
  89:Core/Src/tim.c ****   {
  90:Core/Src/tim.c ****     Error_Handler();
  91:Core/Src/tim.c ****   }
  92:Core/Src/tim.c ****   sMasterConfig.MasterOutputTrigger = TIM_TRGO_RESET;
 178              		.loc 1 92 0
 179 003a 0023     		movs	r3, #0
 180 003c 0193     		str	r3, [sp, #4]
  93:Core/Src/tim.c ****   sMasterConfig.MasterSlaveMode = TIM_MASTERSLAVEMODE_DISABLE;
 181              		.loc 1 93 0
 182 003e 0293     		str	r3, [sp, #8]
  94:Core/Src/tim.c ****   if (HAL_TIMEx_MasterConfigSynchronization(&htim2, &sMasterConfig) != HAL_OK)
 183              		.loc 1 94 0
 184 0040 01A9     		add	r1, sp, #4
 185 0042 0648     		ldr	r0, .L15
 186 0044 FFF7FEFF 		bl	HAL_TIMEx_MasterConfigSynchronization
 187              	.LVL7:
 188 0048 28B9     		cbnz	r0, .L14
 189              	.L9:
  95:Core/Src/tim.c ****   {
  96:Core/Src/tim.c ****     Error_Handler();
  97:Core/Src/tim.c ****   }
ARM GAS  C:\Users\Aasman\AppData\Local\Temp\cc6pxC2h.s 			page 6


  98:Core/Src/tim.c **** 
  99:Core/Src/tim.c **** }
 190              		.loc 1 99 0
 191 004a 0DB0     		add	sp, sp, #52
 192              	.LCFI6:
 193              		.cfi_remember_state
 194              		.cfi_def_cfa_offset 4
 195              		@ sp needed
 196 004c 5DF804FB 		ldr	pc, [sp], #4
 197              	.L13:
 198              	.LCFI7:
 199              		.cfi_restore_state
  90:Core/Src/tim.c ****   }
 200              		.loc 1 90 0
 201 0050 FFF7FEFF 		bl	Error_Handler
 202              	.LVL8:
 203 0054 F1E7     		b	.L10
 204              	.L14:
  96:Core/Src/tim.c ****   }
 205              		.loc 1 96 0
 206 0056 FFF7FEFF 		bl	Error_Handler
 207              	.LVL9:
 208              		.loc 1 99 0
 209 005a F6E7     		b	.L9
 210              	.L16:
 211              		.align	2
 212              	.L15:
 213 005c 00000000 		.word	htim2
 214              		.cfi_endproc
 215              	.LFE134:
 217              		.section	.text.MX_TIM3_Init,"ax",%progbits
 218              		.align	1
 219              		.global	MX_TIM3_Init
 220              		.syntax unified
 221              		.thumb
 222              		.thumb_func
 223              		.fpu fpv4-sp-d16
 225              	MX_TIM3_Init:
 226              	.LFB135:
 100:Core/Src/tim.c **** /* TIM3 init function */
 101:Core/Src/tim.c **** void MX_TIM3_Init(void)
 102:Core/Src/tim.c **** {
 227              		.loc 1 102 0
 228              		.cfi_startproc
 229              		@ args = 0, pretend = 0, frame = 48
 230              		@ frame_needed = 0, uses_anonymous_args = 0
 231 0000 00B5     		push	{lr}
 232              	.LCFI8:
 233              		.cfi_def_cfa_offset 4
 234              		.cfi_offset 14, -4
 235 0002 8DB0     		sub	sp, sp, #52
 236              	.LCFI9:
 237              		.cfi_def_cfa_offset 56
 103:Core/Src/tim.c ****   TIM_Encoder_InitTypeDef sConfig = {0};
 238              		.loc 1 103 0
 239 0004 2022     		movs	r2, #32
 240 0006 0021     		movs	r1, #0
ARM GAS  C:\Users\Aasman\AppData\Local\Temp\cc6pxC2h.s 			page 7


 241 0008 04A8     		add	r0, sp, #16
 242 000a FFF7FEFF 		bl	memset
 243              	.LVL10:
 104:Core/Src/tim.c ****   TIM_MasterConfigTypeDef sMasterConfig = {0};
 244              		.loc 1 104 0
 245 000e 0023     		movs	r3, #0
 246 0010 0193     		str	r3, [sp, #4]
 247 0012 0293     		str	r3, [sp, #8]
 105:Core/Src/tim.c **** 
 106:Core/Src/tim.c ****   htim3.Instance = TIM3;
 248              		.loc 1 106 0
 249 0014 1148     		ldr	r0, .L23
 250 0016 124A     		ldr	r2, .L23+4
 251 0018 0260     		str	r2, [r0]
 107:Core/Src/tim.c ****   htim3.Init.Prescaler = 0;
 252              		.loc 1 107 0
 253 001a 4360     		str	r3, [r0, #4]
 108:Core/Src/tim.c ****   htim3.Init.CounterMode = TIM_COUNTERMODE_UP;
 254              		.loc 1 108 0
 255 001c 8360     		str	r3, [r0, #8]
 109:Core/Src/tim.c ****   htim3.Init.Period = 65535;
 256              		.loc 1 109 0
 257 001e 4FF6FF72 		movw	r2, #65535
 258 0022 C260     		str	r2, [r0, #12]
 110:Core/Src/tim.c ****   htim3.Init.ClockDivision = TIM_CLOCKDIVISION_DIV1;
 259              		.loc 1 110 0
 260 0024 0361     		str	r3, [r0, #16]
 111:Core/Src/tim.c ****   htim3.Init.AutoReloadPreload = TIM_AUTORELOAD_PRELOAD_DISABLE;
 261              		.loc 1 111 0
 262 0026 8361     		str	r3, [r0, #24]
 112:Core/Src/tim.c ****   sConfig.EncoderMode = TIM_ENCODERMODE_TI1;
 263              		.loc 1 112 0
 264 0028 0123     		movs	r3, #1
 265 002a 0393     		str	r3, [sp, #12]
 113:Core/Src/tim.c ****   sConfig.IC1Polarity = TIM_ICPOLARITY_RISING;
 114:Core/Src/tim.c ****   sConfig.IC1Selection = TIM_ICSELECTION_DIRECTTI;
 266              		.loc 1 114 0
 267 002c 0593     		str	r3, [sp, #20]
 115:Core/Src/tim.c ****   sConfig.IC1Prescaler = TIM_ICPSC_DIV1;
 116:Core/Src/tim.c ****   sConfig.IC1Filter = 0;
 117:Core/Src/tim.c ****   sConfig.IC2Polarity = TIM_ICPOLARITY_RISING;
 118:Core/Src/tim.c ****   sConfig.IC2Selection = TIM_ICSELECTION_DIRECTTI;
 268              		.loc 1 118 0
 269 002e 0993     		str	r3, [sp, #36]
 119:Core/Src/tim.c ****   sConfig.IC2Prescaler = TIM_ICPSC_DIV1;
 120:Core/Src/tim.c ****   sConfig.IC2Filter = 0;
 121:Core/Src/tim.c ****   if (HAL_TIM_Encoder_Init(&htim3, &sConfig) != HAL_OK)
 270              		.loc 1 121 0
 271 0030 03A9     		add	r1, sp, #12
 272 0032 FFF7FEFF 		bl	HAL_TIM_Encoder_Init
 273              	.LVL11:
 274 0036 50B9     		cbnz	r0, .L21
 275              	.L18:
 122:Core/Src/tim.c ****   {
 123:Core/Src/tim.c ****     Error_Handler();
 124:Core/Src/tim.c ****   }
 125:Core/Src/tim.c ****   sMasterConfig.MasterOutputTrigger = TIM_TRGO_RESET;
ARM GAS  C:\Users\Aasman\AppData\Local\Temp\cc6pxC2h.s 			page 8


 276              		.loc 1 125 0
 277 0038 0023     		movs	r3, #0
 278 003a 0193     		str	r3, [sp, #4]
 126:Core/Src/tim.c ****   sMasterConfig.MasterSlaveMode = TIM_MASTERSLAVEMODE_DISABLE;
 279              		.loc 1 126 0
 280 003c 0293     		str	r3, [sp, #8]
 127:Core/Src/tim.c ****   if (HAL_TIMEx_MasterConfigSynchronization(&htim3, &sMasterConfig) != HAL_OK)
 281              		.loc 1 127 0
 282 003e 01A9     		add	r1, sp, #4
 283 0040 0648     		ldr	r0, .L23
 284 0042 FFF7FEFF 		bl	HAL_TIMEx_MasterConfigSynchronization
 285              	.LVL12:
 286 0046 28B9     		cbnz	r0, .L22
 287              	.L17:
 128:Core/Src/tim.c ****   {
 129:Core/Src/tim.c ****     Error_Handler();
 130:Core/Src/tim.c ****   }
 131:Core/Src/tim.c **** 
 132:Core/Src/tim.c **** }
 288              		.loc 1 132 0
 289 0048 0DB0     		add	sp, sp, #52
 290              	.LCFI10:
 291              		.cfi_remember_state
 292              		.cfi_def_cfa_offset 4
 293              		@ sp needed
 294 004a 5DF804FB 		ldr	pc, [sp], #4
 295              	.L21:
 296              	.LCFI11:
 297              		.cfi_restore_state
 123:Core/Src/tim.c ****   }
 298              		.loc 1 123 0
 299 004e FFF7FEFF 		bl	Error_Handler
 300              	.LVL13:
 301 0052 F1E7     		b	.L18
 302              	.L22:
 129:Core/Src/tim.c ****   }
 303              		.loc 1 129 0
 304 0054 FFF7FEFF 		bl	Error_Handler
 305              	.LVL14:
 306              		.loc 1 132 0
 307 0058 F6E7     		b	.L17
 308              	.L24:
 309 005a 00BF     		.align	2
 310              	.L23:
 311 005c 00000000 		.word	htim3
 312 0060 00040040 		.word	1073742848
 313              		.cfi_endproc
 314              	.LFE135:
 316              		.section	.text.MX_TIM4_Init,"ax",%progbits
 317              		.align	1
 318              		.global	MX_TIM4_Init
 319              		.syntax unified
 320              		.thumb
 321              		.thumb_func
 322              		.fpu fpv4-sp-d16
 324              	MX_TIM4_Init:
 325              	.LFB136:
ARM GAS  C:\Users\Aasman\AppData\Local\Temp\cc6pxC2h.s 			page 9


 133:Core/Src/tim.c **** /* TIM4 init function */
 134:Core/Src/tim.c **** void MX_TIM4_Init(void)
 135:Core/Src/tim.c **** {
 326              		.loc 1 135 0
 327              		.cfi_startproc
 328              		@ args = 0, pretend = 0, frame = 48
 329              		@ frame_needed = 0, uses_anonymous_args = 0
 330 0000 00B5     		push	{lr}
 331              	.LCFI12:
 332              		.cfi_def_cfa_offset 4
 333              		.cfi_offset 14, -4
 334 0002 8DB0     		sub	sp, sp, #52
 335              	.LCFI13:
 336              		.cfi_def_cfa_offset 56
 136:Core/Src/tim.c ****   TIM_Encoder_InitTypeDef sConfig = {0};
 337              		.loc 1 136 0
 338 0004 2022     		movs	r2, #32
 339 0006 0021     		movs	r1, #0
 340 0008 04A8     		add	r0, sp, #16
 341 000a FFF7FEFF 		bl	memset
 342              	.LVL15:
 137:Core/Src/tim.c ****   TIM_MasterConfigTypeDef sMasterConfig = {0};
 343              		.loc 1 137 0
 344 000e 0023     		movs	r3, #0
 345 0010 0193     		str	r3, [sp, #4]
 346 0012 0293     		str	r3, [sp, #8]
 138:Core/Src/tim.c **** 
 139:Core/Src/tim.c ****   htim4.Instance = TIM4;
 347              		.loc 1 139 0
 348 0014 1148     		ldr	r0, .L31
 349 0016 124A     		ldr	r2, .L31+4
 350 0018 0260     		str	r2, [r0]
 140:Core/Src/tim.c ****   htim4.Init.Prescaler = 0;
 351              		.loc 1 140 0
 352 001a 4360     		str	r3, [r0, #4]
 141:Core/Src/tim.c ****   htim4.Init.CounterMode = TIM_COUNTERMODE_UP;
 353              		.loc 1 141 0
 354 001c 8360     		str	r3, [r0, #8]
 142:Core/Src/tim.c ****   htim4.Init.Period = 65535;
 355              		.loc 1 142 0
 356 001e 4FF6FF72 		movw	r2, #65535
 357 0022 C260     		str	r2, [r0, #12]
 143:Core/Src/tim.c ****   htim4.Init.ClockDivision = TIM_CLOCKDIVISION_DIV1;
 358              		.loc 1 143 0
 359 0024 0361     		str	r3, [r0, #16]
 144:Core/Src/tim.c ****   htim4.Init.AutoReloadPreload = TIM_AUTORELOAD_PRELOAD_DISABLE;
 360              		.loc 1 144 0
 361 0026 8361     		str	r3, [r0, #24]
 145:Core/Src/tim.c ****   sConfig.EncoderMode = TIM_ENCODERMODE_TI1;
 362              		.loc 1 145 0
 363 0028 0123     		movs	r3, #1
 364 002a 0393     		str	r3, [sp, #12]
 146:Core/Src/tim.c ****   sConfig.IC1Polarity = TIM_ICPOLARITY_RISING;
 147:Core/Src/tim.c ****   sConfig.IC1Selection = TIM_ICSELECTION_DIRECTTI;
 365              		.loc 1 147 0
 366 002c 0593     		str	r3, [sp, #20]
 148:Core/Src/tim.c ****   sConfig.IC1Prescaler = TIM_ICPSC_DIV1;
ARM GAS  C:\Users\Aasman\AppData\Local\Temp\cc6pxC2h.s 			page 10


 149:Core/Src/tim.c ****   sConfig.IC1Filter = 0;
 150:Core/Src/tim.c ****   sConfig.IC2Polarity = TIM_ICPOLARITY_RISING;
 151:Core/Src/tim.c ****   sConfig.IC2Selection = TIM_ICSELECTION_DIRECTTI;
 367              		.loc 1 151 0
 368 002e 0993     		str	r3, [sp, #36]
 152:Core/Src/tim.c ****   sConfig.IC2Prescaler = TIM_ICPSC_DIV1;
 153:Core/Src/tim.c ****   sConfig.IC2Filter = 0;
 154:Core/Src/tim.c ****   if (HAL_TIM_Encoder_Init(&htim4, &sConfig) != HAL_OK)
 369              		.loc 1 154 0
 370 0030 03A9     		add	r1, sp, #12
 371 0032 FFF7FEFF 		bl	HAL_TIM_Encoder_Init
 372              	.LVL16:
 373 0036 50B9     		cbnz	r0, .L29
 374              	.L26:
 155:Core/Src/tim.c ****   {
 156:Core/Src/tim.c ****     Error_Handler();
 157:Core/Src/tim.c ****   }
 158:Core/Src/tim.c ****   sMasterConfig.MasterOutputTrigger = TIM_TRGO_RESET;
 375              		.loc 1 158 0
 376 0038 0023     		movs	r3, #0
 377 003a 0193     		str	r3, [sp, #4]
 159:Core/Src/tim.c ****   sMasterConfig.MasterSlaveMode = TIM_MASTERSLAVEMODE_DISABLE;
 378              		.loc 1 159 0
 379 003c 0293     		str	r3, [sp, #8]
 160:Core/Src/tim.c ****   if (HAL_TIMEx_MasterConfigSynchronization(&htim4, &sMasterConfig) != HAL_OK)
 380              		.loc 1 160 0
 381 003e 01A9     		add	r1, sp, #4
 382 0040 0648     		ldr	r0, .L31
 383 0042 FFF7FEFF 		bl	HAL_TIMEx_MasterConfigSynchronization
 384              	.LVL17:
 385 0046 28B9     		cbnz	r0, .L30
 386              	.L25:
 161:Core/Src/tim.c ****   {
 162:Core/Src/tim.c ****     Error_Handler();
 163:Core/Src/tim.c ****   }
 164:Core/Src/tim.c **** 
 165:Core/Src/tim.c **** }
 387              		.loc 1 165 0
 388 0048 0DB0     		add	sp, sp, #52
 389              	.LCFI14:
 390              		.cfi_remember_state
 391              		.cfi_def_cfa_offset 4
 392              		@ sp needed
 393 004a 5DF804FB 		ldr	pc, [sp], #4
 394              	.L29:
 395              	.LCFI15:
 396              		.cfi_restore_state
 156:Core/Src/tim.c ****   }
 397              		.loc 1 156 0
 398 004e FFF7FEFF 		bl	Error_Handler
 399              	.LVL18:
 400 0052 F1E7     		b	.L26
 401              	.L30:
 162:Core/Src/tim.c ****   }
 402              		.loc 1 162 0
 403 0054 FFF7FEFF 		bl	Error_Handler
 404              	.LVL19:
ARM GAS  C:\Users\Aasman\AppData\Local\Temp\cc6pxC2h.s 			page 11


 405              		.loc 1 165 0
 406 0058 F6E7     		b	.L25
 407              	.L32:
 408 005a 00BF     		.align	2
 409              	.L31:
 410 005c 00000000 		.word	htim4
 411 0060 00080040 		.word	1073743872
 412              		.cfi_endproc
 413              	.LFE136:
 415              		.section	.text.HAL_TIM_Encoder_MspInit,"ax",%progbits
 416              		.align	1
 417              		.global	HAL_TIM_Encoder_MspInit
 418              		.syntax unified
 419              		.thumb
 420              		.thumb_func
 421              		.fpu fpv4-sp-d16
 423              	HAL_TIM_Encoder_MspInit:
 424              	.LFB138:
 166:Core/Src/tim.c **** /* TIM8 init function */
 167:Core/Src/tim.c **** void MX_TIM8_Init(void)
 168:Core/Src/tim.c **** {
 169:Core/Src/tim.c ****   TIM_MasterConfigTypeDef sMasterConfig = {0};
 170:Core/Src/tim.c ****   TIM_OC_InitTypeDef sConfigOC = {0};
 171:Core/Src/tim.c ****   TIM_BreakDeadTimeConfigTypeDef sBreakDeadTimeConfig = {0};
 172:Core/Src/tim.c **** 
 173:Core/Src/tim.c ****   htim8.Instance = TIM8;
 174:Core/Src/tim.c ****   htim8.Init.Prescaler = 0;
 175:Core/Src/tim.c ****   htim8.Init.CounterMode = TIM_COUNTERMODE_CENTERALIGNED1;
 176:Core/Src/tim.c ****   htim8.Init.Period = 10499;
 177:Core/Src/tim.c ****   htim8.Init.ClockDivision = TIM_CLOCKDIVISION_DIV1;
 178:Core/Src/tim.c ****   htim8.Init.RepetitionCounter = 0;
 179:Core/Src/tim.c ****   htim8.Init.AutoReloadPreload = TIM_AUTORELOAD_PRELOAD_DISABLE;
 180:Core/Src/tim.c ****   if (HAL_TIM_PWM_Init(&htim8) != HAL_OK)
 181:Core/Src/tim.c ****   {
 182:Core/Src/tim.c ****     Error_Handler();
 183:Core/Src/tim.c ****   }
 184:Core/Src/tim.c ****   sMasterConfig.MasterOutputTrigger = TIM_TRGO_RESET;
 185:Core/Src/tim.c ****   sMasterConfig.MasterSlaveMode = TIM_MASTERSLAVEMODE_DISABLE;
 186:Core/Src/tim.c ****   if (HAL_TIMEx_MasterConfigSynchronization(&htim8, &sMasterConfig) != HAL_OK)
 187:Core/Src/tim.c ****   {
 188:Core/Src/tim.c ****     Error_Handler();
 189:Core/Src/tim.c ****   }
 190:Core/Src/tim.c ****   sConfigOC.OCMode = TIM_OCMODE_PWM1;
 191:Core/Src/tim.c ****   sConfigOC.Pulse = 0;
 192:Core/Src/tim.c ****   sConfigOC.OCPolarity = TIM_OCPOLARITY_HIGH;
 193:Core/Src/tim.c ****   sConfigOC.OCNPolarity = TIM_OCNPOLARITY_HIGH;
 194:Core/Src/tim.c ****   sConfigOC.OCFastMode = TIM_OCFAST_DISABLE;
 195:Core/Src/tim.c ****   sConfigOC.OCIdleState = TIM_OCIDLESTATE_RESET;
 196:Core/Src/tim.c ****   sConfigOC.OCNIdleState = TIM_OCNIDLESTATE_RESET;
 197:Core/Src/tim.c ****   if (HAL_TIM_PWM_ConfigChannel(&htim8, &sConfigOC, TIM_CHANNEL_1) != HAL_OK)
 198:Core/Src/tim.c ****   {
 199:Core/Src/tim.c ****     Error_Handler();
 200:Core/Src/tim.c ****   }
 201:Core/Src/tim.c ****   if (HAL_TIM_PWM_ConfigChannel(&htim8, &sConfigOC, TIM_CHANNEL_2) != HAL_OK)
 202:Core/Src/tim.c ****   {
 203:Core/Src/tim.c ****     Error_Handler();
 204:Core/Src/tim.c ****   }
ARM GAS  C:\Users\Aasman\AppData\Local\Temp\cc6pxC2h.s 			page 12


 205:Core/Src/tim.c ****   if (HAL_TIM_PWM_ConfigChannel(&htim8, &sConfigOC, TIM_CHANNEL_3) != HAL_OK)
 206:Core/Src/tim.c ****   {
 207:Core/Src/tim.c ****     Error_Handler();
 208:Core/Src/tim.c ****   }
 209:Core/Src/tim.c ****   if (HAL_TIM_PWM_ConfigChannel(&htim8, &sConfigOC, TIM_CHANNEL_4) != HAL_OK)
 210:Core/Src/tim.c ****   {
 211:Core/Src/tim.c ****     Error_Handler();
 212:Core/Src/tim.c ****   }
 213:Core/Src/tim.c ****   sBreakDeadTimeConfig.OffStateRunMode = TIM_OSSR_DISABLE;
 214:Core/Src/tim.c ****   sBreakDeadTimeConfig.OffStateIDLEMode = TIM_OSSI_DISABLE;
 215:Core/Src/tim.c ****   sBreakDeadTimeConfig.LockLevel = TIM_LOCKLEVEL_OFF;
 216:Core/Src/tim.c ****   sBreakDeadTimeConfig.DeadTime = 0;
 217:Core/Src/tim.c ****   sBreakDeadTimeConfig.BreakState = TIM_BREAK_DISABLE;
 218:Core/Src/tim.c ****   sBreakDeadTimeConfig.BreakPolarity = TIM_BREAKPOLARITY_HIGH;
 219:Core/Src/tim.c ****   sBreakDeadTimeConfig.AutomaticOutput = TIM_AUTOMATICOUTPUT_DISABLE;
 220:Core/Src/tim.c ****   if (HAL_TIMEx_ConfigBreakDeadTime(&htim8, &sBreakDeadTimeConfig) != HAL_OK)
 221:Core/Src/tim.c ****   {
 222:Core/Src/tim.c ****     Error_Handler();
 223:Core/Src/tim.c ****   }
 224:Core/Src/tim.c ****   HAL_TIM_MspPostInit(&htim8);
 225:Core/Src/tim.c **** 
 226:Core/Src/tim.c **** }
 227:Core/Src/tim.c **** 
 228:Core/Src/tim.c **** void HAL_TIM_Encoder_MspInit(TIM_HandleTypeDef* tim_encoderHandle)
 229:Core/Src/tim.c **** {
 425              		.loc 1 229 0
 426              		.cfi_startproc
 427              		@ args = 0, pretend = 0, frame = 64
 428              		@ frame_needed = 0, uses_anonymous_args = 0
 429              	.LVL20:
 430 0000 70B5     		push	{r4, r5, r6, lr}
 431              	.LCFI16:
 432              		.cfi_def_cfa_offset 16
 433              		.cfi_offset 4, -16
 434              		.cfi_offset 5, -12
 435              		.cfi_offset 6, -8
 436              		.cfi_offset 14, -4
 437 0002 90B0     		sub	sp, sp, #64
 438              	.LCFI17:
 439              		.cfi_def_cfa_offset 80
 230:Core/Src/tim.c **** 
 231:Core/Src/tim.c ****   GPIO_InitTypeDef GPIO_InitStruct = {0};
 440              		.loc 1 231 0
 441 0004 0023     		movs	r3, #0
 442 0006 0B93     		str	r3, [sp, #44]
 443 0008 0C93     		str	r3, [sp, #48]
 444 000a 0D93     		str	r3, [sp, #52]
 445 000c 0E93     		str	r3, [sp, #56]
 446 000e 0F93     		str	r3, [sp, #60]
 232:Core/Src/tim.c ****   if(tim_encoderHandle->Instance==TIM1)
 447              		.loc 1 232 0
 448 0010 0368     		ldr	r3, [r0]
 449 0012 7E4A     		ldr	r2, .L43
 450 0014 9342     		cmp	r3, r2
 451 0016 0CD0     		beq	.L39
 233:Core/Src/tim.c ****   {
 234:Core/Src/tim.c ****   /* USER CODE BEGIN TIM1_MspInit 0 */
ARM GAS  C:\Users\Aasman\AppData\Local\Temp\cc6pxC2h.s 			page 13


 235:Core/Src/tim.c **** 
 236:Core/Src/tim.c ****   /* USER CODE END TIM1_MspInit 0 */
 237:Core/Src/tim.c ****     /* TIM1 clock enable */
 238:Core/Src/tim.c ****     __HAL_RCC_TIM1_CLK_ENABLE();
 239:Core/Src/tim.c ****   
 240:Core/Src/tim.c ****     __HAL_RCC_GPIOE_CLK_ENABLE();
 241:Core/Src/tim.c ****     __HAL_RCC_GPIOA_CLK_ENABLE();
 242:Core/Src/tim.c ****     /**TIM1 GPIO Configuration    
 243:Core/Src/tim.c ****     PE11     ------> TIM1_CH2
 244:Core/Src/tim.c ****     PA8     ------> TIM1_CH1 
 245:Core/Src/tim.c ****     */
 246:Core/Src/tim.c ****     GPIO_InitStruct.Pin = GPIO_PIN_11;
 247:Core/Src/tim.c ****     GPIO_InitStruct.Mode = GPIO_MODE_AF_PP;
 248:Core/Src/tim.c ****     GPIO_InitStruct.Pull = GPIO_PULLUP;
 249:Core/Src/tim.c ****     GPIO_InitStruct.Speed = GPIO_SPEED_FREQ_LOW;
 250:Core/Src/tim.c ****     GPIO_InitStruct.Alternate = GPIO_AF1_TIM1;
 251:Core/Src/tim.c ****     HAL_GPIO_Init(GPIOE, &GPIO_InitStruct);
 252:Core/Src/tim.c **** 
 253:Core/Src/tim.c ****     GPIO_InitStruct.Pin = GPIO_PIN_8;
 254:Core/Src/tim.c ****     GPIO_InitStruct.Mode = GPIO_MODE_AF_PP;
 255:Core/Src/tim.c ****     GPIO_InitStruct.Pull = GPIO_PULLUP;
 256:Core/Src/tim.c ****     GPIO_InitStruct.Speed = GPIO_SPEED_FREQ_LOW;
 257:Core/Src/tim.c ****     GPIO_InitStruct.Alternate = GPIO_AF1_TIM1;
 258:Core/Src/tim.c ****     HAL_GPIO_Init(GPIOA, &GPIO_InitStruct);
 259:Core/Src/tim.c **** 
 260:Core/Src/tim.c ****     /* TIM1 interrupt Init */
 261:Core/Src/tim.c ****     HAL_NVIC_SetPriority(TIM1_BRK_TIM9_IRQn, 0, 0);
 262:Core/Src/tim.c ****     HAL_NVIC_EnableIRQ(TIM1_BRK_TIM9_IRQn);
 263:Core/Src/tim.c ****     HAL_NVIC_SetPriority(TIM1_UP_TIM10_IRQn, 0, 0);
 264:Core/Src/tim.c ****     HAL_NVIC_EnableIRQ(TIM1_UP_TIM10_IRQn);
 265:Core/Src/tim.c ****     HAL_NVIC_SetPriority(TIM1_TRG_COM_TIM11_IRQn, 0, 0);
 266:Core/Src/tim.c ****     HAL_NVIC_EnableIRQ(TIM1_TRG_COM_TIM11_IRQn);
 267:Core/Src/tim.c ****     HAL_NVIC_SetPriority(TIM1_CC_IRQn, 0, 0);
 268:Core/Src/tim.c ****     HAL_NVIC_EnableIRQ(TIM1_CC_IRQn);
 269:Core/Src/tim.c ****   /* USER CODE BEGIN TIM1_MspInit 1 */
 270:Core/Src/tim.c **** 
 271:Core/Src/tim.c ****   /* USER CODE END TIM1_MspInit 1 */
 272:Core/Src/tim.c ****   }
 273:Core/Src/tim.c ****   else if(tim_encoderHandle->Instance==TIM2)
 452              		.loc 1 273 0
 453 0018 B3F1804F 		cmp	r3, #1073741824
 454 001c 61D0     		beq	.L40
 274:Core/Src/tim.c ****   {
 275:Core/Src/tim.c ****   /* USER CODE BEGIN TIM2_MspInit 0 */
 276:Core/Src/tim.c **** 
 277:Core/Src/tim.c ****   /* USER CODE END TIM2_MspInit 0 */
 278:Core/Src/tim.c ****     /* TIM2 clock enable */
 279:Core/Src/tim.c ****     __HAL_RCC_TIM2_CLK_ENABLE();
 280:Core/Src/tim.c ****   
 281:Core/Src/tim.c ****     __HAL_RCC_GPIOA_CLK_ENABLE();
 282:Core/Src/tim.c ****     /**TIM2 GPIO Configuration    
 283:Core/Src/tim.c ****     PA1     ------> TIM2_CH2
 284:Core/Src/tim.c ****     PA15     ------> TIM2_CH1 
 285:Core/Src/tim.c ****     */
 286:Core/Src/tim.c ****     GPIO_InitStruct.Pin = GPIO_PIN_1|GPIO_PIN_15;
 287:Core/Src/tim.c ****     GPIO_InitStruct.Mode = GPIO_MODE_AF_PP;
 288:Core/Src/tim.c ****     GPIO_InitStruct.Pull = GPIO_PULLUP;
ARM GAS  C:\Users\Aasman\AppData\Local\Temp\cc6pxC2h.s 			page 14


 289:Core/Src/tim.c ****     GPIO_InitStruct.Speed = GPIO_SPEED_FREQ_LOW;
 290:Core/Src/tim.c ****     GPIO_InitStruct.Alternate = GPIO_AF1_TIM2;
 291:Core/Src/tim.c ****     HAL_GPIO_Init(GPIOA, &GPIO_InitStruct);
 292:Core/Src/tim.c **** 
 293:Core/Src/tim.c ****     /* TIM2 interrupt Init */
 294:Core/Src/tim.c ****     HAL_NVIC_SetPriority(TIM2_IRQn, 0, 0);
 295:Core/Src/tim.c ****     HAL_NVIC_EnableIRQ(TIM2_IRQn);
 296:Core/Src/tim.c ****   /* USER CODE BEGIN TIM2_MspInit 1 */
 297:Core/Src/tim.c **** 
 298:Core/Src/tim.c ****   /* USER CODE END TIM2_MspInit 1 */
 299:Core/Src/tim.c ****   }
 300:Core/Src/tim.c ****   else if(tim_encoderHandle->Instance==TIM3)
 455              		.loc 1 300 0
 456 001e 7C4A     		ldr	r2, .L43+4
 457 0020 9342     		cmp	r3, r2
 458 0022 00F08A80 		beq	.L41
 301:Core/Src/tim.c ****   {
 302:Core/Src/tim.c ****   /* USER CODE BEGIN TIM3_MspInit 0 */
 303:Core/Src/tim.c **** 
 304:Core/Src/tim.c ****   /* USER CODE END TIM3_MspInit 0 */
 305:Core/Src/tim.c ****     /* TIM3 clock enable */
 306:Core/Src/tim.c ****     __HAL_RCC_TIM3_CLK_ENABLE();
 307:Core/Src/tim.c ****   
 308:Core/Src/tim.c ****     __HAL_RCC_GPIOA_CLK_ENABLE();
 309:Core/Src/tim.c ****     __HAL_RCC_GPIOB_CLK_ENABLE();
 310:Core/Src/tim.c ****     /**TIM3 GPIO Configuration    
 311:Core/Src/tim.c ****     PA7     ------> TIM3_CH2
 312:Core/Src/tim.c ****     PB4     ------> TIM3_CH1 
 313:Core/Src/tim.c ****     */
 314:Core/Src/tim.c ****     GPIO_InitStruct.Pin = GPIO_PIN_7;
 315:Core/Src/tim.c ****     GPIO_InitStruct.Mode = GPIO_MODE_AF_PP;
 316:Core/Src/tim.c ****     GPIO_InitStruct.Pull = GPIO_PULLUP;
 317:Core/Src/tim.c ****     GPIO_InitStruct.Speed = GPIO_SPEED_FREQ_LOW;
 318:Core/Src/tim.c ****     GPIO_InitStruct.Alternate = GPIO_AF2_TIM3;
 319:Core/Src/tim.c ****     HAL_GPIO_Init(GPIOA, &GPIO_InitStruct);
 320:Core/Src/tim.c **** 
 321:Core/Src/tim.c ****     GPIO_InitStruct.Pin = GPIO_PIN_4;
 322:Core/Src/tim.c ****     GPIO_InitStruct.Mode = GPIO_MODE_AF_PP;
 323:Core/Src/tim.c ****     GPIO_InitStruct.Pull = GPIO_PULLUP;
 324:Core/Src/tim.c ****     GPIO_InitStruct.Speed = GPIO_SPEED_FREQ_LOW;
 325:Core/Src/tim.c ****     GPIO_InitStruct.Alternate = GPIO_AF2_TIM3;
 326:Core/Src/tim.c ****     HAL_GPIO_Init(GPIOB, &GPIO_InitStruct);
 327:Core/Src/tim.c **** 
 328:Core/Src/tim.c ****     /* TIM3 interrupt Init */
 329:Core/Src/tim.c ****     HAL_NVIC_SetPriority(TIM3_IRQn, 0, 0);
 330:Core/Src/tim.c ****     HAL_NVIC_EnableIRQ(TIM3_IRQn);
 331:Core/Src/tim.c ****   /* USER CODE BEGIN TIM3_MspInit 1 */
 332:Core/Src/tim.c **** 
 333:Core/Src/tim.c ****   /* USER CODE END TIM3_MspInit 1 */
 334:Core/Src/tim.c ****   }
 335:Core/Src/tim.c ****   else if(tim_encoderHandle->Instance==TIM4)
 459              		.loc 1 335 0
 460 0026 7B4A     		ldr	r2, .L43+8
 461 0028 9342     		cmp	r3, r2
 462 002a 00F0C480 		beq	.L42
 463              	.LVL21:
 464              	.L33:
ARM GAS  C:\Users\Aasman\AppData\Local\Temp\cc6pxC2h.s 			page 15


 336:Core/Src/tim.c ****   {
 337:Core/Src/tim.c ****   /* USER CODE BEGIN TIM4_MspInit 0 */
 338:Core/Src/tim.c **** 
 339:Core/Src/tim.c ****   /* USER CODE END TIM4_MspInit 0 */
 340:Core/Src/tim.c ****     /* TIM4 clock enable */
 341:Core/Src/tim.c ****     __HAL_RCC_TIM4_CLK_ENABLE();
 342:Core/Src/tim.c ****   
 343:Core/Src/tim.c ****     __HAL_RCC_GPIOB_CLK_ENABLE();
 344:Core/Src/tim.c ****     /**TIM4 GPIO Configuration    
 345:Core/Src/tim.c ****     PB6     ------> TIM4_CH1
 346:Core/Src/tim.c ****     PB7     ------> TIM4_CH2 
 347:Core/Src/tim.c ****     */
 348:Core/Src/tim.c ****     GPIO_InitStruct.Pin = GPIO_PIN_6|GPIO_PIN_7;
 349:Core/Src/tim.c ****     GPIO_InitStruct.Mode = GPIO_MODE_AF_PP;
 350:Core/Src/tim.c ****     GPIO_InitStruct.Pull = GPIO_PULLUP;
 351:Core/Src/tim.c ****     GPIO_InitStruct.Speed = GPIO_SPEED_FREQ_LOW;
 352:Core/Src/tim.c ****     GPIO_InitStruct.Alternate = GPIO_AF2_TIM4;
 353:Core/Src/tim.c ****     HAL_GPIO_Init(GPIOB, &GPIO_InitStruct);
 354:Core/Src/tim.c **** 
 355:Core/Src/tim.c ****     /* TIM4 interrupt Init */
 356:Core/Src/tim.c ****     HAL_NVIC_SetPriority(TIM4_IRQn, 0, 0);
 357:Core/Src/tim.c ****     HAL_NVIC_EnableIRQ(TIM4_IRQn);
 358:Core/Src/tim.c ****   /* USER CODE BEGIN TIM4_MspInit 1 */
 359:Core/Src/tim.c **** 
 360:Core/Src/tim.c ****   /* USER CODE END TIM4_MspInit 1 */
 361:Core/Src/tim.c ****   }
 362:Core/Src/tim.c **** }
 465              		.loc 1 362 0
 466 002e 10B0     		add	sp, sp, #64
 467              	.LCFI18:
 468              		.cfi_remember_state
 469              		.cfi_def_cfa_offset 16
 470              		@ sp needed
 471 0030 70BD     		pop	{r4, r5, r6, pc}
 472              	.LVL22:
 473              	.L39:
 474              	.LCFI19:
 475              		.cfi_restore_state
 476              	.LBB2:
 238:Core/Src/tim.c ****   
 477              		.loc 1 238 0
 478 0032 0024     		movs	r4, #0
 479 0034 0194     		str	r4, [sp, #4]
 480 0036 784B     		ldr	r3, .L43+12
 481 0038 5A6C     		ldr	r2, [r3, #68]
 482 003a 42F00102 		orr	r2, r2, #1
 483 003e 5A64     		str	r2, [r3, #68]
 484 0040 5A6C     		ldr	r2, [r3, #68]
 485 0042 02F00102 		and	r2, r2, #1
 486 0046 0192     		str	r2, [sp, #4]
 487 0048 019A     		ldr	r2, [sp, #4]
 488              	.LBE2:
 489              	.LBB3:
 240:Core/Src/tim.c ****     __HAL_RCC_GPIOA_CLK_ENABLE();
 490              		.loc 1 240 0
 491 004a 0294     		str	r4, [sp, #8]
 492 004c 1A6B     		ldr	r2, [r3, #48]
ARM GAS  C:\Users\Aasman\AppData\Local\Temp\cc6pxC2h.s 			page 16


 493 004e 42F01002 		orr	r2, r2, #16
 494 0052 1A63     		str	r2, [r3, #48]
 495 0054 1A6B     		ldr	r2, [r3, #48]
 496 0056 02F01002 		and	r2, r2, #16
 497 005a 0292     		str	r2, [sp, #8]
 498 005c 029A     		ldr	r2, [sp, #8]
 499              	.LBE3:
 500              	.LBB4:
 241:Core/Src/tim.c ****     /**TIM1 GPIO Configuration    
 501              		.loc 1 241 0
 502 005e 0394     		str	r4, [sp, #12]
 503 0060 1A6B     		ldr	r2, [r3, #48]
 504 0062 42F00102 		orr	r2, r2, #1
 505 0066 1A63     		str	r2, [r3, #48]
 506 0068 1B6B     		ldr	r3, [r3, #48]
 507 006a 03F00103 		and	r3, r3, #1
 508 006e 0393     		str	r3, [sp, #12]
 509 0070 039B     		ldr	r3, [sp, #12]
 510              	.LBE4:
 246:Core/Src/tim.c ****     GPIO_InitStruct.Mode = GPIO_MODE_AF_PP;
 511              		.loc 1 246 0
 512 0072 4FF40063 		mov	r3, #2048
 513 0076 0B93     		str	r3, [sp, #44]
 247:Core/Src/tim.c ****     GPIO_InitStruct.Pull = GPIO_PULLUP;
 514              		.loc 1 247 0
 515 0078 0226     		movs	r6, #2
 516 007a 0C96     		str	r6, [sp, #48]
 248:Core/Src/tim.c ****     GPIO_InitStruct.Speed = GPIO_SPEED_FREQ_LOW;
 517              		.loc 1 248 0
 518 007c 0125     		movs	r5, #1
 519 007e 0D95     		str	r5, [sp, #52]
 250:Core/Src/tim.c ****     HAL_GPIO_Init(GPIOE, &GPIO_InitStruct);
 520              		.loc 1 250 0
 521 0080 0F95     		str	r5, [sp, #60]
 251:Core/Src/tim.c **** 
 522              		.loc 1 251 0
 523 0082 0BA9     		add	r1, sp, #44
 524 0084 6548     		ldr	r0, .L43+16
 525              	.LVL23:
 526 0086 FFF7FEFF 		bl	HAL_GPIO_Init
 527              	.LVL24:
 253:Core/Src/tim.c ****     GPIO_InitStruct.Mode = GPIO_MODE_AF_PP;
 528              		.loc 1 253 0
 529 008a 4FF48073 		mov	r3, #256
 530 008e 0B93     		str	r3, [sp, #44]
 254:Core/Src/tim.c ****     GPIO_InitStruct.Pull = GPIO_PULLUP;
 531              		.loc 1 254 0
 532 0090 0C96     		str	r6, [sp, #48]
 255:Core/Src/tim.c ****     GPIO_InitStruct.Speed = GPIO_SPEED_FREQ_LOW;
 533              		.loc 1 255 0
 534 0092 0D95     		str	r5, [sp, #52]
 256:Core/Src/tim.c ****     GPIO_InitStruct.Alternate = GPIO_AF1_TIM1;
 535              		.loc 1 256 0
 536 0094 0E94     		str	r4, [sp, #56]
 257:Core/Src/tim.c ****     HAL_GPIO_Init(GPIOA, &GPIO_InitStruct);
 537              		.loc 1 257 0
 538 0096 0F95     		str	r5, [sp, #60]
ARM GAS  C:\Users\Aasman\AppData\Local\Temp\cc6pxC2h.s 			page 17


 258:Core/Src/tim.c **** 
 539              		.loc 1 258 0
 540 0098 0BA9     		add	r1, sp, #44
 541 009a 6148     		ldr	r0, .L43+20
 542 009c FFF7FEFF 		bl	HAL_GPIO_Init
 543              	.LVL25:
 261:Core/Src/tim.c ****     HAL_NVIC_EnableIRQ(TIM1_BRK_TIM9_IRQn);
 544              		.loc 1 261 0
 545 00a0 2246     		mov	r2, r4
 546 00a2 2146     		mov	r1, r4
 547 00a4 1820     		movs	r0, #24
 548 00a6 FFF7FEFF 		bl	HAL_NVIC_SetPriority
 549              	.LVL26:
 262:Core/Src/tim.c ****     HAL_NVIC_SetPriority(TIM1_UP_TIM10_IRQn, 0, 0);
 550              		.loc 1 262 0
 551 00aa 1820     		movs	r0, #24
 552 00ac FFF7FEFF 		bl	HAL_NVIC_EnableIRQ
 553              	.LVL27:
 263:Core/Src/tim.c ****     HAL_NVIC_EnableIRQ(TIM1_UP_TIM10_IRQn);
 554              		.loc 1 263 0
 555 00b0 2246     		mov	r2, r4
 556 00b2 2146     		mov	r1, r4
 557 00b4 1920     		movs	r0, #25
 558 00b6 FFF7FEFF 		bl	HAL_NVIC_SetPriority
 559              	.LVL28:
 264:Core/Src/tim.c ****     HAL_NVIC_SetPriority(TIM1_TRG_COM_TIM11_IRQn, 0, 0);
 560              		.loc 1 264 0
 561 00ba 1920     		movs	r0, #25
 562 00bc FFF7FEFF 		bl	HAL_NVIC_EnableIRQ
 563              	.LVL29:
 265:Core/Src/tim.c ****     HAL_NVIC_EnableIRQ(TIM1_TRG_COM_TIM11_IRQn);
 564              		.loc 1 265 0
 565 00c0 2246     		mov	r2, r4
 566 00c2 2146     		mov	r1, r4
 567 00c4 1A20     		movs	r0, #26
 568 00c6 FFF7FEFF 		bl	HAL_NVIC_SetPriority
 569              	.LVL30:
 266:Core/Src/tim.c ****     HAL_NVIC_SetPriority(TIM1_CC_IRQn, 0, 0);
 570              		.loc 1 266 0
 571 00ca 1A20     		movs	r0, #26
 572 00cc FFF7FEFF 		bl	HAL_NVIC_EnableIRQ
 573              	.LVL31:
 267:Core/Src/tim.c ****     HAL_NVIC_EnableIRQ(TIM1_CC_IRQn);
 574              		.loc 1 267 0
 575 00d0 2246     		mov	r2, r4
 576 00d2 2146     		mov	r1, r4
 577 00d4 1B20     		movs	r0, #27
 578 00d6 FFF7FEFF 		bl	HAL_NVIC_SetPriority
 579              	.LVL32:
 268:Core/Src/tim.c ****   /* USER CODE BEGIN TIM1_MspInit 1 */
 580              		.loc 1 268 0
 581 00da 1B20     		movs	r0, #27
 582 00dc FFF7FEFF 		bl	HAL_NVIC_EnableIRQ
 583              	.LVL33:
 584 00e0 A5E7     		b	.L33
 585              	.LVL34:
 586              	.L40:
ARM GAS  C:\Users\Aasman\AppData\Local\Temp\cc6pxC2h.s 			page 18


 587              	.LBB5:
 279:Core/Src/tim.c ****   
 588              		.loc 1 279 0
 589 00e2 0024     		movs	r4, #0
 590 00e4 0494     		str	r4, [sp, #16]
 591 00e6 03F50E33 		add	r3, r3, #145408
 592 00ea 1A6C     		ldr	r2, [r3, #64]
 593 00ec 42F00102 		orr	r2, r2, #1
 594 00f0 1A64     		str	r2, [r3, #64]
 595 00f2 1A6C     		ldr	r2, [r3, #64]
 596 00f4 02F00102 		and	r2, r2, #1
 597 00f8 0492     		str	r2, [sp, #16]
 598 00fa 049A     		ldr	r2, [sp, #16]
 599              	.LBE5:
 600              	.LBB6:
 281:Core/Src/tim.c ****     /**TIM2 GPIO Configuration    
 601              		.loc 1 281 0
 602 00fc 0594     		str	r4, [sp, #20]
 603 00fe 1A6B     		ldr	r2, [r3, #48]
 604 0100 42F00102 		orr	r2, r2, #1
 605 0104 1A63     		str	r2, [r3, #48]
 606 0106 1B6B     		ldr	r3, [r3, #48]
 607 0108 03F00103 		and	r3, r3, #1
 608 010c 0593     		str	r3, [sp, #20]
 609 010e 059B     		ldr	r3, [sp, #20]
 610              	.LBE6:
 286:Core/Src/tim.c ****     GPIO_InitStruct.Mode = GPIO_MODE_AF_PP;
 611              		.loc 1 286 0
 612 0110 48F20203 		movw	r3, #32770
 613 0114 0B93     		str	r3, [sp, #44]
 287:Core/Src/tim.c ****     GPIO_InitStruct.Pull = GPIO_PULLUP;
 614              		.loc 1 287 0
 615 0116 0223     		movs	r3, #2
 616 0118 0C93     		str	r3, [sp, #48]
 288:Core/Src/tim.c ****     GPIO_InitStruct.Speed = GPIO_SPEED_FREQ_LOW;
 617              		.loc 1 288 0
 618 011a 0123     		movs	r3, #1
 619 011c 0D93     		str	r3, [sp, #52]
 290:Core/Src/tim.c ****     HAL_GPIO_Init(GPIOA, &GPIO_InitStruct);
 620              		.loc 1 290 0
 621 011e 0F93     		str	r3, [sp, #60]
 291:Core/Src/tim.c **** 
 622              		.loc 1 291 0
 623 0120 0BA9     		add	r1, sp, #44
 624 0122 3F48     		ldr	r0, .L43+20
 625              	.LVL35:
 626 0124 FFF7FEFF 		bl	HAL_GPIO_Init
 627              	.LVL36:
 294:Core/Src/tim.c ****     HAL_NVIC_EnableIRQ(TIM2_IRQn);
 628              		.loc 1 294 0
 629 0128 2246     		mov	r2, r4
 630 012a 2146     		mov	r1, r4
 631 012c 1C20     		movs	r0, #28
 632 012e FFF7FEFF 		bl	HAL_NVIC_SetPriority
 633              	.LVL37:
 295:Core/Src/tim.c ****   /* USER CODE BEGIN TIM2_MspInit 1 */
 634              		.loc 1 295 0
ARM GAS  C:\Users\Aasman\AppData\Local\Temp\cc6pxC2h.s 			page 19


 635 0132 1C20     		movs	r0, #28
 636 0134 FFF7FEFF 		bl	HAL_NVIC_EnableIRQ
 637              	.LVL38:
 638 0138 79E7     		b	.L33
 639              	.LVL39:
 640              	.L41:
 641              	.LBB7:
 306:Core/Src/tim.c ****   
 642              		.loc 1 306 0
 643 013a 0024     		movs	r4, #0
 644 013c 0694     		str	r4, [sp, #24]
 645 013e 364B     		ldr	r3, .L43+12
 646 0140 1A6C     		ldr	r2, [r3, #64]
 647 0142 42F00202 		orr	r2, r2, #2
 648 0146 1A64     		str	r2, [r3, #64]
 649 0148 1A6C     		ldr	r2, [r3, #64]
 650 014a 02F00202 		and	r2, r2, #2
 651 014e 0692     		str	r2, [sp, #24]
 652 0150 069A     		ldr	r2, [sp, #24]
 653              	.LBE7:
 654              	.LBB8:
 308:Core/Src/tim.c ****     __HAL_RCC_GPIOB_CLK_ENABLE();
 655              		.loc 1 308 0
 656 0152 0794     		str	r4, [sp, #28]
 657 0154 1A6B     		ldr	r2, [r3, #48]
 658 0156 42F00102 		orr	r2, r2, #1
 659 015a 1A63     		str	r2, [r3, #48]
 660 015c 1A6B     		ldr	r2, [r3, #48]
 661 015e 02F00102 		and	r2, r2, #1
 662 0162 0792     		str	r2, [sp, #28]
 663 0164 079A     		ldr	r2, [sp, #28]
 664              	.LBE8:
 665              	.LBB9:
 309:Core/Src/tim.c ****     /**TIM3 GPIO Configuration    
 666              		.loc 1 309 0
 667 0166 0894     		str	r4, [sp, #32]
 668 0168 1A6B     		ldr	r2, [r3, #48]
 669 016a 42F00202 		orr	r2, r2, #2
 670 016e 1A63     		str	r2, [r3, #48]
 671 0170 1B6B     		ldr	r3, [r3, #48]
 672 0172 03F00203 		and	r3, r3, #2
 673 0176 0893     		str	r3, [sp, #32]
 674 0178 089B     		ldr	r3, [sp, #32]
 675              	.LBE9:
 314:Core/Src/tim.c ****     GPIO_InitStruct.Mode = GPIO_MODE_AF_PP;
 676              		.loc 1 314 0
 677 017a 8023     		movs	r3, #128
 678 017c 0B93     		str	r3, [sp, #44]
 315:Core/Src/tim.c ****     GPIO_InitStruct.Pull = GPIO_PULLUP;
 679              		.loc 1 315 0
 680 017e 0225     		movs	r5, #2
 681 0180 0C95     		str	r5, [sp, #48]
 316:Core/Src/tim.c ****     GPIO_InitStruct.Speed = GPIO_SPEED_FREQ_LOW;
 682              		.loc 1 316 0
 683 0182 0126     		movs	r6, #1
 684 0184 0D96     		str	r6, [sp, #52]
 318:Core/Src/tim.c ****     HAL_GPIO_Init(GPIOA, &GPIO_InitStruct);
ARM GAS  C:\Users\Aasman\AppData\Local\Temp\cc6pxC2h.s 			page 20


 685              		.loc 1 318 0
 686 0186 0F95     		str	r5, [sp, #60]
 319:Core/Src/tim.c **** 
 687              		.loc 1 319 0
 688 0188 0BA9     		add	r1, sp, #44
 689 018a 2548     		ldr	r0, .L43+20
 690              	.LVL40:
 691 018c FFF7FEFF 		bl	HAL_GPIO_Init
 692              	.LVL41:
 321:Core/Src/tim.c ****     GPIO_InitStruct.Mode = GPIO_MODE_AF_PP;
 693              		.loc 1 321 0
 694 0190 1023     		movs	r3, #16
 695 0192 0B93     		str	r3, [sp, #44]
 322:Core/Src/tim.c ****     GPIO_InitStruct.Pull = GPIO_PULLUP;
 696              		.loc 1 322 0
 697 0194 0C95     		str	r5, [sp, #48]
 323:Core/Src/tim.c ****     GPIO_InitStruct.Speed = GPIO_SPEED_FREQ_LOW;
 698              		.loc 1 323 0
 699 0196 0D96     		str	r6, [sp, #52]
 324:Core/Src/tim.c ****     GPIO_InitStruct.Alternate = GPIO_AF2_TIM3;
 700              		.loc 1 324 0
 701 0198 0E94     		str	r4, [sp, #56]
 325:Core/Src/tim.c ****     HAL_GPIO_Init(GPIOB, &GPIO_InitStruct);
 702              		.loc 1 325 0
 703 019a 0F95     		str	r5, [sp, #60]
 326:Core/Src/tim.c **** 
 704              		.loc 1 326 0
 705 019c 0BA9     		add	r1, sp, #44
 706 019e 2148     		ldr	r0, .L43+24
 707 01a0 FFF7FEFF 		bl	HAL_GPIO_Init
 708              	.LVL42:
 329:Core/Src/tim.c ****     HAL_NVIC_EnableIRQ(TIM3_IRQn);
 709              		.loc 1 329 0
 710 01a4 2246     		mov	r2, r4
 711 01a6 2146     		mov	r1, r4
 712 01a8 1D20     		movs	r0, #29
 713 01aa FFF7FEFF 		bl	HAL_NVIC_SetPriority
 714              	.LVL43:
 330:Core/Src/tim.c ****   /* USER CODE BEGIN TIM3_MspInit 1 */
 715              		.loc 1 330 0
 716 01ae 1D20     		movs	r0, #29
 717 01b0 FFF7FEFF 		bl	HAL_NVIC_EnableIRQ
 718              	.LVL44:
 719 01b4 3BE7     		b	.L33
 720              	.LVL45:
 721              	.L42:
 722              	.LBB10:
 341:Core/Src/tim.c ****   
 723              		.loc 1 341 0
 724 01b6 0024     		movs	r4, #0
 725 01b8 0994     		str	r4, [sp, #36]
 726 01ba 174B     		ldr	r3, .L43+12
 727 01bc 1A6C     		ldr	r2, [r3, #64]
 728 01be 42F00402 		orr	r2, r2, #4
 729 01c2 1A64     		str	r2, [r3, #64]
 730 01c4 1A6C     		ldr	r2, [r3, #64]
 731 01c6 02F00402 		and	r2, r2, #4
ARM GAS  C:\Users\Aasman\AppData\Local\Temp\cc6pxC2h.s 			page 21


 732 01ca 0992     		str	r2, [sp, #36]
 733 01cc 099A     		ldr	r2, [sp, #36]
 734              	.LBE10:
 735              	.LBB11:
 343:Core/Src/tim.c ****     /**TIM4 GPIO Configuration    
 736              		.loc 1 343 0
 737 01ce 0A94     		str	r4, [sp, #40]
 738 01d0 1A6B     		ldr	r2, [r3, #48]
 739 01d2 42F00202 		orr	r2, r2, #2
 740 01d6 1A63     		str	r2, [r3, #48]
 741 01d8 1B6B     		ldr	r3, [r3, #48]
 742 01da 03F00203 		and	r3, r3, #2
 743 01de 0A93     		str	r3, [sp, #40]
 744 01e0 0A9B     		ldr	r3, [sp, #40]
 745              	.LBE11:
 348:Core/Src/tim.c ****     GPIO_InitStruct.Mode = GPIO_MODE_AF_PP;
 746              		.loc 1 348 0
 747 01e2 C023     		movs	r3, #192
 748 01e4 0B93     		str	r3, [sp, #44]
 349:Core/Src/tim.c ****     GPIO_InitStruct.Pull = GPIO_PULLUP;
 749              		.loc 1 349 0
 750 01e6 0223     		movs	r3, #2
 751 01e8 0C93     		str	r3, [sp, #48]
 350:Core/Src/tim.c ****     GPIO_InitStruct.Speed = GPIO_SPEED_FREQ_LOW;
 752              		.loc 1 350 0
 753 01ea 0122     		movs	r2, #1
 754 01ec 0D92     		str	r2, [sp, #52]
 352:Core/Src/tim.c ****     HAL_GPIO_Init(GPIOB, &GPIO_InitStruct);
 755              		.loc 1 352 0
 756 01ee 0F93     		str	r3, [sp, #60]
 353:Core/Src/tim.c **** 
 757              		.loc 1 353 0
 758 01f0 0BA9     		add	r1, sp, #44
 759 01f2 0C48     		ldr	r0, .L43+24
 760              	.LVL46:
 761 01f4 FFF7FEFF 		bl	HAL_GPIO_Init
 762              	.LVL47:
 356:Core/Src/tim.c ****     HAL_NVIC_EnableIRQ(TIM4_IRQn);
 763              		.loc 1 356 0
 764 01f8 2246     		mov	r2, r4
 765 01fa 2146     		mov	r1, r4
 766 01fc 1E20     		movs	r0, #30
 767 01fe FFF7FEFF 		bl	HAL_NVIC_SetPriority
 768              	.LVL48:
 357:Core/Src/tim.c ****   /* USER CODE BEGIN TIM4_MspInit 1 */
 769              		.loc 1 357 0
 770 0202 1E20     		movs	r0, #30
 771 0204 FFF7FEFF 		bl	HAL_NVIC_EnableIRQ
 772              	.LVL49:
 773              		.loc 1 362 0
 774 0208 11E7     		b	.L33
 775              	.L44:
 776 020a 00BF     		.align	2
 777              	.L43:
 778 020c 00000140 		.word	1073807360
 779 0210 00040040 		.word	1073742848
 780 0214 00080040 		.word	1073743872
ARM GAS  C:\Users\Aasman\AppData\Local\Temp\cc6pxC2h.s 			page 22


 781 0218 00380240 		.word	1073887232
 782 021c 00100240 		.word	1073876992
 783 0220 00000240 		.word	1073872896
 784 0224 00040240 		.word	1073873920
 785              		.cfi_endproc
 786              	.LFE138:
 788              		.section	.text.HAL_TIM_PWM_MspInit,"ax",%progbits
 789              		.align	1
 790              		.global	HAL_TIM_PWM_MspInit
 791              		.syntax unified
 792              		.thumb
 793              		.thumb_func
 794              		.fpu fpv4-sp-d16
 796              	HAL_TIM_PWM_MspInit:
 797              	.LFB139:
 363:Core/Src/tim.c **** 
 364:Core/Src/tim.c **** void HAL_TIM_PWM_MspInit(TIM_HandleTypeDef* tim_pwmHandle)
 365:Core/Src/tim.c **** {
 798              		.loc 1 365 0
 799              		.cfi_startproc
 800              		@ args = 0, pretend = 0, frame = 8
 801              		@ frame_needed = 0, uses_anonymous_args = 0
 802              	.LVL50:
 366:Core/Src/tim.c **** 
 367:Core/Src/tim.c ****   if(tim_pwmHandle->Instance==TIM8)
 803              		.loc 1 367 0
 804 0000 0268     		ldr	r2, [r0]
 805 0002 0E4B     		ldr	r3, .L52
 806 0004 9A42     		cmp	r2, r3
 807 0006 00D0     		beq	.L51
 808 0008 7047     		bx	lr
 809              	.L51:
 365:Core/Src/tim.c **** 
 810              		.loc 1 365 0
 811 000a 00B5     		push	{lr}
 812              	.LCFI20:
 813              		.cfi_def_cfa_offset 4
 814              		.cfi_offset 14, -4
 815 000c 83B0     		sub	sp, sp, #12
 816              	.LCFI21:
 817              		.cfi_def_cfa_offset 16
 818              	.LBB12:
 368:Core/Src/tim.c ****   {
 369:Core/Src/tim.c ****   /* USER CODE BEGIN TIM8_MspInit 0 */
 370:Core/Src/tim.c **** 
 371:Core/Src/tim.c ****   /* USER CODE END TIM8_MspInit 0 */
 372:Core/Src/tim.c ****     /* TIM8 clock enable */
 373:Core/Src/tim.c ****     __HAL_RCC_TIM8_CLK_ENABLE();
 819              		.loc 1 373 0
 820 000e 0021     		movs	r1, #0
 821 0010 0191     		str	r1, [sp, #4]
 822 0012 03F59A33 		add	r3, r3, #78848
 823 0016 5A6C     		ldr	r2, [r3, #68]
 824 0018 42F00202 		orr	r2, r2, #2
 825 001c 5A64     		str	r2, [r3, #68]
 826 001e 5B6C     		ldr	r3, [r3, #68]
 827 0020 03F00203 		and	r3, r3, #2
ARM GAS  C:\Users\Aasman\AppData\Local\Temp\cc6pxC2h.s 			page 23


 828 0024 0193     		str	r3, [sp, #4]
 829 0026 019B     		ldr	r3, [sp, #4]
 830              	.LBE12:
 374:Core/Src/tim.c **** 
 375:Core/Src/tim.c ****     /* TIM8 interrupt Init */
 376:Core/Src/tim.c ****     HAL_NVIC_SetPriority(TIM8_UP_TIM13_IRQn, 0, 0);
 831              		.loc 1 376 0
 832 0028 0A46     		mov	r2, r1
 833 002a 2C20     		movs	r0, #44
 834              	.LVL51:
 835 002c FFF7FEFF 		bl	HAL_NVIC_SetPriority
 836              	.LVL52:
 377:Core/Src/tim.c ****     HAL_NVIC_EnableIRQ(TIM8_UP_TIM13_IRQn);
 837              		.loc 1 377 0
 838 0030 2C20     		movs	r0, #44
 839 0032 FFF7FEFF 		bl	HAL_NVIC_EnableIRQ
 840              	.LVL53:
 378:Core/Src/tim.c ****   /* USER CODE BEGIN TIM8_MspInit 1 */
 379:Core/Src/tim.c **** 
 380:Core/Src/tim.c ****   /* USER CODE END TIM8_MspInit 1 */
 381:Core/Src/tim.c ****   }
 382:Core/Src/tim.c **** }
 841              		.loc 1 382 0
 842 0036 03B0     		add	sp, sp, #12
 843              	.LCFI22:
 844              		.cfi_def_cfa_offset 4
 845              		@ sp needed
 846 0038 5DF804FB 		ldr	pc, [sp], #4
 847              	.L53:
 848              		.align	2
 849              	.L52:
 850 003c 00040140 		.word	1073808384
 851              		.cfi_endproc
 852              	.LFE139:
 854              		.section	.text.HAL_TIM_MspPostInit,"ax",%progbits
 855              		.align	1
 856              		.global	HAL_TIM_MspPostInit
 857              		.syntax unified
 858              		.thumb
 859              		.thumb_func
 860              		.fpu fpv4-sp-d16
 862              	HAL_TIM_MspPostInit:
 863              	.LFB140:
 383:Core/Src/tim.c **** void HAL_TIM_MspPostInit(TIM_HandleTypeDef* timHandle)
 384:Core/Src/tim.c **** {
 864              		.loc 1 384 0
 865              		.cfi_startproc
 866              		@ args = 0, pretend = 0, frame = 24
 867              		@ frame_needed = 0, uses_anonymous_args = 0
 868              	.LVL54:
 869 0000 00B5     		push	{lr}
 870              	.LCFI23:
 871              		.cfi_def_cfa_offset 4
 872              		.cfi_offset 14, -4
 873 0002 87B0     		sub	sp, sp, #28
 874              	.LCFI24:
 875              		.cfi_def_cfa_offset 32
ARM GAS  C:\Users\Aasman\AppData\Local\Temp\cc6pxC2h.s 			page 24


 385:Core/Src/tim.c **** 
 386:Core/Src/tim.c ****   GPIO_InitTypeDef GPIO_InitStruct = {0};
 876              		.loc 1 386 0
 877 0004 0023     		movs	r3, #0
 878 0006 0193     		str	r3, [sp, #4]
 879 0008 0293     		str	r3, [sp, #8]
 880 000a 0393     		str	r3, [sp, #12]
 881 000c 0493     		str	r3, [sp, #16]
 882 000e 0593     		str	r3, [sp, #20]
 387:Core/Src/tim.c ****   if(timHandle->Instance==TIM8)
 883              		.loc 1 387 0
 884 0010 0268     		ldr	r2, [r0]
 885 0012 03F18043 		add	r3, r3, #1073741824
 886 0016 03F58233 		add	r3, r3, #66560
 887 001a 9A42     		cmp	r2, r3
 888 001c 02D0     		beq	.L57
 889              	.LVL55:
 890              	.L54:
 388:Core/Src/tim.c ****   {
 389:Core/Src/tim.c ****   /* USER CODE BEGIN TIM8_MspPostInit 0 */
 390:Core/Src/tim.c **** 
 391:Core/Src/tim.c ****   /* USER CODE END TIM8_MspPostInit 0 */
 392:Core/Src/tim.c ****   
 393:Core/Src/tim.c ****     __HAL_RCC_GPIOC_CLK_ENABLE();
 394:Core/Src/tim.c ****     /**TIM8 GPIO Configuration    
 395:Core/Src/tim.c ****     PC6     ------> TIM8_CH1
 396:Core/Src/tim.c ****     PC7     ------> TIM8_CH2
 397:Core/Src/tim.c ****     PC8     ------> TIM8_CH3
 398:Core/Src/tim.c ****     PC9     ------> TIM8_CH4 
 399:Core/Src/tim.c ****     */
 400:Core/Src/tim.c ****     GPIO_InitStruct.Pin = GPIO_PIN_6|GPIO_PIN_7|GPIO_PIN_8|GPIO_PIN_9;
 401:Core/Src/tim.c ****     GPIO_InitStruct.Mode = GPIO_MODE_AF_PP;
 402:Core/Src/tim.c ****     GPIO_InitStruct.Pull = GPIO_NOPULL;
 403:Core/Src/tim.c ****     GPIO_InitStruct.Speed = GPIO_SPEED_FREQ_LOW;
 404:Core/Src/tim.c ****     GPIO_InitStruct.Alternate = GPIO_AF3_TIM8;
 405:Core/Src/tim.c ****     HAL_GPIO_Init(GPIOC, &GPIO_InitStruct);
 406:Core/Src/tim.c **** 
 407:Core/Src/tim.c ****   /* USER CODE BEGIN TIM8_MspPostInit 1 */
 408:Core/Src/tim.c **** 
 409:Core/Src/tim.c ****   /* USER CODE END TIM8_MspPostInit 1 */
 410:Core/Src/tim.c ****   }
 411:Core/Src/tim.c **** 
 412:Core/Src/tim.c **** }
 891              		.loc 1 412 0
 892 001e 07B0     		add	sp, sp, #28
 893              	.LCFI25:
 894              		.cfi_remember_state
 895              		.cfi_def_cfa_offset 4
 896              		@ sp needed
 897 0020 5DF804FB 		ldr	pc, [sp], #4
 898              	.LVL56:
 899              	.L57:
 900              	.LCFI26:
 901              		.cfi_restore_state
 902              	.LBB13:
 393:Core/Src/tim.c ****     /**TIM8 GPIO Configuration    
 903              		.loc 1 393 0
ARM GAS  C:\Users\Aasman\AppData\Local\Temp\cc6pxC2h.s 			page 25


 904 0024 0023     		movs	r3, #0
 905 0026 0093     		str	r3, [sp]
 906 0028 0A4B     		ldr	r3, .L58
 907 002a 1A6B     		ldr	r2, [r3, #48]
 908 002c 42F00402 		orr	r2, r2, #4
 909 0030 1A63     		str	r2, [r3, #48]
 910 0032 1B6B     		ldr	r3, [r3, #48]
 911 0034 03F00403 		and	r3, r3, #4
 912 0038 0093     		str	r3, [sp]
 913 003a 009B     		ldr	r3, [sp]
 914              	.LBE13:
 400:Core/Src/tim.c ****     GPIO_InitStruct.Mode = GPIO_MODE_AF_PP;
 915              		.loc 1 400 0
 916 003c 4FF47073 		mov	r3, #960
 917 0040 0193     		str	r3, [sp, #4]
 401:Core/Src/tim.c ****     GPIO_InitStruct.Pull = GPIO_NOPULL;
 918              		.loc 1 401 0
 919 0042 0223     		movs	r3, #2
 920 0044 0293     		str	r3, [sp, #8]
 404:Core/Src/tim.c ****     HAL_GPIO_Init(GPIOC, &GPIO_InitStruct);
 921              		.loc 1 404 0
 922 0046 0323     		movs	r3, #3
 923 0048 0593     		str	r3, [sp, #20]
 405:Core/Src/tim.c **** 
 924              		.loc 1 405 0
 925 004a 01A9     		add	r1, sp, #4
 926 004c 0248     		ldr	r0, .L58+4
 927              	.LVL57:
 928 004e FFF7FEFF 		bl	HAL_GPIO_Init
 929              	.LVL58:
 930              		.loc 1 412 0
 931 0052 E4E7     		b	.L54
 932              	.L59:
 933              		.align	2
 934              	.L58:
 935 0054 00380240 		.word	1073887232
 936 0058 00080240 		.word	1073874944
 937              		.cfi_endproc
 938              	.LFE140:
 940              		.section	.text.MX_TIM8_Init,"ax",%progbits
 941              		.align	1
 942              		.global	MX_TIM8_Init
 943              		.syntax unified
 944              		.thumb
 945              		.thumb_func
 946              		.fpu fpv4-sp-d16
 948              	MX_TIM8_Init:
 949              	.LFB137:
 168:Core/Src/tim.c ****   TIM_MasterConfigTypeDef sMasterConfig = {0};
 950              		.loc 1 168 0
 951              		.cfi_startproc
 952              		@ args = 0, pretend = 0, frame = 72
 953              		@ frame_needed = 0, uses_anonymous_args = 0
 954 0000 30B5     		push	{r4, r5, lr}
 955              	.LCFI27:
 956              		.cfi_def_cfa_offset 12
 957              		.cfi_offset 4, -12
ARM GAS  C:\Users\Aasman\AppData\Local\Temp\cc6pxC2h.s 			page 26


 958              		.cfi_offset 5, -8
 959              		.cfi_offset 14, -4
 960 0002 93B0     		sub	sp, sp, #76
 961              	.LCFI28:
 962              		.cfi_def_cfa_offset 88
 169:Core/Src/tim.c ****   TIM_OC_InitTypeDef sConfigOC = {0};
 963              		.loc 1 169 0
 964 0004 0024     		movs	r4, #0
 965 0006 1094     		str	r4, [sp, #64]
 966 0008 1194     		str	r4, [sp, #68]
 170:Core/Src/tim.c ****   TIM_BreakDeadTimeConfigTypeDef sBreakDeadTimeConfig = {0};
 967              		.loc 1 170 0
 968 000a 0994     		str	r4, [sp, #36]
 969 000c 0A94     		str	r4, [sp, #40]
 970 000e 0B94     		str	r4, [sp, #44]
 971 0010 0C94     		str	r4, [sp, #48]
 972 0012 0D94     		str	r4, [sp, #52]
 973 0014 0E94     		str	r4, [sp, #56]
 974 0016 0F94     		str	r4, [sp, #60]
 171:Core/Src/tim.c **** 
 975              		.loc 1 171 0
 976 0018 2025     		movs	r5, #32
 977 001a 2A46     		mov	r2, r5
 978 001c 2146     		mov	r1, r4
 979 001e 01A8     		add	r0, sp, #4
 980 0020 FFF7FEFF 		bl	memset
 981              	.LVL59:
 173:Core/Src/tim.c ****   htim8.Init.Prescaler = 0;
 982              		.loc 1 173 0
 983 0024 3048     		ldr	r0, .L76
 984 0026 314B     		ldr	r3, .L76+4
 985 0028 0360     		str	r3, [r0]
 174:Core/Src/tim.c ****   htim8.Init.CounterMode = TIM_COUNTERMODE_CENTERALIGNED1;
 986              		.loc 1 174 0
 987 002a 4460     		str	r4, [r0, #4]
 175:Core/Src/tim.c ****   htim8.Init.Period = 10499;
 988              		.loc 1 175 0
 989 002c 8560     		str	r5, [r0, #8]
 176:Core/Src/tim.c ****   htim8.Init.ClockDivision = TIM_CLOCKDIVISION_DIV1;
 990              		.loc 1 176 0
 991 002e 42F60313 		movw	r3, #10499
 992 0032 C360     		str	r3, [r0, #12]
 177:Core/Src/tim.c ****   htim8.Init.RepetitionCounter = 0;
 993              		.loc 1 177 0
 994 0034 0461     		str	r4, [r0, #16]
 178:Core/Src/tim.c ****   htim8.Init.AutoReloadPreload = TIM_AUTORELOAD_PRELOAD_DISABLE;
 995              		.loc 1 178 0
 996 0036 4461     		str	r4, [r0, #20]
 179:Core/Src/tim.c ****   if (HAL_TIM_PWM_Init(&htim8) != HAL_OK)
 997              		.loc 1 179 0
 998 0038 8461     		str	r4, [r0, #24]
 180:Core/Src/tim.c ****   {
 999              		.loc 1 180 0
 1000 003a FFF7FEFF 		bl	HAL_TIM_PWM_Init
 1001              	.LVL60:
 1002 003e 0028     		cmp	r0, #0
 1003 0040 3CD1     		bne	.L69
ARM GAS  C:\Users\Aasman\AppData\Local\Temp\cc6pxC2h.s 			page 27


 1004              	.L61:
 184:Core/Src/tim.c ****   sMasterConfig.MasterSlaveMode = TIM_MASTERSLAVEMODE_DISABLE;
 1005              		.loc 1 184 0
 1006 0042 0023     		movs	r3, #0
 1007 0044 1093     		str	r3, [sp, #64]
 185:Core/Src/tim.c ****   if (HAL_TIMEx_MasterConfigSynchronization(&htim8, &sMasterConfig) != HAL_OK)
 1008              		.loc 1 185 0
 1009 0046 1193     		str	r3, [sp, #68]
 186:Core/Src/tim.c ****   {
 1010              		.loc 1 186 0
 1011 0048 10A9     		add	r1, sp, #64
 1012 004a 2748     		ldr	r0, .L76
 1013 004c FFF7FEFF 		bl	HAL_TIMEx_MasterConfigSynchronization
 1014              	.LVL61:
 1015 0050 0028     		cmp	r0, #0
 1016 0052 36D1     		bne	.L70
 1017              	.L62:
 190:Core/Src/tim.c ****   sConfigOC.Pulse = 0;
 1018              		.loc 1 190 0
 1019 0054 6023     		movs	r3, #96
 1020 0056 0993     		str	r3, [sp, #36]
 191:Core/Src/tim.c ****   sConfigOC.OCPolarity = TIM_OCPOLARITY_HIGH;
 1021              		.loc 1 191 0
 1022 0058 0022     		movs	r2, #0
 1023 005a 0A92     		str	r2, [sp, #40]
 192:Core/Src/tim.c ****   sConfigOC.OCNPolarity = TIM_OCNPOLARITY_HIGH;
 1024              		.loc 1 192 0
 1025 005c 0B92     		str	r2, [sp, #44]
 193:Core/Src/tim.c ****   sConfigOC.OCFastMode = TIM_OCFAST_DISABLE;
 1026              		.loc 1 193 0
 1027 005e 0C92     		str	r2, [sp, #48]
 194:Core/Src/tim.c ****   sConfigOC.OCIdleState = TIM_OCIDLESTATE_RESET;
 1028              		.loc 1 194 0
 1029 0060 0D92     		str	r2, [sp, #52]
 195:Core/Src/tim.c ****   sConfigOC.OCNIdleState = TIM_OCNIDLESTATE_RESET;
 1030              		.loc 1 195 0
 1031 0062 0E92     		str	r2, [sp, #56]
 196:Core/Src/tim.c ****   if (HAL_TIM_PWM_ConfigChannel(&htim8, &sConfigOC, TIM_CHANNEL_1) != HAL_OK)
 1032              		.loc 1 196 0
 1033 0064 0F92     		str	r2, [sp, #60]
 197:Core/Src/tim.c ****   {
 1034              		.loc 1 197 0
 1035 0066 09A9     		add	r1, sp, #36
 1036 0068 1F48     		ldr	r0, .L76
 1037 006a FFF7FEFF 		bl	HAL_TIM_PWM_ConfigChannel
 1038              	.LVL62:
 1039 006e 58BB     		cbnz	r0, .L71
 1040              	.L63:
 201:Core/Src/tim.c ****   {
 1041              		.loc 1 201 0
 1042 0070 0422     		movs	r2, #4
 1043 0072 09A9     		add	r1, sp, #36
 1044 0074 1C48     		ldr	r0, .L76
 1045 0076 FFF7FEFF 		bl	HAL_TIM_PWM_ConfigChannel
 1046              	.LVL63:
 1047 007a 40BB     		cbnz	r0, .L72
 1048              	.L64:
ARM GAS  C:\Users\Aasman\AppData\Local\Temp\cc6pxC2h.s 			page 28


 205:Core/Src/tim.c ****   {
 1049              		.loc 1 205 0
 1050 007c 0822     		movs	r2, #8
 1051 007e 09A9     		add	r1, sp, #36
 1052 0080 1948     		ldr	r0, .L76
 1053 0082 FFF7FEFF 		bl	HAL_TIM_PWM_ConfigChannel
 1054              	.LVL64:
 1055 0086 28BB     		cbnz	r0, .L73
 1056              	.L65:
 209:Core/Src/tim.c ****   {
 1057              		.loc 1 209 0
 1058 0088 0C22     		movs	r2, #12
 1059 008a 09A9     		add	r1, sp, #36
 1060 008c 1648     		ldr	r0, .L76
 1061 008e FFF7FEFF 		bl	HAL_TIM_PWM_ConfigChannel
 1062              	.LVL65:
 1063 0092 10BB     		cbnz	r0, .L74
 1064              	.L66:
 213:Core/Src/tim.c ****   sBreakDeadTimeConfig.OffStateIDLEMode = TIM_OSSI_DISABLE;
 1065              		.loc 1 213 0
 1066 0094 0023     		movs	r3, #0
 1067 0096 0193     		str	r3, [sp, #4]
 214:Core/Src/tim.c ****   sBreakDeadTimeConfig.LockLevel = TIM_LOCKLEVEL_OFF;
 1068              		.loc 1 214 0
 1069 0098 0293     		str	r3, [sp, #8]
 215:Core/Src/tim.c ****   sBreakDeadTimeConfig.DeadTime = 0;
 1070              		.loc 1 215 0
 1071 009a 0393     		str	r3, [sp, #12]
 216:Core/Src/tim.c ****   sBreakDeadTimeConfig.BreakState = TIM_BREAK_DISABLE;
 1072              		.loc 1 216 0
 1073 009c 0493     		str	r3, [sp, #16]
 217:Core/Src/tim.c ****   sBreakDeadTimeConfig.BreakPolarity = TIM_BREAKPOLARITY_HIGH;
 1074              		.loc 1 217 0
 1075 009e 0593     		str	r3, [sp, #20]
 218:Core/Src/tim.c ****   sBreakDeadTimeConfig.AutomaticOutput = TIM_AUTOMATICOUTPUT_DISABLE;
 1076              		.loc 1 218 0
 1077 00a0 4FF40052 		mov	r2, #8192
 1078 00a4 0692     		str	r2, [sp, #24]
 219:Core/Src/tim.c ****   if (HAL_TIMEx_ConfigBreakDeadTime(&htim8, &sBreakDeadTimeConfig) != HAL_OK)
 1079              		.loc 1 219 0
 1080 00a6 0893     		str	r3, [sp, #32]
 220:Core/Src/tim.c ****   {
 1081              		.loc 1 220 0
 1082 00a8 01A9     		add	r1, sp, #4
 1083 00aa 0F48     		ldr	r0, .L76
 1084 00ac FFF7FEFF 		bl	HAL_TIMEx_ConfigBreakDeadTime
 1085              	.LVL66:
 1086 00b0 B0B9     		cbnz	r0, .L75
 1087              	.L67:
 224:Core/Src/tim.c **** 
 1088              		.loc 1 224 0
 1089 00b2 0D48     		ldr	r0, .L76
 1090 00b4 FFF7FEFF 		bl	HAL_TIM_MspPostInit
 1091              	.LVL67:
 226:Core/Src/tim.c **** 
 1092              		.loc 1 226 0
 1093 00b8 13B0     		add	sp, sp, #76
ARM GAS  C:\Users\Aasman\AppData\Local\Temp\cc6pxC2h.s 			page 29


 1094              	.LCFI29:
 1095              		.cfi_remember_state
 1096              		.cfi_def_cfa_offset 12
 1097              		@ sp needed
 1098 00ba 30BD     		pop	{r4, r5, pc}
 1099              	.L69:
 1100              	.LCFI30:
 1101              		.cfi_restore_state
 182:Core/Src/tim.c ****   }
 1102              		.loc 1 182 0
 1103 00bc FFF7FEFF 		bl	Error_Handler
 1104              	.LVL68:
 1105 00c0 BFE7     		b	.L61
 1106              	.L70:
 188:Core/Src/tim.c ****   }
 1107              		.loc 1 188 0
 1108 00c2 FFF7FEFF 		bl	Error_Handler
 1109              	.LVL69:
 1110 00c6 C5E7     		b	.L62
 1111              	.L71:
 199:Core/Src/tim.c ****   }
 1112              		.loc 1 199 0
 1113 00c8 FFF7FEFF 		bl	Error_Handler
 1114              	.LVL70:
 1115 00cc D0E7     		b	.L63
 1116              	.L72:
 203:Core/Src/tim.c ****   }
 1117              		.loc 1 203 0
 1118 00ce FFF7FEFF 		bl	Error_Handler
 1119              	.LVL71:
 1120 00d2 D3E7     		b	.L64
 1121              	.L73:
 207:Core/Src/tim.c ****   }
 1122              		.loc 1 207 0
 1123 00d4 FFF7FEFF 		bl	Error_Handler
 1124              	.LVL72:
 1125 00d8 D6E7     		b	.L65
 1126              	.L74:
 211:Core/Src/tim.c ****   }
 1127              		.loc 1 211 0
 1128 00da FFF7FEFF 		bl	Error_Handler
 1129              	.LVL73:
 1130 00de D9E7     		b	.L66
 1131              	.L75:
 222:Core/Src/tim.c ****   }
 1132              		.loc 1 222 0
 1133 00e0 FFF7FEFF 		bl	Error_Handler
 1134              	.LVL74:
 1135 00e4 E5E7     		b	.L67
 1136              	.L77:
 1137 00e6 00BF     		.align	2
 1138              	.L76:
 1139 00e8 00000000 		.word	htim8
 1140 00ec 00040140 		.word	1073808384
 1141              		.cfi_endproc
 1142              	.LFE137:
 1144              		.section	.text.HAL_TIM_Encoder_MspDeInit,"ax",%progbits
ARM GAS  C:\Users\Aasman\AppData\Local\Temp\cc6pxC2h.s 			page 30


 1145              		.align	1
 1146              		.global	HAL_TIM_Encoder_MspDeInit
 1147              		.syntax unified
 1148              		.thumb
 1149              		.thumb_func
 1150              		.fpu fpv4-sp-d16
 1152              	HAL_TIM_Encoder_MspDeInit:
 1153              	.LFB141:
 413:Core/Src/tim.c **** 
 414:Core/Src/tim.c **** void HAL_TIM_Encoder_MspDeInit(TIM_HandleTypeDef* tim_encoderHandle)
 415:Core/Src/tim.c **** {
 1154              		.loc 1 415 0
 1155              		.cfi_startproc
 1156              		@ args = 0, pretend = 0, frame = 0
 1157              		@ frame_needed = 0, uses_anonymous_args = 0
 1158              	.LVL75:
 1159 0000 08B5     		push	{r3, lr}
 1160              	.LCFI31:
 1161              		.cfi_def_cfa_offset 8
 1162              		.cfi_offset 3, -8
 1163              		.cfi_offset 14, -4
 416:Core/Src/tim.c **** 
 417:Core/Src/tim.c ****   if(tim_encoderHandle->Instance==TIM1)
 1164              		.loc 1 417 0
 1165 0002 0368     		ldr	r3, [r0]
 1166 0004 2B4A     		ldr	r2, .L88
 1167 0006 9342     		cmp	r3, r2
 1168 0008 09D0     		beq	.L84
 418:Core/Src/tim.c ****   {
 419:Core/Src/tim.c ****   /* USER CODE BEGIN TIM1_MspDeInit 0 */
 420:Core/Src/tim.c **** 
 421:Core/Src/tim.c ****   /* USER CODE END TIM1_MspDeInit 0 */
 422:Core/Src/tim.c ****     /* Peripheral clock disable */
 423:Core/Src/tim.c ****     __HAL_RCC_TIM1_CLK_DISABLE();
 424:Core/Src/tim.c ****   
 425:Core/Src/tim.c ****     /**TIM1 GPIO Configuration    
 426:Core/Src/tim.c ****     PE11     ------> TIM1_CH2
 427:Core/Src/tim.c ****     PA8     ------> TIM1_CH1 
 428:Core/Src/tim.c ****     */
 429:Core/Src/tim.c ****     HAL_GPIO_DeInit(GPIOE, GPIO_PIN_11);
 430:Core/Src/tim.c **** 
 431:Core/Src/tim.c ****     HAL_GPIO_DeInit(GPIOA, GPIO_PIN_8);
 432:Core/Src/tim.c **** 
 433:Core/Src/tim.c ****     /* TIM1 interrupt Deinit */
 434:Core/Src/tim.c ****     HAL_NVIC_DisableIRQ(TIM1_BRK_TIM9_IRQn);
 435:Core/Src/tim.c ****     HAL_NVIC_DisableIRQ(TIM1_UP_TIM10_IRQn);
 436:Core/Src/tim.c ****     HAL_NVIC_DisableIRQ(TIM1_TRG_COM_TIM11_IRQn);
 437:Core/Src/tim.c ****     HAL_NVIC_DisableIRQ(TIM1_CC_IRQn);
 438:Core/Src/tim.c ****   /* USER CODE BEGIN TIM1_MspDeInit 1 */
 439:Core/Src/tim.c **** 
 440:Core/Src/tim.c ****   /* USER CODE END TIM1_MspDeInit 1 */
 441:Core/Src/tim.c ****   }
 442:Core/Src/tim.c ****   else if(tim_encoderHandle->Instance==TIM2)
 1169              		.loc 1 442 0
 1170 000a B3F1804F 		cmp	r3, #1073741824
 1171 000e 23D0     		beq	.L85
 443:Core/Src/tim.c ****   {
ARM GAS  C:\Users\Aasman\AppData\Local\Temp\cc6pxC2h.s 			page 31


 444:Core/Src/tim.c ****   /* USER CODE BEGIN TIM2_MspDeInit 0 */
 445:Core/Src/tim.c **** 
 446:Core/Src/tim.c ****   /* USER CODE END TIM2_MspDeInit 0 */
 447:Core/Src/tim.c ****     /* Peripheral clock disable */
 448:Core/Src/tim.c ****     __HAL_RCC_TIM2_CLK_DISABLE();
 449:Core/Src/tim.c ****   
 450:Core/Src/tim.c ****     /**TIM2 GPIO Configuration    
 451:Core/Src/tim.c ****     PA1     ------> TIM2_CH2
 452:Core/Src/tim.c ****     PA15     ------> TIM2_CH1 
 453:Core/Src/tim.c ****     */
 454:Core/Src/tim.c ****     HAL_GPIO_DeInit(GPIOA, GPIO_PIN_1|GPIO_PIN_15);
 455:Core/Src/tim.c **** 
 456:Core/Src/tim.c ****     /* TIM2 interrupt Deinit */
 457:Core/Src/tim.c ****     HAL_NVIC_DisableIRQ(TIM2_IRQn);
 458:Core/Src/tim.c ****   /* USER CODE BEGIN TIM2_MspDeInit 1 */
 459:Core/Src/tim.c **** 
 460:Core/Src/tim.c ****   /* USER CODE END TIM2_MspDeInit 1 */
 461:Core/Src/tim.c ****   }
 462:Core/Src/tim.c ****   else if(tim_encoderHandle->Instance==TIM3)
 1172              		.loc 1 462 0
 1173 0010 294A     		ldr	r2, .L88+4
 1174 0012 9342     		cmp	r3, r2
 1175 0014 2ED0     		beq	.L86
 463:Core/Src/tim.c ****   {
 464:Core/Src/tim.c ****   /* USER CODE BEGIN TIM3_MspDeInit 0 */
 465:Core/Src/tim.c **** 
 466:Core/Src/tim.c ****   /* USER CODE END TIM3_MspDeInit 0 */
 467:Core/Src/tim.c ****     /* Peripheral clock disable */
 468:Core/Src/tim.c ****     __HAL_RCC_TIM3_CLK_DISABLE();
 469:Core/Src/tim.c ****   
 470:Core/Src/tim.c ****     /**TIM3 GPIO Configuration    
 471:Core/Src/tim.c ****     PA7     ------> TIM3_CH2
 472:Core/Src/tim.c ****     PB4     ------> TIM3_CH1 
 473:Core/Src/tim.c ****     */
 474:Core/Src/tim.c ****     HAL_GPIO_DeInit(GPIOA, GPIO_PIN_7);
 475:Core/Src/tim.c **** 
 476:Core/Src/tim.c ****     HAL_GPIO_DeInit(GPIOB, GPIO_PIN_4);
 477:Core/Src/tim.c **** 
 478:Core/Src/tim.c ****     /* TIM3 interrupt Deinit */
 479:Core/Src/tim.c ****     HAL_NVIC_DisableIRQ(TIM3_IRQn);
 480:Core/Src/tim.c ****   /* USER CODE BEGIN TIM3_MspDeInit 1 */
 481:Core/Src/tim.c **** 
 482:Core/Src/tim.c ****   /* USER CODE END TIM3_MspDeInit 1 */
 483:Core/Src/tim.c ****   }
 484:Core/Src/tim.c ****   else if(tim_encoderHandle->Instance==TIM4)
 1176              		.loc 1 484 0
 1177 0016 294A     		ldr	r2, .L88+8
 1178 0018 9342     		cmp	r3, r2
 1179 001a 3DD0     		beq	.L87
 1180              	.LVL76:
 1181              	.L78:
 485:Core/Src/tim.c ****   {
 486:Core/Src/tim.c ****   /* USER CODE BEGIN TIM4_MspDeInit 0 */
 487:Core/Src/tim.c **** 
 488:Core/Src/tim.c ****   /* USER CODE END TIM4_MspDeInit 0 */
 489:Core/Src/tim.c ****     /* Peripheral clock disable */
 490:Core/Src/tim.c ****     __HAL_RCC_TIM4_CLK_DISABLE();
ARM GAS  C:\Users\Aasman\AppData\Local\Temp\cc6pxC2h.s 			page 32


 491:Core/Src/tim.c ****   
 492:Core/Src/tim.c ****     /**TIM4 GPIO Configuration    
 493:Core/Src/tim.c ****     PB6     ------> TIM4_CH1
 494:Core/Src/tim.c ****     PB7     ------> TIM4_CH2 
 495:Core/Src/tim.c ****     */
 496:Core/Src/tim.c ****     HAL_GPIO_DeInit(GPIOB, GPIO_PIN_6|GPIO_PIN_7);
 497:Core/Src/tim.c **** 
 498:Core/Src/tim.c ****     /* TIM4 interrupt Deinit */
 499:Core/Src/tim.c ****     HAL_NVIC_DisableIRQ(TIM4_IRQn);
 500:Core/Src/tim.c ****   /* USER CODE BEGIN TIM4_MspDeInit 1 */
 501:Core/Src/tim.c **** 
 502:Core/Src/tim.c ****   /* USER CODE END TIM4_MspDeInit 1 */
 503:Core/Src/tim.c ****   }
 504:Core/Src/tim.c **** }
 1182              		.loc 1 504 0
 1183 001c 08BD     		pop	{r3, pc}
 1184              	.LVL77:
 1185              	.L84:
 423:Core/Src/tim.c ****   
 1186              		.loc 1 423 0
 1187 001e 02F59C32 		add	r2, r2, #79872
 1188 0022 536C     		ldr	r3, [r2, #68]
 1189 0024 23F00103 		bic	r3, r3, #1
 1190 0028 5364     		str	r3, [r2, #68]
 429:Core/Src/tim.c **** 
 1191              		.loc 1 429 0
 1192 002a 4FF40061 		mov	r1, #2048
 1193 002e 2448     		ldr	r0, .L88+12
 1194              	.LVL78:
 1195 0030 FFF7FEFF 		bl	HAL_GPIO_DeInit
 1196              	.LVL79:
 431:Core/Src/tim.c **** 
 1197              		.loc 1 431 0
 1198 0034 4FF48071 		mov	r1, #256
 1199 0038 2248     		ldr	r0, .L88+16
 1200 003a FFF7FEFF 		bl	HAL_GPIO_DeInit
 1201              	.LVL80:
 434:Core/Src/tim.c ****     HAL_NVIC_DisableIRQ(TIM1_UP_TIM10_IRQn);
 1202              		.loc 1 434 0
 1203 003e 1820     		movs	r0, #24
 1204 0040 FFF7FEFF 		bl	HAL_NVIC_DisableIRQ
 1205              	.LVL81:
 435:Core/Src/tim.c ****     HAL_NVIC_DisableIRQ(TIM1_TRG_COM_TIM11_IRQn);
 1206              		.loc 1 435 0
 1207 0044 1920     		movs	r0, #25
 1208 0046 FFF7FEFF 		bl	HAL_NVIC_DisableIRQ
 1209              	.LVL82:
 436:Core/Src/tim.c ****     HAL_NVIC_DisableIRQ(TIM1_CC_IRQn);
 1210              		.loc 1 436 0
 1211 004a 1A20     		movs	r0, #26
 1212 004c FFF7FEFF 		bl	HAL_NVIC_DisableIRQ
 1213              	.LVL83:
 437:Core/Src/tim.c ****   /* USER CODE BEGIN TIM1_MspDeInit 1 */
 1214              		.loc 1 437 0
 1215 0050 1B20     		movs	r0, #27
 1216 0052 FFF7FEFF 		bl	HAL_NVIC_DisableIRQ
 1217              	.LVL84:
ARM GAS  C:\Users\Aasman\AppData\Local\Temp\cc6pxC2h.s 			page 33


 1218 0056 E1E7     		b	.L78
 1219              	.LVL85:
 1220              	.L85:
 448:Core/Src/tim.c ****   
 1221              		.loc 1 448 0
 1222 0058 1B4A     		ldr	r2, .L88+20
 1223 005a 136C     		ldr	r3, [r2, #64]
 1224 005c 23F00103 		bic	r3, r3, #1
 1225 0060 1364     		str	r3, [r2, #64]
 454:Core/Src/tim.c **** 
 1226              		.loc 1 454 0
 1227 0062 48F20201 		movw	r1, #32770
 1228 0066 1748     		ldr	r0, .L88+16
 1229              	.LVL86:
 1230 0068 FFF7FEFF 		bl	HAL_GPIO_DeInit
 1231              	.LVL87:
 457:Core/Src/tim.c ****   /* USER CODE BEGIN TIM2_MspDeInit 1 */
 1232              		.loc 1 457 0
 1233 006c 1C20     		movs	r0, #28
 1234 006e FFF7FEFF 		bl	HAL_NVIC_DisableIRQ
 1235              	.LVL88:
 1236 0072 D3E7     		b	.L78
 1237              	.LVL89:
 1238              	.L86:
 468:Core/Src/tim.c ****   
 1239              		.loc 1 468 0
 1240 0074 02F50D32 		add	r2, r2, #144384
 1241 0078 136C     		ldr	r3, [r2, #64]
 1242 007a 23F00203 		bic	r3, r3, #2
 1243 007e 1364     		str	r3, [r2, #64]
 474:Core/Src/tim.c **** 
 1244              		.loc 1 474 0
 1245 0080 8021     		movs	r1, #128
 1246 0082 1048     		ldr	r0, .L88+16
 1247              	.LVL90:
 1248 0084 FFF7FEFF 		bl	HAL_GPIO_DeInit
 1249              	.LVL91:
 476:Core/Src/tim.c **** 
 1250              		.loc 1 476 0
 1251 0088 1021     		movs	r1, #16
 1252 008a 1048     		ldr	r0, .L88+24
 1253 008c FFF7FEFF 		bl	HAL_GPIO_DeInit
 1254              	.LVL92:
 479:Core/Src/tim.c ****   /* USER CODE BEGIN TIM3_MspDeInit 1 */
 1255              		.loc 1 479 0
 1256 0090 1D20     		movs	r0, #29
 1257 0092 FFF7FEFF 		bl	HAL_NVIC_DisableIRQ
 1258              	.LVL93:
 1259 0096 C1E7     		b	.L78
 1260              	.LVL94:
 1261              	.L87:
 490:Core/Src/tim.c ****   
 1262              		.loc 1 490 0
 1263 0098 02F50C32 		add	r2, r2, #143360
 1264 009c 136C     		ldr	r3, [r2, #64]
 1265 009e 23F00403 		bic	r3, r3, #4
 1266 00a2 1364     		str	r3, [r2, #64]
ARM GAS  C:\Users\Aasman\AppData\Local\Temp\cc6pxC2h.s 			page 34


 496:Core/Src/tim.c **** 
 1267              		.loc 1 496 0
 1268 00a4 C021     		movs	r1, #192
 1269 00a6 0948     		ldr	r0, .L88+24
 1270              	.LVL95:
 1271 00a8 FFF7FEFF 		bl	HAL_GPIO_DeInit
 1272              	.LVL96:
 499:Core/Src/tim.c ****   /* USER CODE BEGIN TIM4_MspDeInit 1 */
 1273              		.loc 1 499 0
 1274 00ac 1E20     		movs	r0, #30
 1275 00ae FFF7FEFF 		bl	HAL_NVIC_DisableIRQ
 1276              	.LVL97:
 1277              		.loc 1 504 0
 1278 00b2 B3E7     		b	.L78
 1279              	.L89:
 1280              		.align	2
 1281              	.L88:
 1282 00b4 00000140 		.word	1073807360
 1283 00b8 00040040 		.word	1073742848
 1284 00bc 00080040 		.word	1073743872
 1285 00c0 00100240 		.word	1073876992
 1286 00c4 00000240 		.word	1073872896
 1287 00c8 00380240 		.word	1073887232
 1288 00cc 00040240 		.word	1073873920
 1289              		.cfi_endproc
 1290              	.LFE141:
 1292              		.section	.text.HAL_TIM_PWM_MspDeInit,"ax",%progbits
 1293              		.align	1
 1294              		.global	HAL_TIM_PWM_MspDeInit
 1295              		.syntax unified
 1296              		.thumb
 1297              		.thumb_func
 1298              		.fpu fpv4-sp-d16
 1300              	HAL_TIM_PWM_MspDeInit:
 1301              	.LFB142:
 505:Core/Src/tim.c **** 
 506:Core/Src/tim.c **** void HAL_TIM_PWM_MspDeInit(TIM_HandleTypeDef* tim_pwmHandle)
 507:Core/Src/tim.c **** {
 1302              		.loc 1 507 0
 1303              		.cfi_startproc
 1304              		@ args = 0, pretend = 0, frame = 0
 1305              		@ frame_needed = 0, uses_anonymous_args = 0
 1306              	.LVL98:
 1307 0000 08B5     		push	{r3, lr}
 1308              	.LCFI32:
 1309              		.cfi_def_cfa_offset 8
 1310              		.cfi_offset 3, -8
 1311              		.cfi_offset 14, -4
 508:Core/Src/tim.c **** 
 509:Core/Src/tim.c ****   if(tim_pwmHandle->Instance==TIM8)
 1312              		.loc 1 509 0
 1313 0002 0268     		ldr	r2, [r0]
 1314 0004 064B     		ldr	r3, .L94
 1315 0006 9A42     		cmp	r2, r3
 1316 0008 00D0     		beq	.L93
 1317              	.LVL99:
 1318              	.L90:
ARM GAS  C:\Users\Aasman\AppData\Local\Temp\cc6pxC2h.s 			page 35


 510:Core/Src/tim.c ****   {
 511:Core/Src/tim.c ****   /* USER CODE BEGIN TIM8_MspDeInit 0 */
 512:Core/Src/tim.c **** 
 513:Core/Src/tim.c ****   /* USER CODE END TIM8_MspDeInit 0 */
 514:Core/Src/tim.c ****     /* Peripheral clock disable */
 515:Core/Src/tim.c ****     __HAL_RCC_TIM8_CLK_DISABLE();
 516:Core/Src/tim.c **** 
 517:Core/Src/tim.c ****     /* TIM8 interrupt Deinit */
 518:Core/Src/tim.c ****     HAL_NVIC_DisableIRQ(TIM8_UP_TIM13_IRQn);
 519:Core/Src/tim.c ****   /* USER CODE BEGIN TIM8_MspDeInit 1 */
 520:Core/Src/tim.c **** 
 521:Core/Src/tim.c ****   /* USER CODE END TIM8_MspDeInit 1 */
 522:Core/Src/tim.c ****   }
 523:Core/Src/tim.c **** } 
 1319              		.loc 1 523 0
 1320 000a 08BD     		pop	{r3, pc}
 1321              	.LVL100:
 1322              	.L93:
 515:Core/Src/tim.c **** 
 1323              		.loc 1 515 0
 1324 000c 054A     		ldr	r2, .L94+4
 1325 000e 536C     		ldr	r3, [r2, #68]
 1326 0010 23F00203 		bic	r3, r3, #2
 1327 0014 5364     		str	r3, [r2, #68]
 518:Core/Src/tim.c ****   /* USER CODE BEGIN TIM8_MspDeInit 1 */
 1328              		.loc 1 518 0
 1329 0016 2C20     		movs	r0, #44
 1330              	.LVL101:
 1331 0018 FFF7FEFF 		bl	HAL_NVIC_DisableIRQ
 1332              	.LVL102:
 1333              		.loc 1 523 0
 1334 001c F5E7     		b	.L90
 1335              	.L95:
 1336 001e 00BF     		.align	2
 1337              	.L94:
 1338 0020 00040140 		.word	1073808384
 1339 0024 00380240 		.word	1073887232
 1340              		.cfi_endproc
 1341              	.LFE142:
 1343              		.comm	htim8,64,4
 1344              		.comm	htim4,64,4
 1345              		.comm	htim3,64,4
 1346              		.comm	htim2,64,4
 1347              		.comm	htim1,64,4
 1348              		.text
 1349              	.Letext0:
 1350              		.file 2 "c:\\program files (x86)\\gnu tools arm embedded\\7 2017-q4-major\\arm-none-eabi\\include\
 1351              		.file 3 "c:\\program files (x86)\\gnu tools arm embedded\\7 2017-q4-major\\arm-none-eabi\\include\
 1352              		.file 4 "Drivers/CMSIS/Include/core_cm4.h"
 1353              		.file 5 "Drivers/CMSIS/Device/ST/STM32F4xx/Include/system_stm32f4xx.h"
 1354              		.file 6 "Drivers/CMSIS/Device/ST/STM32F4xx/Include/stm32f407xx.h"
 1355              		.file 7 "Drivers/STM32F4xx_HAL_Driver/Inc/stm32f4xx_hal_def.h"
 1356              		.file 8 "Drivers/STM32F4xx_HAL_Driver/Inc/stm32f4xx_hal_gpio.h"
 1357              		.file 9 "Drivers/STM32F4xx_HAL_Driver/Inc/stm32f4xx_hal_dma.h"
 1358              		.file 10 "Drivers/STM32F4xx_HAL_Driver/Inc/stm32f4xx_hal_tim.h"
 1359              		.file 11 "c:\\program files (x86)\\gnu tools arm embedded\\7 2017-q4-major\\arm-none-eabi\\include
 1360              		.file 12 "c:\\program files (x86)\\gnu tools arm embedded\\7 2017-q4-major\\arm-none-eabi\\include
ARM GAS  C:\Users\Aasman\AppData\Local\Temp\cc6pxC2h.s 			page 36


 1361              		.file 13 "c:\\program files (x86)\\gnu tools arm embedded\\7 2017-q4-major\\lib\\gcc\\arm-none-eab
 1362              		.file 14 "c:\\program files (x86)\\gnu tools arm embedded\\7 2017-q4-major\\arm-none-eabi\\include
 1363              		.file 15 "Core/Inc/tim.h"
 1364              		.file 16 "Drivers/STM32F4xx_HAL_Driver/Inc/stm32f4xx_hal_cortex.h"
 1365              		.file 17 "Drivers/STM32F4xx_HAL_Driver/Inc/stm32f4xx_hal_tim_ex.h"
 1366              		.file 18 "Core/Inc/main.h"
 1367              		.file 19 "<built-in>"
ARM GAS  C:\Users\Aasman\AppData\Local\Temp\cc6pxC2h.s 			page 37


DEFINED SYMBOLS
                            *ABS*:00000000 tim.c
C:\Users\Aasman\AppData\Local\Temp\cc6pxC2h.s:18     .text.MX_TIM1_Init:00000000 $t
C:\Users\Aasman\AppData\Local\Temp\cc6pxC2h.s:25     .text.MX_TIM1_Init:00000000 MX_TIM1_Init
C:\Users\Aasman\AppData\Local\Temp\cc6pxC2h.s:114    .text.MX_TIM1_Init:0000005c $d
                            *COM*:00000040 htim1
C:\Users\Aasman\AppData\Local\Temp\cc6pxC2h.s:120    .text.MX_TIM2_Init:00000000 $t
C:\Users\Aasman\AppData\Local\Temp\cc6pxC2h.s:127    .text.MX_TIM2_Init:00000000 MX_TIM2_Init
C:\Users\Aasman\AppData\Local\Temp\cc6pxC2h.s:213    .text.MX_TIM2_Init:0000005c $d
                            *COM*:00000040 htim2
C:\Users\Aasman\AppData\Local\Temp\cc6pxC2h.s:218    .text.MX_TIM3_Init:00000000 $t
C:\Users\Aasman\AppData\Local\Temp\cc6pxC2h.s:225    .text.MX_TIM3_Init:00000000 MX_TIM3_Init
C:\Users\Aasman\AppData\Local\Temp\cc6pxC2h.s:311    .text.MX_TIM3_Init:0000005c $d
                            *COM*:00000040 htim3
C:\Users\Aasman\AppData\Local\Temp\cc6pxC2h.s:317    .text.MX_TIM4_Init:00000000 $t
C:\Users\Aasman\AppData\Local\Temp\cc6pxC2h.s:324    .text.MX_TIM4_Init:00000000 MX_TIM4_Init
C:\Users\Aasman\AppData\Local\Temp\cc6pxC2h.s:410    .text.MX_TIM4_Init:0000005c $d
                            *COM*:00000040 htim4
C:\Users\Aasman\AppData\Local\Temp\cc6pxC2h.s:416    .text.HAL_TIM_Encoder_MspInit:00000000 $t
C:\Users\Aasman\AppData\Local\Temp\cc6pxC2h.s:423    .text.HAL_TIM_Encoder_MspInit:00000000 HAL_TIM_Encoder_MspInit
C:\Users\Aasman\AppData\Local\Temp\cc6pxC2h.s:778    .text.HAL_TIM_Encoder_MspInit:0000020c $d
C:\Users\Aasman\AppData\Local\Temp\cc6pxC2h.s:789    .text.HAL_TIM_PWM_MspInit:00000000 $t
C:\Users\Aasman\AppData\Local\Temp\cc6pxC2h.s:796    .text.HAL_TIM_PWM_MspInit:00000000 HAL_TIM_PWM_MspInit
C:\Users\Aasman\AppData\Local\Temp\cc6pxC2h.s:850    .text.HAL_TIM_PWM_MspInit:0000003c $d
C:\Users\Aasman\AppData\Local\Temp\cc6pxC2h.s:855    .text.HAL_TIM_MspPostInit:00000000 $t
C:\Users\Aasman\AppData\Local\Temp\cc6pxC2h.s:862    .text.HAL_TIM_MspPostInit:00000000 HAL_TIM_MspPostInit
C:\Users\Aasman\AppData\Local\Temp\cc6pxC2h.s:935    .text.HAL_TIM_MspPostInit:00000054 $d
C:\Users\Aasman\AppData\Local\Temp\cc6pxC2h.s:941    .text.MX_TIM8_Init:00000000 $t
C:\Users\Aasman\AppData\Local\Temp\cc6pxC2h.s:948    .text.MX_TIM8_Init:00000000 MX_TIM8_Init
C:\Users\Aasman\AppData\Local\Temp\cc6pxC2h.s:1139   .text.MX_TIM8_Init:000000e8 $d
                            *COM*:00000040 htim8
C:\Users\Aasman\AppData\Local\Temp\cc6pxC2h.s:1145   .text.HAL_TIM_Encoder_MspDeInit:00000000 $t
C:\Users\Aasman\AppData\Local\Temp\cc6pxC2h.s:1152   .text.HAL_TIM_Encoder_MspDeInit:00000000 HAL_TIM_Encoder_MspDeInit
C:\Users\Aasman\AppData\Local\Temp\cc6pxC2h.s:1282   .text.HAL_TIM_Encoder_MspDeInit:000000b4 $d
C:\Users\Aasman\AppData\Local\Temp\cc6pxC2h.s:1293   .text.HAL_TIM_PWM_MspDeInit:00000000 $t
C:\Users\Aasman\AppData\Local\Temp\cc6pxC2h.s:1300   .text.HAL_TIM_PWM_MspDeInit:00000000 HAL_TIM_PWM_MspDeInit
C:\Users\Aasman\AppData\Local\Temp\cc6pxC2h.s:1338   .text.HAL_TIM_PWM_MspDeInit:00000020 $d

UNDEFINED SYMBOLS
memset
HAL_TIM_Encoder_Init
HAL_TIMEx_MasterConfigSynchronization
Error_Handler
HAL_GPIO_Init
HAL_NVIC_SetPriority
HAL_NVIC_EnableIRQ
HAL_TIM_PWM_Init
HAL_TIM_PWM_ConfigChannel
HAL_TIMEx_ConfigBreakDeadTime
HAL_GPIO_DeInit
HAL_NVIC_DisableIRQ
