ARM GAS  C:\Users\one\AppData\Local\Temp\ccDYEwCs.s 			page 1


   1              		.cpu cortex-m4
   2              		.eabi_attribute 27, 1
   3              		.eabi_attribute 28, 1
   4              		.eabi_attribute 20, 1
   5              		.eabi_attribute 21, 1
   6              		.eabi_attribute 23, 3
   7              		.eabi_attribute 24, 1
   8              		.eabi_attribute 25, 1
   9              		.eabi_attribute 26, 1
  10              		.eabi_attribute 30, 1
  11              		.eabi_attribute 34, 1
  12              		.eabi_attribute 18, 4
  13              		.file	"usart.c"
  14              		.text
  15              	.Ltext0:
  16              		.cfi_sections	.debug_frame
  17              		.section	.text.MX_UART4_Init,"ax",%progbits
  18              		.align	1
  19              		.global	MX_UART4_Init
  20              		.arch armv7e-m
  21              		.syntax unified
  22              		.thumb
  23              		.thumb_func
  24              		.fpu fpv4-sp-d16
  26              	MX_UART4_Init:
  27              	.LFB133:
  28              		.file 1 "Core/Src/usart.c"
   1:Core/Src/usart.c **** /**
   2:Core/Src/usart.c ****   ******************************************************************************
   3:Core/Src/usart.c ****   * File Name          : USART.c
   4:Core/Src/usart.c ****   * Description        : This file provides code for the configuration
   5:Core/Src/usart.c ****   *                      of the USART instances.
   6:Core/Src/usart.c ****   ******************************************************************************
   7:Core/Src/usart.c ****   * @attention
   8:Core/Src/usart.c ****   *
   9:Core/Src/usart.c ****   * <h2><center>&copy; Copyright (c) 2019 STMicroelectronics.
  10:Core/Src/usart.c ****   * All rights reserved.</center></h2>
  11:Core/Src/usart.c ****   *
  12:Core/Src/usart.c ****   * This software component is licensed by ST under BSD 3-Clause license,
  13:Core/Src/usart.c ****   * the "License"; You may not use this file except in compliance with the
  14:Core/Src/usart.c ****   * License. You may obtain a copy of the License at:
  15:Core/Src/usart.c ****   *                        opensource.org/licenses/BSD-3-Clause
  16:Core/Src/usart.c ****   *
  17:Core/Src/usart.c ****   ******************************************************************************
  18:Core/Src/usart.c ****   */
  19:Core/Src/usart.c **** 
  20:Core/Src/usart.c **** /* Includes ------------------------------------------------------------------*/
  21:Core/Src/usart.c **** #include "usart.h"
  22:Core/Src/usart.c **** 
  23:Core/Src/usart.c **** /* USER CODE BEGIN 0 */
  24:Core/Src/usart.c **** 
  25:Core/Src/usart.c **** /* USER CODE END 0 */
  26:Core/Src/usart.c **** 
  27:Core/Src/usart.c **** UART_HandleTypeDef huart4;
  28:Core/Src/usart.c **** UART_HandleTypeDef huart2;
  29:Core/Src/usart.c **** 
  30:Core/Src/usart.c **** /* UART4 init function */
ARM GAS  C:\Users\one\AppData\Local\Temp\ccDYEwCs.s 			page 2


  31:Core/Src/usart.c **** void MX_UART4_Init(void)
  32:Core/Src/usart.c **** {
  29              		.loc 1 32 1 view -0
  30              		.cfi_startproc
  31              		@ args = 0, pretend = 0, frame = 0
  32              		@ frame_needed = 0, uses_anonymous_args = 0
  33 0000 08B5     		push	{r3, lr}
  34              	.LCFI0:
  35              		.cfi_def_cfa_offset 8
  36              		.cfi_offset 3, -8
  37              		.cfi_offset 14, -4
  33:Core/Src/usart.c **** 
  34:Core/Src/usart.c ****   huart4.Instance = UART4;
  38              		.loc 1 34 3 view .LVU1
  39              		.loc 1 34 19 is_stmt 0 view .LVU2
  40 0002 0A48     		ldr	r0, .L5
  41 0004 0A4B     		ldr	r3, .L5+4
  42 0006 0360     		str	r3, [r0]
  35:Core/Src/usart.c ****   huart4.Init.BaudRate = 115200;
  43              		.loc 1 35 3 is_stmt 1 view .LVU3
  44              		.loc 1 35 24 is_stmt 0 view .LVU4
  45 0008 4FF4E133 		mov	r3, #115200
  46 000c 4360     		str	r3, [r0, #4]
  36:Core/Src/usart.c ****   huart4.Init.WordLength = UART_WORDLENGTH_8B;
  47              		.loc 1 36 3 is_stmt 1 view .LVU5
  48              		.loc 1 36 26 is_stmt 0 view .LVU6
  49 000e 0023     		movs	r3, #0
  50 0010 8360     		str	r3, [r0, #8]
  37:Core/Src/usart.c ****   huart4.Init.StopBits = UART_STOPBITS_1;
  51              		.loc 1 37 3 is_stmt 1 view .LVU7
  52              		.loc 1 37 24 is_stmt 0 view .LVU8
  53 0012 C360     		str	r3, [r0, #12]
  38:Core/Src/usart.c ****   huart4.Init.Parity = UART_PARITY_NONE;
  54              		.loc 1 38 3 is_stmt 1 view .LVU9
  55              		.loc 1 38 22 is_stmt 0 view .LVU10
  56 0014 0361     		str	r3, [r0, #16]
  39:Core/Src/usart.c ****   huart4.Init.Mode = UART_MODE_TX_RX;
  57              		.loc 1 39 3 is_stmt 1 view .LVU11
  58              		.loc 1 39 20 is_stmt 0 view .LVU12
  59 0016 0C22     		movs	r2, #12
  60 0018 4261     		str	r2, [r0, #20]
  40:Core/Src/usart.c ****   huart4.Init.HwFlowCtl = UART_HWCONTROL_NONE;
  61              		.loc 1 40 3 is_stmt 1 view .LVU13
  62              		.loc 1 40 25 is_stmt 0 view .LVU14
  63 001a 8361     		str	r3, [r0, #24]
  41:Core/Src/usart.c ****   huart4.Init.OverSampling = UART_OVERSAMPLING_16;
  64              		.loc 1 41 3 is_stmt 1 view .LVU15
  65              		.loc 1 41 28 is_stmt 0 view .LVU16
  66 001c C361     		str	r3, [r0, #28]
  42:Core/Src/usart.c ****   if (HAL_UART_Init(&huart4) != HAL_OK)
  67              		.loc 1 42 3 is_stmt 1 view .LVU17
  68              		.loc 1 42 7 is_stmt 0 view .LVU18
  69 001e FFF7FEFF 		bl	HAL_UART_Init
  70              	.LVL0:
  71              		.loc 1 42 6 view .LVU19
  72 0022 00B9     		cbnz	r0, .L4
  73              	.L1:
ARM GAS  C:\Users\one\AppData\Local\Temp\ccDYEwCs.s 			page 3


  43:Core/Src/usart.c ****   {
  44:Core/Src/usart.c ****     Error_Handler();
  45:Core/Src/usart.c ****   }
  46:Core/Src/usart.c **** 
  47:Core/Src/usart.c **** }
  74              		.loc 1 47 1 view .LVU20
  75 0024 08BD     		pop	{r3, pc}
  76              	.L4:
  44:Core/Src/usart.c ****   }
  77              		.loc 1 44 5 is_stmt 1 view .LVU21
  78 0026 FFF7FEFF 		bl	Error_Handler
  79              	.LVL1:
  80              		.loc 1 47 1 is_stmt 0 view .LVU22
  81 002a FBE7     		b	.L1
  82              	.L6:
  83              		.align	2
  84              	.L5:
  85 002c 00000000 		.word	huart4
  86 0030 004C0040 		.word	1073761280
  87              		.cfi_endproc
  88              	.LFE133:
  90              		.section	.text.MX_USART2_UART_Init,"ax",%progbits
  91              		.align	1
  92              		.global	MX_USART2_UART_Init
  93              		.syntax unified
  94              		.thumb
  95              		.thumb_func
  96              		.fpu fpv4-sp-d16
  98              	MX_USART2_UART_Init:
  99              	.LFB134:
  48:Core/Src/usart.c **** /* USART2 init function */
  49:Core/Src/usart.c **** 
  50:Core/Src/usart.c **** void MX_USART2_UART_Init(void)
  51:Core/Src/usart.c **** {
 100              		.loc 1 51 1 is_stmt 1 view -0
 101              		.cfi_startproc
 102              		@ args = 0, pretend = 0, frame = 0
 103              		@ frame_needed = 0, uses_anonymous_args = 0
 104 0000 08B5     		push	{r3, lr}
 105              	.LCFI1:
 106              		.cfi_def_cfa_offset 8
 107              		.cfi_offset 3, -8
 108              		.cfi_offset 14, -4
  52:Core/Src/usart.c **** 
  53:Core/Src/usart.c ****   huart2.Instance = USART2;
 109              		.loc 1 53 3 view .LVU24
 110              		.loc 1 53 19 is_stmt 0 view .LVU25
 111 0002 0A48     		ldr	r0, .L11
 112 0004 0A4B     		ldr	r3, .L11+4
 113 0006 0360     		str	r3, [r0]
  54:Core/Src/usart.c ****   huart2.Init.BaudRate = 115200;
 114              		.loc 1 54 3 is_stmt 1 view .LVU26
 115              		.loc 1 54 24 is_stmt 0 view .LVU27
 116 0008 4FF4E133 		mov	r3, #115200
 117 000c 4360     		str	r3, [r0, #4]
  55:Core/Src/usart.c ****   huart2.Init.WordLength = UART_WORDLENGTH_8B;
 118              		.loc 1 55 3 is_stmt 1 view .LVU28
ARM GAS  C:\Users\one\AppData\Local\Temp\ccDYEwCs.s 			page 4


 119              		.loc 1 55 26 is_stmt 0 view .LVU29
 120 000e 0023     		movs	r3, #0
 121 0010 8360     		str	r3, [r0, #8]
  56:Core/Src/usart.c ****   huart2.Init.StopBits = UART_STOPBITS_1;
 122              		.loc 1 56 3 is_stmt 1 view .LVU30
 123              		.loc 1 56 24 is_stmt 0 view .LVU31
 124 0012 C360     		str	r3, [r0, #12]
  57:Core/Src/usart.c ****   huart2.Init.Parity = UART_PARITY_NONE;
 125              		.loc 1 57 3 is_stmt 1 view .LVU32
 126              		.loc 1 57 22 is_stmt 0 view .LVU33
 127 0014 0361     		str	r3, [r0, #16]
  58:Core/Src/usart.c ****   huart2.Init.Mode = UART_MODE_TX_RX;
 128              		.loc 1 58 3 is_stmt 1 view .LVU34
 129              		.loc 1 58 20 is_stmt 0 view .LVU35
 130 0016 0C22     		movs	r2, #12
 131 0018 4261     		str	r2, [r0, #20]
  59:Core/Src/usart.c ****   huart2.Init.HwFlowCtl = UART_HWCONTROL_NONE;
 132              		.loc 1 59 3 is_stmt 1 view .LVU36
 133              		.loc 1 59 25 is_stmt 0 view .LVU37
 134 001a 8361     		str	r3, [r0, #24]
  60:Core/Src/usart.c ****   huart2.Init.OverSampling = UART_OVERSAMPLING_16;
 135              		.loc 1 60 3 is_stmt 1 view .LVU38
 136              		.loc 1 60 28 is_stmt 0 view .LVU39
 137 001c C361     		str	r3, [r0, #28]
  61:Core/Src/usart.c ****   if (HAL_UART_Init(&huart2) != HAL_OK)
 138              		.loc 1 61 3 is_stmt 1 view .LVU40
 139              		.loc 1 61 7 is_stmt 0 view .LVU41
 140 001e FFF7FEFF 		bl	HAL_UART_Init
 141              	.LVL2:
 142              		.loc 1 61 6 view .LVU42
 143 0022 00B9     		cbnz	r0, .L10
 144              	.L7:
  62:Core/Src/usart.c ****   {
  63:Core/Src/usart.c ****     Error_Handler();
  64:Core/Src/usart.c ****   }
  65:Core/Src/usart.c **** 
  66:Core/Src/usart.c **** }
 145              		.loc 1 66 1 view .LVU43
 146 0024 08BD     		pop	{r3, pc}
 147              	.L10:
  63:Core/Src/usart.c ****   }
 148              		.loc 1 63 5 is_stmt 1 view .LVU44
 149 0026 FFF7FEFF 		bl	Error_Handler
 150              	.LVL3:
 151              		.loc 1 66 1 is_stmt 0 view .LVU45
 152 002a FBE7     		b	.L7
 153              	.L12:
 154              		.align	2
 155              	.L11:
 156 002c 00000000 		.word	huart2
 157 0030 00440040 		.word	1073759232
 158              		.cfi_endproc
 159              	.LFE134:
 161              		.section	.text.HAL_UART_MspInit,"ax",%progbits
 162              		.align	1
 163              		.global	HAL_UART_MspInit
 164              		.syntax unified
ARM GAS  C:\Users\one\AppData\Local\Temp\ccDYEwCs.s 			page 5


 165              		.thumb
 166              		.thumb_func
 167              		.fpu fpv4-sp-d16
 169              	HAL_UART_MspInit:
 170              	.LVL4:
 171              	.LFB135:
  67:Core/Src/usart.c **** 
  68:Core/Src/usart.c **** void HAL_UART_MspInit(UART_HandleTypeDef* uartHandle)
  69:Core/Src/usart.c **** {
 172              		.loc 1 69 1 is_stmt 1 view -0
 173              		.cfi_startproc
 174              		@ args = 0, pretend = 0, frame = 40
 175              		@ frame_needed = 0, uses_anonymous_args = 0
 176              		.loc 1 69 1 is_stmt 0 view .LVU47
 177 0000 10B5     		push	{r4, lr}
 178              	.LCFI2:
 179              		.cfi_def_cfa_offset 8
 180              		.cfi_offset 4, -8
 181              		.cfi_offset 14, -4
 182 0002 8AB0     		sub	sp, sp, #40
 183              	.LCFI3:
 184              		.cfi_def_cfa_offset 48
  70:Core/Src/usart.c **** 
  71:Core/Src/usart.c ****   GPIO_InitTypeDef GPIO_InitStruct = {0};
 185              		.loc 1 71 3 is_stmt 1 view .LVU48
 186              		.loc 1 71 20 is_stmt 0 view .LVU49
 187 0004 0023     		movs	r3, #0
 188 0006 0593     		str	r3, [sp, #20]
 189 0008 0693     		str	r3, [sp, #24]
 190 000a 0793     		str	r3, [sp, #28]
 191 000c 0893     		str	r3, [sp, #32]
 192 000e 0993     		str	r3, [sp, #36]
  72:Core/Src/usart.c ****   if(uartHandle->Instance==UART4)
 193              		.loc 1 72 3 is_stmt 1 view .LVU50
 194              		.loc 1 72 16 is_stmt 0 view .LVU51
 195 0010 0368     		ldr	r3, [r0]
 196              		.loc 1 72 5 view .LVU52
 197 0012 2D4A     		ldr	r2, .L19
 198 0014 9342     		cmp	r3, r2
 199 0016 04D0     		beq	.L17
  73:Core/Src/usart.c ****   {
  74:Core/Src/usart.c ****   /* USER CODE BEGIN UART4_MspInit 0 */
  75:Core/Src/usart.c **** 
  76:Core/Src/usart.c ****   /* USER CODE END UART4_MspInit 0 */
  77:Core/Src/usart.c ****     /* UART4 clock enable */
  78:Core/Src/usart.c ****     __HAL_RCC_UART4_CLK_ENABLE();
  79:Core/Src/usart.c ****   
  80:Core/Src/usart.c ****     __HAL_RCC_GPIOC_CLK_ENABLE();
  81:Core/Src/usart.c ****     /**UART4 GPIO Configuration    
  82:Core/Src/usart.c ****     PC10     ------> UART4_TX
  83:Core/Src/usart.c ****     PC11     ------> UART4_RX 
  84:Core/Src/usart.c ****     */
  85:Core/Src/usart.c ****     GPIO_InitStruct.Pin = GPIO_PIN_10|GPIO_PIN_11;
  86:Core/Src/usart.c ****     GPIO_InitStruct.Mode = GPIO_MODE_AF_PP;
  87:Core/Src/usart.c ****     GPIO_InitStruct.Pull = GPIO_PULLUP;
  88:Core/Src/usart.c ****     GPIO_InitStruct.Speed = GPIO_SPEED_FREQ_VERY_HIGH;
  89:Core/Src/usart.c ****     GPIO_InitStruct.Alternate = GPIO_AF8_UART4;
ARM GAS  C:\Users\one\AppData\Local\Temp\ccDYEwCs.s 			page 6


  90:Core/Src/usart.c ****     HAL_GPIO_Init(GPIOC, &GPIO_InitStruct);
  91:Core/Src/usart.c **** 
  92:Core/Src/usart.c ****   /* USER CODE BEGIN UART4_MspInit 1 */
  93:Core/Src/usart.c **** 
  94:Core/Src/usart.c ****   /* USER CODE END UART4_MspInit 1 */
  95:Core/Src/usart.c ****   }
  96:Core/Src/usart.c ****   else if(uartHandle->Instance==USART2)
 200              		.loc 1 96 8 is_stmt 1 view .LVU53
 201              		.loc 1 96 10 is_stmt 0 view .LVU54
 202 0018 2C4A     		ldr	r2, .L19+4
 203 001a 9342     		cmp	r3, r2
 204 001c 27D0     		beq	.L18
 205              	.LVL5:
 206              	.L13:
  97:Core/Src/usart.c ****   {
  98:Core/Src/usart.c ****   /* USER CODE BEGIN USART2_MspInit 0 */
  99:Core/Src/usart.c **** 
 100:Core/Src/usart.c ****   /* USER CODE END USART2_MspInit 0 */
 101:Core/Src/usart.c ****     /* USART2 clock enable */
 102:Core/Src/usart.c ****     __HAL_RCC_USART2_CLK_ENABLE();
 103:Core/Src/usart.c ****   
 104:Core/Src/usart.c ****     __HAL_RCC_GPIOD_CLK_ENABLE();
 105:Core/Src/usart.c ****     /**USART2 GPIO Configuration    
 106:Core/Src/usart.c ****     PD5     ------> USART2_TX
 107:Core/Src/usart.c ****     PD6     ------> USART2_RX 
 108:Core/Src/usart.c ****     */
 109:Core/Src/usart.c ****     GPIO_InitStruct.Pin = GPIO_PIN_5|GPIO_PIN_6;
 110:Core/Src/usart.c ****     GPIO_InitStruct.Mode = GPIO_MODE_AF_PP;
 111:Core/Src/usart.c ****     GPIO_InitStruct.Pull = GPIO_PULLUP;
 112:Core/Src/usart.c ****     GPIO_InitStruct.Speed = GPIO_SPEED_FREQ_VERY_HIGH;
 113:Core/Src/usart.c ****     GPIO_InitStruct.Alternate = GPIO_AF7_USART2;
 114:Core/Src/usart.c ****     HAL_GPIO_Init(GPIOD, &GPIO_InitStruct);
 115:Core/Src/usart.c **** 
 116:Core/Src/usart.c ****     /* USART2 interrupt Init */
 117:Core/Src/usart.c ****     HAL_NVIC_SetPriority(USART2_IRQn, 0, 0);
 118:Core/Src/usart.c ****     HAL_NVIC_EnableIRQ(USART2_IRQn);
 119:Core/Src/usart.c ****   /* USER CODE BEGIN USART2_MspInit 1 */
 120:Core/Src/usart.c **** 
 121:Core/Src/usart.c ****   /* USER CODE END USART2_MspInit 1 */
 122:Core/Src/usart.c ****   }
 123:Core/Src/usart.c **** }
 207              		.loc 1 123 1 view .LVU55
 208 001e 0AB0     		add	sp, sp, #40
 209              	.LCFI4:
 210              		.cfi_remember_state
 211              		.cfi_def_cfa_offset 8
 212              		@ sp needed
 213 0020 10BD     		pop	{r4, pc}
 214              	.LVL6:
 215              	.L17:
 216              	.LCFI5:
 217              		.cfi_restore_state
  78:Core/Src/usart.c ****   
 218              		.loc 1 78 5 is_stmt 1 view .LVU56
 219              	.LBB2:
  78:Core/Src/usart.c ****   
 220              		.loc 1 78 5 view .LVU57
ARM GAS  C:\Users\one\AppData\Local\Temp\ccDYEwCs.s 			page 7


 221 0022 0021     		movs	r1, #0
 222 0024 0191     		str	r1, [sp, #4]
  78:Core/Src/usart.c ****   
 223              		.loc 1 78 5 view .LVU58
 224 0026 2A4B     		ldr	r3, .L19+8
 225 0028 1A6C     		ldr	r2, [r3, #64]
 226 002a 42F40022 		orr	r2, r2, #524288
 227 002e 1A64     		str	r2, [r3, #64]
  78:Core/Src/usart.c ****   
 228              		.loc 1 78 5 view .LVU59
 229 0030 1A6C     		ldr	r2, [r3, #64]
 230 0032 02F40022 		and	r2, r2, #524288
 231 0036 0192     		str	r2, [sp, #4]
  78:Core/Src/usart.c ****   
 232              		.loc 1 78 5 view .LVU60
 233 0038 019A     		ldr	r2, [sp, #4]
 234              	.LBE2:
  78:Core/Src/usart.c ****   
 235              		.loc 1 78 5 view .LVU61
  80:Core/Src/usart.c ****     /**UART4 GPIO Configuration    
 236              		.loc 1 80 5 view .LVU62
 237              	.LBB3:
  80:Core/Src/usart.c ****     /**UART4 GPIO Configuration    
 238              		.loc 1 80 5 view .LVU63
 239 003a 0291     		str	r1, [sp, #8]
  80:Core/Src/usart.c ****     /**UART4 GPIO Configuration    
 240              		.loc 1 80 5 view .LVU64
 241 003c 1A6B     		ldr	r2, [r3, #48]
 242 003e 42F00402 		orr	r2, r2, #4
 243 0042 1A63     		str	r2, [r3, #48]
  80:Core/Src/usart.c ****     /**UART4 GPIO Configuration    
 244              		.loc 1 80 5 view .LVU65
 245 0044 1B6B     		ldr	r3, [r3, #48]
 246 0046 03F00403 		and	r3, r3, #4
 247 004a 0293     		str	r3, [sp, #8]
  80:Core/Src/usart.c ****     /**UART4 GPIO Configuration    
 248              		.loc 1 80 5 view .LVU66
 249 004c 029B     		ldr	r3, [sp, #8]
 250              	.LBE3:
  80:Core/Src/usart.c ****     /**UART4 GPIO Configuration    
 251              		.loc 1 80 5 view .LVU67
  85:Core/Src/usart.c ****     GPIO_InitStruct.Mode = GPIO_MODE_AF_PP;
 252              		.loc 1 85 5 view .LVU68
  85:Core/Src/usart.c ****     GPIO_InitStruct.Mode = GPIO_MODE_AF_PP;
 253              		.loc 1 85 25 is_stmt 0 view .LVU69
 254 004e 4FF44063 		mov	r3, #3072
 255 0052 0593     		str	r3, [sp, #20]
  86:Core/Src/usart.c ****     GPIO_InitStruct.Pull = GPIO_PULLUP;
 256              		.loc 1 86 5 is_stmt 1 view .LVU70
  86:Core/Src/usart.c ****     GPIO_InitStruct.Pull = GPIO_PULLUP;
 257              		.loc 1 86 26 is_stmt 0 view .LVU71
 258 0054 0223     		movs	r3, #2
 259 0056 0693     		str	r3, [sp, #24]
  87:Core/Src/usart.c ****     GPIO_InitStruct.Speed = GPIO_SPEED_FREQ_VERY_HIGH;
 260              		.loc 1 87 5 is_stmt 1 view .LVU72
  87:Core/Src/usart.c ****     GPIO_InitStruct.Speed = GPIO_SPEED_FREQ_VERY_HIGH;
 261              		.loc 1 87 26 is_stmt 0 view .LVU73
ARM GAS  C:\Users\one\AppData\Local\Temp\ccDYEwCs.s 			page 8


 262 0058 0123     		movs	r3, #1
 263 005a 0793     		str	r3, [sp, #28]
  88:Core/Src/usart.c ****     GPIO_InitStruct.Alternate = GPIO_AF8_UART4;
 264              		.loc 1 88 5 is_stmt 1 view .LVU74
  88:Core/Src/usart.c ****     GPIO_InitStruct.Alternate = GPIO_AF8_UART4;
 265              		.loc 1 88 27 is_stmt 0 view .LVU75
 266 005c 0323     		movs	r3, #3
 267 005e 0893     		str	r3, [sp, #32]
  89:Core/Src/usart.c ****     HAL_GPIO_Init(GPIOC, &GPIO_InitStruct);
 268              		.loc 1 89 5 is_stmt 1 view .LVU76
  89:Core/Src/usart.c ****     HAL_GPIO_Init(GPIOC, &GPIO_InitStruct);
 269              		.loc 1 89 31 is_stmt 0 view .LVU77
 270 0060 0823     		movs	r3, #8
 271 0062 0993     		str	r3, [sp, #36]
  90:Core/Src/usart.c **** 
 272              		.loc 1 90 5 is_stmt 1 view .LVU78
 273 0064 05A9     		add	r1, sp, #20
 274 0066 1B48     		ldr	r0, .L19+12
 275              	.LVL7:
  90:Core/Src/usart.c **** 
 276              		.loc 1 90 5 is_stmt 0 view .LVU79
 277 0068 FFF7FEFF 		bl	HAL_GPIO_Init
 278              	.LVL8:
 279 006c D7E7     		b	.L13
 280              	.LVL9:
 281              	.L18:
 102:Core/Src/usart.c ****   
 282              		.loc 1 102 5 is_stmt 1 view .LVU80
 283              	.LBB4:
 102:Core/Src/usart.c ****   
 284              		.loc 1 102 5 view .LVU81
 285 006e 0024     		movs	r4, #0
 286 0070 0394     		str	r4, [sp, #12]
 102:Core/Src/usart.c ****   
 287              		.loc 1 102 5 view .LVU82
 288 0072 174B     		ldr	r3, .L19+8
 289 0074 1A6C     		ldr	r2, [r3, #64]
 290 0076 42F40032 		orr	r2, r2, #131072
 291 007a 1A64     		str	r2, [r3, #64]
 102:Core/Src/usart.c ****   
 292              		.loc 1 102 5 view .LVU83
 293 007c 1A6C     		ldr	r2, [r3, #64]
 294 007e 02F40032 		and	r2, r2, #131072
 295 0082 0392     		str	r2, [sp, #12]
 102:Core/Src/usart.c ****   
 296              		.loc 1 102 5 view .LVU84
 297 0084 039A     		ldr	r2, [sp, #12]
 298              	.LBE4:
 102:Core/Src/usart.c ****   
 299              		.loc 1 102 5 view .LVU85
 104:Core/Src/usart.c ****     /**USART2 GPIO Configuration    
 300              		.loc 1 104 5 view .LVU86
 301              	.LBB5:
 104:Core/Src/usart.c ****     /**USART2 GPIO Configuration    
 302              		.loc 1 104 5 view .LVU87
 303 0086 0494     		str	r4, [sp, #16]
 104:Core/Src/usart.c ****     /**USART2 GPIO Configuration    
ARM GAS  C:\Users\one\AppData\Local\Temp\ccDYEwCs.s 			page 9


 304              		.loc 1 104 5 view .LVU88
 305 0088 1A6B     		ldr	r2, [r3, #48]
 306 008a 42F00802 		orr	r2, r2, #8
 307 008e 1A63     		str	r2, [r3, #48]
 104:Core/Src/usart.c ****     /**USART2 GPIO Configuration    
 308              		.loc 1 104 5 view .LVU89
 309 0090 1B6B     		ldr	r3, [r3, #48]
 310 0092 03F00803 		and	r3, r3, #8
 311 0096 0493     		str	r3, [sp, #16]
 104:Core/Src/usart.c ****     /**USART2 GPIO Configuration    
 312              		.loc 1 104 5 view .LVU90
 313 0098 049B     		ldr	r3, [sp, #16]
 314              	.LBE5:
 104:Core/Src/usart.c ****     /**USART2 GPIO Configuration    
 315              		.loc 1 104 5 view .LVU91
 109:Core/Src/usart.c ****     GPIO_InitStruct.Mode = GPIO_MODE_AF_PP;
 316              		.loc 1 109 5 view .LVU92
 109:Core/Src/usart.c ****     GPIO_InitStruct.Mode = GPIO_MODE_AF_PP;
 317              		.loc 1 109 25 is_stmt 0 view .LVU93
 318 009a 6023     		movs	r3, #96
 319 009c 0593     		str	r3, [sp, #20]
 110:Core/Src/usart.c ****     GPIO_InitStruct.Pull = GPIO_PULLUP;
 320              		.loc 1 110 5 is_stmt 1 view .LVU94
 110:Core/Src/usart.c ****     GPIO_InitStruct.Pull = GPIO_PULLUP;
 321              		.loc 1 110 26 is_stmt 0 view .LVU95
 322 009e 0223     		movs	r3, #2
 323 00a0 0693     		str	r3, [sp, #24]
 111:Core/Src/usart.c ****     GPIO_InitStruct.Speed = GPIO_SPEED_FREQ_VERY_HIGH;
 324              		.loc 1 111 5 is_stmt 1 view .LVU96
 111:Core/Src/usart.c ****     GPIO_InitStruct.Speed = GPIO_SPEED_FREQ_VERY_HIGH;
 325              		.loc 1 111 26 is_stmt 0 view .LVU97
 326 00a2 0123     		movs	r3, #1
 327 00a4 0793     		str	r3, [sp, #28]
 112:Core/Src/usart.c ****     GPIO_InitStruct.Alternate = GPIO_AF7_USART2;
 328              		.loc 1 112 5 is_stmt 1 view .LVU98
 112:Core/Src/usart.c ****     GPIO_InitStruct.Alternate = GPIO_AF7_USART2;
 329              		.loc 1 112 27 is_stmt 0 view .LVU99
 330 00a6 0323     		movs	r3, #3
 331 00a8 0893     		str	r3, [sp, #32]
 113:Core/Src/usart.c ****     HAL_GPIO_Init(GPIOD, &GPIO_InitStruct);
 332              		.loc 1 113 5 is_stmt 1 view .LVU100
 113:Core/Src/usart.c ****     HAL_GPIO_Init(GPIOD, &GPIO_InitStruct);
 333              		.loc 1 113 31 is_stmt 0 view .LVU101
 334 00aa 0723     		movs	r3, #7
 335 00ac 0993     		str	r3, [sp, #36]
 114:Core/Src/usart.c **** 
 336              		.loc 1 114 5 is_stmt 1 view .LVU102
 337 00ae 05A9     		add	r1, sp, #20
 338 00b0 0948     		ldr	r0, .L19+16
 339              	.LVL10:
 114:Core/Src/usart.c **** 
 340              		.loc 1 114 5 is_stmt 0 view .LVU103
 341 00b2 FFF7FEFF 		bl	HAL_GPIO_Init
 342              	.LVL11:
 117:Core/Src/usart.c ****     HAL_NVIC_EnableIRQ(USART2_IRQn);
 343              		.loc 1 117 5 is_stmt 1 view .LVU104
 344 00b6 2246     		mov	r2, r4
ARM GAS  C:\Users\one\AppData\Local\Temp\ccDYEwCs.s 			page 10


 345 00b8 2146     		mov	r1, r4
 346 00ba 2620     		movs	r0, #38
 347 00bc FFF7FEFF 		bl	HAL_NVIC_SetPriority
 348              	.LVL12:
 118:Core/Src/usart.c ****   /* USER CODE BEGIN USART2_MspInit 1 */
 349              		.loc 1 118 5 view .LVU105
 350 00c0 2620     		movs	r0, #38
 351 00c2 FFF7FEFF 		bl	HAL_NVIC_EnableIRQ
 352              	.LVL13:
 353              		.loc 1 123 1 is_stmt 0 view .LVU106
 354 00c6 AAE7     		b	.L13
 355              	.L20:
 356              		.align	2
 357              	.L19:
 358 00c8 004C0040 		.word	1073761280
 359 00cc 00440040 		.word	1073759232
 360 00d0 00380240 		.word	1073887232
 361 00d4 00080240 		.word	1073874944
 362 00d8 000C0240 		.word	1073875968
 363              		.cfi_endproc
 364              	.LFE135:
 366              		.section	.text.HAL_UART_MspDeInit,"ax",%progbits
 367              		.align	1
 368              		.global	HAL_UART_MspDeInit
 369              		.syntax unified
 370              		.thumb
 371              		.thumb_func
 372              		.fpu fpv4-sp-d16
 374              	HAL_UART_MspDeInit:
 375              	.LVL14:
 376              	.LFB136:
 124:Core/Src/usart.c **** 
 125:Core/Src/usart.c **** void HAL_UART_MspDeInit(UART_HandleTypeDef* uartHandle)
 126:Core/Src/usart.c **** {
 377              		.loc 1 126 1 is_stmt 1 view -0
 378              		.cfi_startproc
 379              		@ args = 0, pretend = 0, frame = 0
 380              		@ frame_needed = 0, uses_anonymous_args = 0
 381              		.loc 1 126 1 is_stmt 0 view .LVU108
 382 0000 08B5     		push	{r3, lr}
 383              	.LCFI6:
 384              		.cfi_def_cfa_offset 8
 385              		.cfi_offset 3, -8
 386              		.cfi_offset 14, -4
 127:Core/Src/usart.c **** 
 128:Core/Src/usart.c ****   if(uartHandle->Instance==UART4)
 387              		.loc 1 128 3 is_stmt 1 view .LVU109
 388              		.loc 1 128 16 is_stmt 0 view .LVU110
 389 0002 0368     		ldr	r3, [r0]
 390              		.loc 1 128 5 view .LVU111
 391 0004 104A     		ldr	r2, .L27
 392 0006 9342     		cmp	r3, r2
 393 0008 03D0     		beq	.L25
 129:Core/Src/usart.c ****   {
 130:Core/Src/usart.c ****   /* USER CODE BEGIN UART4_MspDeInit 0 */
 131:Core/Src/usart.c **** 
 132:Core/Src/usart.c ****   /* USER CODE END UART4_MspDeInit 0 */
ARM GAS  C:\Users\one\AppData\Local\Temp\ccDYEwCs.s 			page 11


 133:Core/Src/usart.c ****     /* Peripheral clock disable */
 134:Core/Src/usart.c ****     __HAL_RCC_UART4_CLK_DISABLE();
 135:Core/Src/usart.c ****   
 136:Core/Src/usart.c ****     /**UART4 GPIO Configuration    
 137:Core/Src/usart.c ****     PC10     ------> UART4_TX
 138:Core/Src/usart.c ****     PC11     ------> UART4_RX 
 139:Core/Src/usart.c ****     */
 140:Core/Src/usart.c ****     HAL_GPIO_DeInit(GPIOC, GPIO_PIN_10|GPIO_PIN_11);
 141:Core/Src/usart.c **** 
 142:Core/Src/usart.c ****   /* USER CODE BEGIN UART4_MspDeInit 1 */
 143:Core/Src/usart.c **** 
 144:Core/Src/usart.c ****   /* USER CODE END UART4_MspDeInit 1 */
 145:Core/Src/usart.c ****   }
 146:Core/Src/usart.c ****   else if(uartHandle->Instance==USART2)
 394              		.loc 1 146 8 is_stmt 1 view .LVU112
 395              		.loc 1 146 10 is_stmt 0 view .LVU113
 396 000a 104A     		ldr	r2, .L27+4
 397 000c 9342     		cmp	r3, r2
 398 000e 0CD0     		beq	.L26
 399              	.LVL15:
 400              	.L21:
 147:Core/Src/usart.c ****   {
 148:Core/Src/usart.c ****   /* USER CODE BEGIN USART2_MspDeInit 0 */
 149:Core/Src/usart.c **** 
 150:Core/Src/usart.c ****   /* USER CODE END USART2_MspDeInit 0 */
 151:Core/Src/usart.c ****     /* Peripheral clock disable */
 152:Core/Src/usart.c ****     __HAL_RCC_USART2_CLK_DISABLE();
 153:Core/Src/usart.c ****   
 154:Core/Src/usart.c ****     /**USART2 GPIO Configuration    
 155:Core/Src/usart.c ****     PD5     ------> USART2_TX
 156:Core/Src/usart.c ****     PD6     ------> USART2_RX 
 157:Core/Src/usart.c ****     */
 158:Core/Src/usart.c ****     HAL_GPIO_DeInit(GPIOD, GPIO_PIN_5|GPIO_PIN_6);
 159:Core/Src/usart.c **** 
 160:Core/Src/usart.c ****     /* USART2 interrupt Deinit */
 161:Core/Src/usart.c ****     HAL_NVIC_DisableIRQ(USART2_IRQn);
 162:Core/Src/usart.c ****   /* USER CODE BEGIN USART2_MspDeInit 1 */
 163:Core/Src/usart.c **** 
 164:Core/Src/usart.c ****   /* USER CODE END USART2_MspDeInit 1 */
 165:Core/Src/usart.c ****   }
 166:Core/Src/usart.c **** } 
 401              		.loc 1 166 1 view .LVU114
 402 0010 08BD     		pop	{r3, pc}
 403              	.LVL16:
 404              	.L25:
 134:Core/Src/usart.c ****   
 405              		.loc 1 134 5 is_stmt 1 view .LVU115
 406 0012 02F5F632 		add	r2, r2, #125952
 407 0016 136C     		ldr	r3, [r2, #64]
 408 0018 23F40023 		bic	r3, r3, #524288
 409 001c 1364     		str	r3, [r2, #64]
 140:Core/Src/usart.c **** 
 410              		.loc 1 140 5 view .LVU116
 411 001e 4FF44061 		mov	r1, #3072
 412 0022 0B48     		ldr	r0, .L27+8
 413              	.LVL17:
 140:Core/Src/usart.c **** 
ARM GAS  C:\Users\one\AppData\Local\Temp\ccDYEwCs.s 			page 12


 414              		.loc 1 140 5 is_stmt 0 view .LVU117
 415 0024 FFF7FEFF 		bl	HAL_GPIO_DeInit
 416              	.LVL18:
 417 0028 F2E7     		b	.L21
 418              	.LVL19:
 419              	.L26:
 152:Core/Src/usart.c ****   
 420              		.loc 1 152 5 is_stmt 1 view .LVU118
 421 002a 02F5FA32 		add	r2, r2, #128000
 422 002e 136C     		ldr	r3, [r2, #64]
 423 0030 23F40033 		bic	r3, r3, #131072
 424 0034 1364     		str	r3, [r2, #64]
 158:Core/Src/usart.c **** 
 425              		.loc 1 158 5 view .LVU119
 426 0036 6021     		movs	r1, #96
 427 0038 0648     		ldr	r0, .L27+12
 428              	.LVL20:
 158:Core/Src/usart.c **** 
 429              		.loc 1 158 5 is_stmt 0 view .LVU120
 430 003a FFF7FEFF 		bl	HAL_GPIO_DeInit
 431              	.LVL21:
 161:Core/Src/usart.c ****   /* USER CODE BEGIN USART2_MspDeInit 1 */
 432              		.loc 1 161 5 is_stmt 1 view .LVU121
 433 003e 2620     		movs	r0, #38
 434 0040 FFF7FEFF 		bl	HAL_NVIC_DisableIRQ
 435              	.LVL22:
 436              		.loc 1 166 1 is_stmt 0 view .LVU122
 437 0044 E4E7     		b	.L21
 438              	.L28:
 439 0046 00BF     		.align	2
 440              	.L27:
 441 0048 004C0040 		.word	1073761280
 442 004c 00440040 		.word	1073759232
 443 0050 00080240 		.word	1073874944
 444 0054 000C0240 		.word	1073875968
 445              		.cfi_endproc
 446              	.LFE136:
 448              		.comm	huart2,64,4
 449              		.comm	huart4,64,4
 450              		.text
 451              	.Letext0:
 452              		.file 2 "c:\\vsarm\\armcc\\arm-none-eabi\\include\\machine\\_default_types.h"
 453              		.file 3 "c:\\vsarm\\armcc\\arm-none-eabi\\include\\sys\\_stdint.h"
 454              		.file 4 "Drivers/CMSIS/Include/core_cm4.h"
 455              		.file 5 "Drivers/CMSIS/Device/ST/STM32F4xx/Include/system_stm32f4xx.h"
 456              		.file 6 "Drivers/CMSIS/Device/ST/STM32F4xx/Include/stm32f407xx.h"
 457              		.file 7 "Drivers/STM32F4xx_HAL_Driver/Inc/stm32f4xx_hal_def.h"
 458              		.file 8 "Drivers/STM32F4xx_HAL_Driver/Inc/stm32f4xx_hal_gpio.h"
 459              		.file 9 "Drivers/STM32F4xx_HAL_Driver/Inc/stm32f4xx_hal_dma.h"
 460              		.file 10 "Drivers/STM32F4xx_HAL_Driver/Inc/stm32f4xx_hal_uart.h"
 461              		.file 11 "c:\\vsarm\\armcc\\lib\\gcc\\arm-none-eabi\\9.3.1\\include\\stddef.h"
 462              		.file 12 "c:\\vsarm\\armcc\\arm-none-eabi\\include\\sys\\_types.h"
 463              		.file 13 "c:\\vsarm\\armcc\\arm-none-eabi\\include\\sys\\reent.h"
 464              		.file 14 "c:\\vsarm\\armcc\\arm-none-eabi\\include\\sys\\lock.h"
 465              		.file 15 "Core/Inc/usart.h"
 466              		.file 16 "Drivers/STM32F4xx_HAL_Driver/Inc/stm32f4xx_hal_cortex.h"
 467              		.file 17 "Core/Inc/main.h"
ARM GAS  C:\Users\one\AppData\Local\Temp\ccDYEwCs.s 			page 13


ARM GAS  C:\Users\one\AppData\Local\Temp\ccDYEwCs.s 			page 14


DEFINED SYMBOLS
                            *ABS*:00000000 usart.c
C:\Users\one\AppData\Local\Temp\ccDYEwCs.s:18     .text.MX_UART4_Init:00000000 $t
C:\Users\one\AppData\Local\Temp\ccDYEwCs.s:26     .text.MX_UART4_Init:00000000 MX_UART4_Init
C:\Users\one\AppData\Local\Temp\ccDYEwCs.s:85     .text.MX_UART4_Init:0000002c $d
                            *COM*:00000040 huart4
C:\Users\one\AppData\Local\Temp\ccDYEwCs.s:91     .text.MX_USART2_UART_Init:00000000 $t
C:\Users\one\AppData\Local\Temp\ccDYEwCs.s:98     .text.MX_USART2_UART_Init:00000000 MX_USART2_UART_Init
C:\Users\one\AppData\Local\Temp\ccDYEwCs.s:156    .text.MX_USART2_UART_Init:0000002c $d
                            *COM*:00000040 huart2
C:\Users\one\AppData\Local\Temp\ccDYEwCs.s:162    .text.HAL_UART_MspInit:00000000 $t
C:\Users\one\AppData\Local\Temp\ccDYEwCs.s:169    .text.HAL_UART_MspInit:00000000 HAL_UART_MspInit
C:\Users\one\AppData\Local\Temp\ccDYEwCs.s:358    .text.HAL_UART_MspInit:000000c8 $d
C:\Users\one\AppData\Local\Temp\ccDYEwCs.s:367    .text.HAL_UART_MspDeInit:00000000 $t
C:\Users\one\AppData\Local\Temp\ccDYEwCs.s:374    .text.HAL_UART_MspDeInit:00000000 HAL_UART_MspDeInit
C:\Users\one\AppData\Local\Temp\ccDYEwCs.s:441    .text.HAL_UART_MspDeInit:00000048 $d

UNDEFINED SYMBOLS
HAL_UART_Init
Error_Handler
HAL_GPIO_Init
HAL_NVIC_SetPriority
HAL_NVIC_EnableIRQ
HAL_GPIO_DeInit
HAL_NVIC_DisableIRQ
